# dmidecode 3.0
Getting SMBIOS data from sysfs.
SMBIOS 2.4 present.

Handle 0x0000, DMI type 0, 24 bytes
BIOS Information
	Vendor: LENOVO
	Version: 6FET92WW (3.22 )
	Release Date: 12/14/2011
	Address: 0xE0000
	Runtime Size: 128 kB
	ROM Size: 8192 kB
	Characteristics:
		PCI is supported
		PC Card (PCMCIA) is supported
		PNP is supported
		BIOS is upgradeable
		BIOS shadowing is allowed
		ESCD support is available
		Boot from CD is supported
		Selectable boot is supported
		BIOS ROM is socketed
		EDD is supported
		ACPI is supported
		USB legacy is supported
		BIOS boot specification is supported
		Targeted content distribution is supported
	BIOS Revision: 3.34
	Firmware Revision: 1.6

Handle 0x0001, DMI type 1, 27 bytes
System Information
	Manufacturer: LENOVO
	Product Name: 2241WU7
	Version: ThinkPad T500
	Serial Number: R83548C
	UUID: 51776081-5043-11CB-B4A8-B04B2BDE10F8
	Wake-up Type: Power Switch
	SKU Number: Not Specified
	Family: ThinkPad T500

