# dmidecode 3.0
Getting SMBIOS data from sysfs.
SMBIOS 2.6 present.

Handle 0x0007, DMI type 5, 20 bytes
Memory Controller Information
	Error Detecting Method: None
	Error Correcting Capabilities:
		None
	Supported Interleave: One-way Interleave
	Current Interleave: One-way Interleave
	Maximum Memory Module Size: 4096 MB
	Maximum Total Memory Size: 8192 MB
	Supported Speeds:
		Other
	Supported Memory Types:
		DIMM
		SDRAM
	Memory Module Voltage: 2.9 V
	Associated Memory Slots: 2
		0x0008
		0x0009
	Enabled Error Correcting Capabilities:
		Unknown

Handle 0x0008, DMI type 6, 12 bytes
Memory Module Information
	Socket Designation: DIMM Slot 1
	Bank Connections: 0 1
	Current Speed: 43 ns
	Type: DIMM SDRAM
	Installed Size: 4096 MB (Double-bank Connection)
	Enabled Size: 4096 MB (Double-bank Connection)
	Error Status: OK

Handle 0x0009, DMI type 6, 12 bytes
Memory Module Information
	Socket Designation: DIMM Slot 2
	Bank Connections: 2 3
	Current Speed: 43 ns
	Type: DIMM SDRAM
	Installed Size: Not Installed
	Enabled Size: Not Installed
	Error Status: OK

Handle 0x002A, DMI type 16, 15 bytes
Physical Memory Array
	Location: System Board Or Motherboard
	Use: System Memory
	Error Correction Type: None
	Maximum Capacity: 8 GB
	Error Information Handle: Not Provided
	Number Of Devices: 2

Handle 0x002B, DMI type 17, 28 bytes
Memory Device
	Array Handle: 0x002A
	Error Information Handle: No Error
	Total Width: 64 bits
	Data Width: 64 bits
	Size: 4096 MB
	Form Factor: SODIMM
	Set: None
	Locator: DIMM 1
	Bank Locator: Bank 0/1
	Type: DDR3
	Type Detail: Synchronous
	Speed: 1334 MHz
	Manufacturer: 80CE            
	Serial Number: 61A88650        
	Asset Tag: 1022
	Part Number: M471B5273CH0-CH9  
	Rank: Unknown

Handle 0x002C, DMI type 17, 28 bytes
Memory Device
	Array Handle: 0x002A
	Error Information Handle: No Error
	Total Width: Unknown
	Data Width: Unknown
	Size: No Module Installed
	Form Factor: SODIMM
	Set: None
	Locator: DIMM 2
	Bank Locator: Bank 2/3
	Type: Unknown
	Type Detail: Synchronous
	Speed: Unknown
	Manufacturer:                 
	Serial Number:                 
	Asset Tag:     
	Part Number:                   
	Rank: Unknown

