# dmidecode 3.0
Getting SMBIOS data from sysfs.
SMBIOS 2.4 present.

Handle 0x0000, DMI type 0, 24 bytes
BIOS Information
	Vendor: Hewlett-Packard
	Version: 68MVD Ver. F.0F
	Release Date: 02/05/2008
	Address: 0xE0000
	Runtime Size: 128 kB
	ROM Size: 1024 kB
	Characteristics:
		PCI is supported
		PC Card (PCMCIA) is supported
		PNP is supported
		BIOS is upgradeable
		BIOS shadowing is allowed
		Boot from CD is supported
		Selectable boot is supported
		EDD is supported
		3.5"/720 kB floppy services are supported (int 13h)
		Print screen service is supported (int 5h)
		8042 keyboard services are supported (int 9h)
		Serial services are supported (int 14h)
		Printer services are supported (int 17h)
		ACPI is supported
		USB legacy is supported
		LS-120 boot is supported
		Smart battery is supported
		BIOS boot specification is supported
		Function key-initiated network boot is supported
		Targeted content distribution is supported
	BIOS Revision: 15.15
	Firmware Revision: 113.54

Handle 0x0001, DMI type 1, 27 bytes
System Information
	Manufacturer: Hewlett-Packard
	Product Name: HP Compaq 8510w 
	Version: F.0F
	Serial Number: CNU8283MHD
	UUID: 8962D443-3A15-E011-75A0-6D991028B529
	Wake-up Type: Power Switch
	SKU Number: KF571EP#ABD
	Family: 103C_5336AN

