# dmidecode 3.0
Getting SMBIOS data from sysfs.
SMBIOS 2.4 present.

Handle 0x000A, DMI type 16, 15 bytes
Physical Memory Array
	Location: System Board Or Motherboard
	Use: System Memory
	Error Correction Type: None
	Maximum Capacity: 4 GB
	Error Information Handle: No Error
	Number Of Devices: 2

Handle 0x000B, DMI type 17, 27 bytes
Memory Device
	Array Handle: 0x000A
	Error Information Handle: No Error
	Total Width: 64 bits
	Data Width: 64 bits
	Size: 1024 MB
	Form Factor: SODIMM
	Set: None
	Locator: DIMM #1
	Bank Locator: Not Specified
	Type: DDR2
	Type Detail: Synchronous
	Speed: 667 MHz
	Manufacturer: Samsung                  
	Serial Number: 774CECB6
	Asset Tag: Not Specified
	Part Number: M4 70T2953EZ3-CE6 

Handle 0x000C, DMI type 17, 27 bytes
Memory Device
	Array Handle: 0x000A
	Error Information Handle: No Error
	Total Width: 64 bits
	Data Width: 64 bits
	Size: 1024 MB
	Form Factor: SODIMM
	Set: None
	Locator: DIMM #2
	Bank Locator: Not Specified
	Type: DDR2
	Type Detail: Synchronous
	Speed: 667 MHz
	Manufacturer: Samsung                  
	Serial Number: 774CECB2
	Asset Tag: Not Specified
	Part Number: M4 70T2953EZ3-CE6 

