H/W path                     Device      Class          Description
===================================================================
                                         system         Latitude D530
/0                                       bus            0HP728
/0/0                                     memory         64KiB BIOS
/0/400                                   processor      Intel(R) Core(TM)2 Duo CPU     T7500  @ 2.20GHz
/0/400/700                               memory         32KiB L1 cache
/0/400/701                               memory         4MiB L2 cache
/0/1000                                  memory         3GiB System Memory
/0/1000/0                                memory         2GiB DIMM DDR Synchronous 667 MHz (1.5 ns)
/0/1000/1                                memory         1GiB DIMM DDR Synchronous 667 MHz (1.5 ns)
/0/100                                   bridge         Mobile PM965/GM965/GL960 Memory Controller Hub
/0/100/2                                 display        Mobile GM965/GL960 Integrated Graphics Controller (primary)
/0/100/2.1                               display        Mobile GM965/GL960 Integrated Graphics Controller (secondary)
/0/100/1a                                bus            82801H (ICH8 Family) USB UHCI Controller #4
/0/100/1a/1                  usb3        bus            UHCI Host Controller
/0/100/1a/1/2                            communication  Wireless 360 Bluetooth
/0/100/1a.1                              bus            82801H (ICH8 Family) USB UHCI Controller #5
/0/100/1a.1/1                usb4        bus            UHCI Host Controller
/0/100/1a.7                              bus            82801H (ICH8 Family) USB2 EHCI Controller #2
/0/100/1a.7/1                usb1        bus            EHCI Host Controller
/0/100/1a.7/1/3                          bus            Port Replicator
/0/100/1a.7/1/3/4            scsi4       storage        STORE N GO
/0/100/1a.7/1/3/4/0.0.0      /dev/sda    disk           7746MB SCSI Disk
/0/100/1a.7/1/3/4/0.0.0/1    /dev/sda1   volume         6363MiB EXT4 volume
/0/100/1a.7/1/3/4/0.0.0/2    /dev/sda2   volume         1022MiB Extended partition
/0/100/1a.7/1/3/4/0.0.0/2/5  /dev/sda5   volume         1022MiB W95 FAT32 partition
/0/100/1b                                multimedia     82801H (ICH8 Family) HD Audio Controller
/0/100/1c                                bridge         82801H (ICH8 Family) PCI Express Port 1
/0/100/1c.1                              bridge         82801H (ICH8 Family) PCI Express Port 2
/0/100/1c.1/0                wlp12s0     network        PRO/Wireless 3945ABG [Golan] Network Connection
/0/100/1c.5                              bridge         82801H (ICH8 Family) PCI Express Port 6
/0/100/1c.5/0                enp9s0      network        NetXtreme BCM5755M Gigabit Ethernet PCI Express
/0/100/1d                                bus            82801H (ICH8 Family) USB UHCI Controller #1
/0/100/1d/1                  usb5        bus            UHCI Host Controller
/0/100/1d.1                              bus            82801H (ICH8 Family) USB UHCI Controller #2
/0/100/1d.1/1                usb6        bus            UHCI Host Controller
/0/100/1d.2                              bus            82801H (ICH8 Family) USB UHCI Controller #3
/0/100/1d.2/1                usb7        bus            UHCI Host Controller
/0/100/1d.7                              bus            82801H (ICH8 Family) USB2 EHCI Controller #1
/0/100/1d.7/1                usb2        bus            EHCI Host Controller
/0/100/1e                                bridge         82801 Mobile PCI Bridge
/0/100/1e/1                              bridge         Cardbus bridge
/0/100/1e/1.4                            bus            Firewire (IEEE 1394)
/0/100/1f                                bridge         82801HM (ICH8M) LPC Interface Controller
/0/100/1f.1                              storage        82801HM/HEM (ICH8M/ICH8M-E) IDE Controller
/0/100/1f.2                              storage        82801HM/HEM (ICH8M/ICH8M-E) SATA Controller [IDE mode]
/0/100/1f.3                              bus            82801H (ICH8 Family) SMBus Controller
/0/1                         scsi0       storage        
/0/1/0.0.0                   /dev/cdrom  disk           DVD+-RW TS-L632H
/1                                       power          DELL TT71082
