# dmidecode 3.0
Getting SMBIOS data from sysfs.
SMBIOS 2.6 present.

Handle 0x000E, DMI type 0, 24 bytes
BIOS Information
	Vendor: LENOVO
	Version: 8AET46WW (1.26 )
	Release Date: 05/18/2011
	Address: 0xE0000
	Runtime Size: 128 kB
	ROM Size: 8192 kB
	Characteristics:
		PCI is supported
		PNP is supported
		BIOS is upgradeable
		BIOS shadowing is allowed
		Boot from CD is supported
		Selectable boot is supported
		EDD is supported
		3.5"/720 kB floppy services are supported (int 13h)
		Print screen service is supported (int 5h)
		8042 keyboard services are supported (int 9h)
		Serial services are supported (int 14h)
		Printer services are supported (int 17h)
		CGA/mono video services are supported (int 10h)
		ACPI is supported
		USB legacy is supported
		BIOS boot specification is supported
		Targeted content distribution is supported
	BIOS Revision: 1.26
	Firmware Revision: 1.21

Handle 0x000F, DMI type 1, 27 bytes
System Information
	Manufacturer: LENOVO
	Product Name: 4243W4K
	Version: ThinkPad T520
	Serial Number: R9EHNXG
	UUID: 59073A01-5115-11CB-A3EA-85957420E552
	Wake-up Type: Power Switch
	SKU Number: Not Specified
	Family: ThinkPad T520

