H/W path                     Device      Class       Description
================================================================
                                         system      HP Compaq 8710w (NB039EP#ABD)
/0                                       bus         30C3
/0/0                                     memory      128KiB BIOS
/0/4                                     processor   Intel(R) Core(TM)2 Duo CPU     T7700  @ 2.40GHz
/0/4/5                                   memory      64KiB L1 cache
/0/4/6                                   memory      4MiB L2 cache
/0/a                                     memory      3GiB System Memory
/0/a/0                                   memory      2GiB SODIMM DDR2 Synchronous 667 MHz (1.5 ns)
/0/a/1                                   memory      1GiB SODIMM DDR2 Synchronous 667 MHz (1.5 ns)
/0/100                                   bridge      Mobile PM965/GM965/GL960 Memory Controller Hub
/0/100/1                                 bridge      Mobile PM965/GM965/GL960 PCI Express Root Port
/0/100/1/0                               display     G84GLM [Quadro FX 1600M]
/0/100/19                    enp0s25     network     82566MM Gigabit Network Connection
/0/100/1a                                bus         82801H (ICH8 Family) USB UHCI Controller #4
/0/100/1a/1                  usb3        bus         UHCI Host Controller
/0/100/1a.1                              bus         82801H (ICH8 Family) USB UHCI Controller #5
/0/100/1a.1/1                usb4        bus         UHCI Host Controller
/0/100/1a.7                              bus         82801H (ICH8 Family) USB2 EHCI Controller #2
/0/100/1a.7/1                usb1        bus         EHCI Host Controller
/0/100/1a.7/1/2                          bus         CY7C65640 USB-2.0 "TetraHub"
/0/100/1a.7/1/2/1            scsi2       storage     STORE N GO
/0/100/1a.7/1/2/1/0.0.0      /dev/sda    disk        7746MB SCSI Disk
/0/100/1a.7/1/2/1/0.0.0/1    /dev/sda1   volume      6363MiB EXT4 volume
/0/100/1a.7/1/2/1/0.0.0/2    /dev/sda2   volume      1022MiB Extended partition
/0/100/1a.7/1/2/1/0.0.0/2/5  /dev/sda5   volume      1022MiB W95 FAT32 partition
/0/100/1b                                multimedia  82801H (ICH8 Family) HD Audio Controller
/0/100/1c                                bridge      82801H (ICH8 Family) PCI Express Port 1
/0/100/1c.1                              bridge      82801H (ICH8 Family) PCI Express Port 2
/0/100/1c.4                              bridge      82801H (ICH8 Family) PCI Express Port 5
/0/100/1d                                bus         82801H (ICH8 Family) USB UHCI Controller #1
/0/100/1d/1                  usb5        bus         UHCI Host Controller
/0/100/1d/1/2                            generic     Fingerprint Sensor
/0/100/1d.1                              bus         82801H (ICH8 Family) USB UHCI Controller #2
/0/100/1d.1/1                usb6        bus         UHCI Host Controller
/0/100/1d.2                              bus         82801H (ICH8 Family) USB UHCI Controller #3
/0/100/1d.2/1                usb7        bus         UHCI Host Controller
/0/100/1d.7                              bus         82801H (ICH8 Family) USB2 EHCI Controller #1
/0/100/1d.7/1                usb2        bus         EHCI Host Controller
/0/100/1e                                bridge      82801 Mobile PCI Bridge
/0/100/1e/6                              bridge      RL5c476 II
/0/100/1e/6.1                            bridge      RL5c476 II
/0/100/1e/6.2                            bus         R5C832 IEEE 1394 Controller
/0/100/1e/6.3                            generic     R5C822 SD/SDIO/MMC/MS/MSPro Host Adapter
/0/100/1e/6.5                            generic     R5C592 Memory Stick Bus Host Adapter
/0/100/1e/6.6                            generic     xD-Picture Card Controller
/0/100/1f                                bridge      82801HEM (ICH8M-E) LPC Interface Controller
/0/100/1f.2                              storage     82801HM/HEM (ICH8M/ICH8M-E) SATA Controller [IDE mode]
/0/1                         scsi1       storage     
/0/1/0.0.0                   /dev/cdrom  disk        CD/DVDW SD-R6472
/1                                       power       HP
