  *-firmware
       description: BIOS
       vendor: LENOVO
       physical id: 0
       version: 6QET62WW (1.32 )
       date: 12/17/2010
       size: 128KiB
       capacity: 8128KiB
       capabilities: pci pcmcia pnp upgrade shadowing escd cdboot bootselect edd int13floppy720 int5printscreen int9keyboard int14serial int17printer int10video acpi usb biosbootspecification
  *-cache:0
       description: L1 cache
       physical id: a
       slot: Internal L1 Cache
       size: 32KiB
       capacity: 32KiB
       capabilities: asynchronous internal write-through data
       configuration: level=1
  *-cache:1
       description: L2 cache
       physical id: b
       slot: Internal L2 Cache
       size: 256KiB
       capacity: 256KiB
       capabilities: burst internal write-through unified
       configuration: level=2
  *-cache:2
       description: L3 cache
       physical id: c
       slot: Internal L3 Cache
       size: 3MiB
       capacity: 8MiB
       capabilities: burst internal write-back
       configuration: level=3
  *-memory
       description: System Memory
       physical id: 2a
       slot: System board or motherboard
       size: 4GiB
     *-bank:0
          description: SODIMM DDR3 Synchronous 1066 MHz (0.9 ns)
          product: 99U5428-015.A00G
          vendor: AMD
          physical id: 0
          serial: 6830E012
          slot: DIMM 1
          size: 2GiB
          width: 64 bits
          clock: 1066MHz (0.9ns)
     *-bank:1
          description: SODIMM DDR3 Synchronous 1066 MHz (0.9 ns)
          product: HMT325S6BFR8C-G7
          vendor: Hynix Semiconductor (Hyundai Electronics)
          physical id: 1
          serial: 3531384C
          slot: DIMM 2
          size: 2GiB
          width: 64 bits
          clock: 1066MHz (0.9ns)
