enp0s25   Link encap:Ethernet  HWaddr 00:22:68:15:3e:c9  
          inet addr:10.22.73.155  Bcast:10.22.73.159  Mask:255.255.255.224
          inet6 addr: fe80::222:68ff:fe15:3ec9/64 Scope:Link
          UP BROADCAST RUNNING MULTICAST  MTU:1500  Metric:1
          RX packets:19 errors:0 dropped:0 overruns:0 frame:0
          TX packets:17 errors:0 dropped:0 overruns:0 carrier:0
          collisions:0 txqueuelen:1000 
          RX bytes:2978 (2.9 KB)  TX bytes:1908 (1.9 KB)
          Interrupt:20 Memory:fc600000-fc620000 

lo        Link encap:Local Loopback  
          inet addr:127.0.0.1  Mask:255.0.0.0
          inet6 addr: ::1/128 Scope:Host
          UP LOOPBACK RUNNING  MTU:65536  Metric:1
          RX packets:320 errors:0 dropped:0 overruns:0 frame:0
          TX packets:320 errors:0 dropped:0 overruns:0 carrier:0
          collisions:0 txqueuelen:1 
          RX bytes:23680 (23.6 KB)  TX bytes:23680 (23.6 KB)

wlp3s0    Link encap:Ethernet  HWaddr 00:1e:65:c0:18:9e  
          UP BROADCAST MULTICAST  MTU:1500  Metric:1
          RX packets:0 errors:0 dropped:0 overruns:0 frame:0
          TX packets:0 errors:0 dropped:0 overruns:0 carrier:0
          collisions:0 txqueuelen:1000 
          RX bytes:0 (0.0 B)  TX bytes:0 (0.0 B)

