# dmidecode 3.0
Getting SMBIOS data from sysfs.
SMBIOS 2.4 present.

Handle 0x0000, DMI type 0, 24 bytes
BIOS Information
	Vendor: Dell Inc.
	Version: A06
	Release Date: 05/28/2007
	Address: 0xF0000
	Runtime Size: 64 kB
	ROM Size: 576 kB
	Characteristics:
		ISA is supported
		PCI is supported
		PC Card (PCMCIA) is supported
		PNP is supported
		BIOS is upgradeable
		BIOS shadowing is allowed
		Boot from CD is supported
		Selectable boot is supported
		3.5"/720 kB floppy services are supported (int 13h)
		Print screen service is supported (int 5h)
		8042 keyboard services are supported (int 9h)
		Serial services are supported (int 14h)
		Printer services are supported (int 17h)
		CGA/mono video services are supported (int 10h)
		ACPI is supported
		USB legacy is supported
		AGP is supported
		Smart battery is supported
		BIOS boot specification is supported
		Function key-initiated network boot is supported
		Targeted content distribution is supported
	BIOS Revision: 0.6
	Firmware Revision: 0.6

