# dmidecode 3.0
Getting SMBIOS data from sysfs.
SMBIOS 2.4 present.

Handle 0x1000, DMI type 16, 15 bytes
Physical Memory Array
	Location: System Board Or Motherboard
	Use: System Memory
	Error Correction Type: None
	Maximum Capacity: 4 GB
	Error Information Handle: Not Provided
	Number Of Devices: 2

Handle 0x1100, DMI type 17, 27 bytes
Memory Device
	Array Handle: 0x1000
	Error Information Handle: Not Provided
	Total Width: 64 bits
	Data Width: 64 bits
	Size: 2048 MB
	Form Factor: DIMM
	Set: None
	Locator: DIMM_B
	Bank Locator: Not Specified
	Type: DDR
	Type Detail: Synchronous
	Speed: 667 MHz
	Manufacturer: 7F98000000000000
	Serial Number: CE19E745
	Asset Tag: 00072E
	Part Number: KINGSTON          

Handle 0x1101, DMI type 17, 27 bytes
Memory Device
	Array Handle: 0x1000
	Error Information Handle: Not Provided
	Total Width: 64 bits
	Data Width: 64 bits
	Size: 1024 MB
	Form Factor: DIMM
	Set: None
	Locator: DIMM_A
	Bank Locator: Not Specified
	Type: DDR
	Type Detail: Synchronous
	Speed: 533 MHz
	Manufacturer: 7F7F7F7F7F510000
	Serial Number: 011C4527
	Asset Tag: 0A0646
	Part Number: 64T128021HDL3.7B  

