# dmidecode 3.0
Getting SMBIOS data from sysfs.
SMBIOS 2.6 present.

Handle 0x0000, DMI type 0, 24 bytes
BIOS Information
	Vendor: LENOVO
	Version: 6MET81WW (1.41 )
	Release Date: 10/26/2010
	Address: 0xE0000
	Runtime Size: 128 kB
	ROM Size: 8192 kB
	Characteristics:
		PCI is supported
		PC Card (PCMCIA) is supported
		PNP is supported
		BIOS is upgradeable
		BIOS shadowing is allowed
		ESCD support is available
		Boot from CD is supported
		Selectable boot is supported
		EDD is supported
		3.5"/720 kB floppy services are supported (int 13h)
		Print screen service is supported (int 5h)
		8042 keyboard services are supported (int 9h)
		Serial services are supported (int 14h)
		Printer services are supported (int 17h)
		CGA/mono video services are supported (int 10h)
		ACPI is supported
		USB legacy is supported
		BIOS boot specification is supported
		Targeted content distribution is supported
	BIOS Revision: 1.65
	Firmware Revision: 1.24

Handle 0x0001, DMI type 1, 27 bytes
System Information
	Manufacturer: LENOVO
	Product Name: 4384WSE
	Version: ThinkPad T510
	Serial Number: R82Z7WB
	UUID: 01C73EB3-5150-CB11-9CA2-B2112D83A783
	Wake-up Type: Power Switch
	SKU Number: Not Specified
	Family: ThinkPad T510

