<?xml version="1.0" encoding="utf-8"?>
<!DOCTYPE html PUBLIC "-//W3C//DTD XHTML 1.0 Strict//EN"
    "http://www.w3.org/TR/xhtml1/DTD/xhtml1-strict.dtd">
<html xmlns="http://www.w3.org/1999/xhtml">
<head>
<meta name="generator"  content="lshw-B.02.17" />
<style type="text/css">
  .first {font-weight: bold; margin-left: none; padding-right: 1em;vertical-align: top; }
  .second {padding-left: 1em; width: 100%; vertical-align: center; }
  .id {font-family: monospace;}
  .indented {margin-left: 2em; border-left: dotted thin #dde; padding-bottom: 1em; }
  .node {border: solid thin #ffcc66; padding: 1em; background: #ffffcc; }
  .node-unclaimed {border: dotted thin #c3c3c3; padding: 1em; background: #fafafa; color: red; }
  .node-disabled {border: solid thin #f55; padding: 1em; background: #fee; color: gray; }
</style>
<title>inventarisierung</title>
</head>
<body>
<div class="indented">
<table width="100%" class="node" summary="attributes of inventarisierung">
 <thead><tr><td class="first">id:</td><td class="second"><div class="id">inventarisierung</div></td></tr></thead>
 <tbody>
    <tr><td class="first">description: </td><td class="second">Notebook</td></tr>
    <tr><td class="first">product: </td><td class="second">HP Compaq 8710w (NB039EP#ABD)</td></tr>
    <tr><td class="first">vendor: </td><td class="second">Hewlett-Packard</td></tr>
    <tr><td class="first">version: </td><td class="second">F.0F</td></tr>
    <tr><td class="first">serial: </td><td class="second">CND8383SK5</td></tr>
    <tr><td class="first">width: </td><td class="second">64 bits</td></tr>
    <tr><td class="first">capabilities: </td><td class="second"><dfn title="SMBIOS version 2.4">smbios-2.4</dfn> <dfn title="DMI version 2.4">dmi-2.4</dfn> <dfn title="32-bit processes">vsyscall32</dfn> </td></tr>
    <tr><td class="first">configuration:</td><td class="second"><table summary="configuration of inventarisierung"><tr><td class="sub-first"> boot</td><td>=</td><td>normal</td></tr><tr><td class="sub-first"> chassis</td><td>=</td><td>notebook</td></tr><tr><td class="sub-first"> family</td><td>=</td><td>103C_5336AN</td></tr><tr><td class="sub-first"> sku</td><td>=</td><td>NB039EP#ABD</td></tr><tr><td class="sub-first"> uuid</td><td>=</td><td>85FFAA53-C586-DD11-79A0-669910399529</td></tr></table></td></tr>
 </tbody></table></div>
<div class="indented">
        <div class="indented">
    <table width="100%" class="node" summary="attributes of core">
 <thead><tr><td class="first">id:</td><td class="second"><div class="id">core</div></td></tr></thead>
 <tbody>
       <tr><td class="first">description: </td><td class="second">Motherboard</td></tr>
       <tr><td class="first">product: </td><td class="second">30C3</td></tr>
       <tr><td class="first">vendor: </td><td class="second">Hewlett-Packard</td></tr>
       <tr><td class="first">physical id: </td><td class="second"><div class="id">0</div></td></tr>
       <tr><td class="first">version: </td><td class="second">KBC Version 73.31</td></tr>
 </tbody>    </table></div>
<div class="indented">
              <div class="indented">
       <table width="100%" class="node" summary="attributes of firmware">
 <thead><tr><td class="first">id:</td><td class="second"><div class="id">firmware</div></td></tr></thead>
 <tbody>
          <tr><td class="first">description: </td><td class="second">BIOS</td></tr>
          <tr><td class="first">vendor: </td><td class="second">Hewlett-Packard</td></tr>
          <tr><td class="first">physical id: </td><td class="second"><div class="id">0</div></td></tr>
          <tr><td class="first">version: </td><td class="second">68MAD Ver. F.0F</td></tr>
          <tr><td class="first">date: </td><td class="second">11/25/2008</td></tr>
          <tr><td class="first">size: </td><td class="second">128KiB</td></tr>
          <tr><td class="first">capacity: </td><td class="second">960KiB</td></tr>
          <tr><td class="first">capabilities: </td><td class="second"><dfn title="PCI bus">pci</dfn> <dfn title="PCMCIA/PCCard">pcmcia</dfn> <dfn title="Plug-and-Play">pnp</dfn> <dfn title="BIOS EEPROM can be upgraded">upgrade</dfn> <dfn title="BIOS shadowing">shadowing</dfn> <dfn title="Booting from CD-ROM/DVD">cdboot</dfn> <dfn title="Selectable boot path">bootselect</dfn> <dfn title="Enhanced Disk Drive extensions">edd</dfn> <dfn title="3.5&quot; 720KB floppy">int13floppy720</dfn> <dfn title="Print Screen key">int5printscreen</dfn> <dfn title="i8042 keyboard controller">int9keyboard</dfn> <dfn title="INT14 serial line control">int14serial</dfn> <dfn title="INT17 printer control">int17printer</dfn> <dfn title="ACPI">acpi</dfn> <dfn title="USB legacy emulation">usb</dfn> <dfn title="Booting from LS-120">ls120boot</dfn> <dfn title="Smart battery">smartbattery</dfn> <dfn title="BIOS boot specification">biosbootspecification</dfn> <dfn title="Function-key initiated network service boot">netboot</dfn> </td></tr>
 </tbody>       </table></div>
       </div>
<div class="indented">
              <div class="indented">
       <table width="100%" class="node" summary="attributes of cpu">
 <thead><tr><td class="first">id:</td><td class="second"><div class="id">cpu</div></td></tr></thead>
 <tbody>
          <tr><td class="first">description: </td><td class="second">CPU</td></tr>
          <tr><td class="first">product: </td><td class="second">Intel(R) Core(TM)2 Duo CPU     T7700  @ 2.40GHz</td></tr>
          <tr><td class="first">vendor: </td><td class="second">Intel Corp.</td></tr>
          <tr><td class="first">physical id: </td><td class="second"><div class="id">4</div></td></tr>
          <tr><td class="first">bus info: </td><td class="second"><div class="id">cpu@0</div></td></tr>
          <tr><td class="first">version: </td><td class="second">Intel(R) Core(TM)2 Duo CPU     T7700  @ 2.40GHz</td></tr>
          <tr><td class="first">slot: </td><td class="second">U10</td></tr>
          <tr><td class="first">size: </td><td class="second">2GHz</td></tr>
          <tr><td class="first">capacity: </td><td class="second">2401MHz</td></tr>
          <tr><td class="first">width: </td><td class="second">64 bits</td></tr>
          <tr><td class="first">clock: </td><td class="second">200MHz</td></tr>
          <tr><td class="first">capabilities: </td><td class="second"><dfn title="mathematical co-processor">fpu</dfn> <dfn title="FPU exceptions reporting">fpu_exception</dfn> <dfn title="">wp</dfn> <dfn title="virtual mode extensions">vme</dfn> <dfn title="debugging extensions">de</dfn> <dfn title="page size extensions">pse</dfn> <dfn title="time stamp counter">tsc</dfn> <dfn title="model-specific registers">msr</dfn> <dfn title="4GB+ memory addressing (Physical Address Extension)">pae</dfn> <dfn title="machine check exceptions">mce</dfn> <dfn title="compare and exchange 8-byte">cx8</dfn> <dfn title="on-chip advanced programmable interrupt controller (APIC)">apic</dfn> <dfn title="fast system calls">sep</dfn> <dfn title="memory type range registers">mtrr</dfn> <dfn title="page global enable">pge</dfn> <dfn title="machine check architecture">mca</dfn> <dfn title="conditional move instruction">cmov</dfn> <dfn title="page attribute table">pat</dfn> <dfn title="36-bit page size extensions">pse36</dfn> <dfn title="">clflush</dfn> <dfn title="debug trace and EMON store MSRs">dts</dfn> <dfn title="thermal control (ACPI)">acpi</dfn> <dfn title="multimedia extensions (MMX)">mmx</dfn> <dfn title="fast floating point save/restore">fxsr</dfn> <dfn title="streaming SIMD extensions (SSE)">sse</dfn> <dfn title="streaming SIMD extensions (SSE2)">sse2</dfn> <dfn title="self-snoop">ss</dfn> <dfn title="HyperThreading">ht</dfn> <dfn title="thermal interrupt and status">tm</dfn> <dfn title="pending break event">pbe</dfn> <dfn title="fast system calls">syscall</dfn> <dfn title="no-execute bit (NX)">nx</dfn> <dfn title="64bits extensions (x86-64)">x86-64</dfn> <dfn title="">constant_tsc</dfn> <dfn title="">arch_perfmon</dfn> <dfn title="">pebs</dfn> <dfn title="">bts</dfn> <dfn title="">rep_good</dfn> <dfn title="">nopl</dfn> <dfn title="">aperfmperf</dfn> <dfn title="">pni</dfn> <dfn title="">dtes64</dfn> <dfn title="">monitor</dfn> <dfn title="">ds_cpl</dfn> <dfn title="">vmx</dfn> <dfn title="">est</dfn> <dfn title="">tm2</dfn> <dfn title="">ssse3</dfn> <dfn title="">cx16</dfn> <dfn title="">xtpr</dfn> <dfn title="">pdcm</dfn> <dfn title="">lahf_lm</dfn> <dfn title="">tpr_shadow</dfn> <dfn title="">vnmi</dfn> <dfn title="">flexpriority</dfn> <dfn title="">dtherm</dfn> <dfn title="">ida</dfn> <dfn title="CPU Frequency scaling">cpufreq</dfn> </td></tr>
 </tbody>       </table></div>
<div class="indented">
                    <div class="indented">
          <table width="100%" class="node" summary="attributes of cache:0">
 <thead><tr><td class="first">id:</td><td class="second"><div class="id">cache:0</div></td></tr></thead>
 <tbody>
             <tr><td class="first">description: </td><td class="second">L1 cache</td></tr>
             <tr><td class="first">physical id: </td><td class="second"><div class="id">5</div></td></tr>
             <tr><td class="first">slot: </td><td class="second">Internal L1 Cache</td></tr>
             <tr><td class="first">size: </td><td class="second">64KiB</td></tr>
             <tr><td class="first">capacity: </td><td class="second">64KiB</td></tr>
             <tr><td class="first">capabilities: </td><td class="second"><dfn title="Burst">burst</dfn> <dfn title="Internal">internal</dfn> <dfn title="Write-back">write-back</dfn> <dfn title="Unified cache">unified</dfn> </td></tr>
             <tr><td class="first">configuration:</td><td class="second"><table summary="configuration of cache:0"><tr><td class="sub-first"> level</td><td>=</td><td>1</td></tr></table></td></tr>
 </tbody>          </table></div>
          </div>
<div class="indented">
                    <div class="indented">
          <table width="100%" class="node" summary="attributes of cache:1">
 <thead><tr><td class="first">id:</td><td class="second"><div class="id">cache:1</div></td></tr></thead>
 <tbody>
             <tr><td class="first">description: </td><td class="second">L2 cache</td></tr>
             <tr><td class="first">physical id: </td><td class="second"><div class="id">6</div></td></tr>
             <tr><td class="first">slot: </td><td class="second">Internal L2 Cache</td></tr>
             <tr><td class="first">size: </td><td class="second">4MiB</td></tr>
             <tr><td class="first">capacity: </td><td class="second">4MiB</td></tr>
             <tr><td class="first">capabilities: </td><td class="second"><dfn title="Burst">burst</dfn> <dfn title="External">external</dfn> <dfn title="Write-back">write-back</dfn> <dfn title="Unified cache">unified</dfn> </td></tr>
             <tr><td class="first">configuration:</td><td class="second"><table summary="configuration of cache:1"><tr><td class="sub-first"> level</td><td>=</td><td>2</td></tr></table></td></tr>
 </tbody>          </table></div>
          </div>
       </div>
<div class="indented">
              <div class="indented">
       <table width="100%" class="node" summary="attributes of memory">
 <thead><tr><td class="first">id:</td><td class="second"><div class="id">memory</div></td></tr></thead>
 <tbody>
          <tr><td class="first">description: </td><td class="second">System Memory</td></tr>
          <tr><td class="first">physical id: </td><td class="second"><div class="id">a</div></td></tr>
          <tr><td class="first">slot: </td><td class="second">System board or motherboard</td></tr>
          <tr><td class="first">size: </td><td class="second">3GiB</td></tr>
 </tbody>       </table></div>
<div class="indented">
                    <div class="indented">
          <table width="100%" class="node" summary="attributes of bank:0">
 <thead><tr><td class="first">id:</td><td class="second"><div class="id">bank:0</div></td></tr></thead>
 <tbody>
             <tr><td class="first">description: </td><td class="second">SODIMM DDR2 Synchronous 667 MHz (1.5 ns)</td></tr>
             <tr><td class="first">product: </td><td class="second">M4 70T5663QZ3-CE6</td></tr>
             <tr><td class="first">vendor: </td><td class="second">Samsung</td></tr>
             <tr><td class="first">physical id: </td><td class="second"><div class="id">0</div></td></tr>
             <tr><td class="first">serial: </td><td class="second">613C3558</td></tr>
             <tr><td class="first">slot: </td><td class="second">DIMM #1</td></tr>
             <tr><td class="first">size: </td><td class="second">2GiB</td></tr>
             <tr><td class="first">width: </td><td class="second">64 bits</td></tr>
             <tr><td class="first">clock: </td><td class="second">667MHz (1.5ns)</td></tr>
 </tbody>          </table></div>
          </div>
<div class="indented">
                    <div class="indented">
          <table width="100%" class="node" summary="attributes of bank:1">
 <thead><tr><td class="first">id:</td><td class="second"><div class="id">bank:1</div></td></tr></thead>
 <tbody>
             <tr><td class="first">description: </td><td class="second">SODIMM DDR2 Synchronous 667 MHz (1.5 ns)</td></tr>
             <tr><td class="first">product: </td><td class="second">M4 70T2864QZ3-CE6</td></tr>
             <tr><td class="first">vendor: </td><td class="second">Samsung</td></tr>
             <tr><td class="first">physical id: </td><td class="second"><div class="id">1</div></td></tr>
             <tr><td class="first">serial: </td><td class="second">7736C9</td></tr>
             <tr><td class="first">slot: </td><td class="second">DIMM #2</td></tr>
             <tr><td class="first">size: </td><td class="second">1GiB</td></tr>
             <tr><td class="first">width: </td><td class="second">64 bits</td></tr>
             <tr><td class="first">clock: </td><td class="second">667MHz (1.5ns)</td></tr>
 </tbody>          </table></div>
          </div>
       </div>
<div class="indented">
              <div class="indented">
       <table width="100%" class="node" summary="attributes of pci">
 <thead><tr><td class="first">id:</td><td class="second"><div class="id">pci</div></td></tr></thead>
 <tbody>
          <tr><td class="first">description: </td><td class="second">Host bridge</td></tr>
          <tr><td class="first">product: </td><td class="second">Mobile PM965/GM965/GL960 Memory Controller Hub</td></tr>
          <tr><td class="first">vendor: </td><td class="second">Intel Corporation</td></tr>
          <tr><td class="first">physical id: </td><td class="second"><div class="id">100</div></td></tr>
          <tr><td class="first">bus info: </td><td class="second"><div class="id">pci@0000:00:00.0</div></td></tr>
          <tr><td class="first">version: </td><td class="second">0c</td></tr>
          <tr><td class="first">width: </td><td class="second">32 bits</td></tr>
          <tr><td class="first">clock: </td><td class="second">33MHz</td></tr>
 </tbody>       </table></div>
<div class="indented">
                    <div class="indented">
          <table width="100%" class="node" summary="attributes of pci:0">
 <thead><tr><td class="first">id:</td><td class="second"><div class="id">pci:0</div></td></tr></thead>
 <tbody>
             <tr><td class="first">description: </td><td class="second">PCI bridge</td></tr>
             <tr><td class="first">product: </td><td class="second">Mobile PM965/GM965/GL960 PCI Express Root Port</td></tr>
             <tr><td class="first">vendor: </td><td class="second">Intel Corporation</td></tr>
             <tr><td class="first">physical id: </td><td class="second"><div class="id">1</div></td></tr>
             <tr><td class="first">bus info: </td><td class="second"><div class="id">pci@0000:00:01.0</div></td></tr>
             <tr><td class="first">version: </td><td class="second">0c</td></tr>
             <tr><td class="first">width: </td><td class="second">32 bits</td></tr>
             <tr><td class="first">clock: </td><td class="second">33MHz</td></tr>
             <tr><td class="first">capabilities: </td><td class="second"><dfn title="">pci</dfn> <dfn title="Power Management">pm</dfn> <dfn title="Message Signalled Interrupts">msi</dfn> <dfn title="PCI Express">pciexpress</dfn> <dfn title="">normal_decode</dfn> <dfn title="bus mastering">bus_master</dfn> <dfn title="PCI capabilities listing">cap_list</dfn> </td></tr>
             <tr><td class="first">configuration:</td><td class="second"><table summary="configuration of pci:0"><tr><td class="sub-first"> driver</td><td>=</td><td>pcieport</td></tr></table></td></tr>
             <tr><td class="first">resources:</td><td class="second"><table summary="resources of pci:0"><tr><td class="sub-first"> irq</td><td>:</td><td>24</td></tr><tr><td class="sub-first"> ioport</td><td>:</td><td>4000(size=4096)</td></tr><tr><td class="sub-first"> memory</td><td>:</td><td>e5000000-e7ffffff</td></tr><tr><td class="sub-first"> ioport</td><td>:</td><td>d0000000(size=268435456)</td></tr></table></td></tr>
 </tbody>          </table></div>
<div class="indented">
                          <div class="indented">
             <table width="100%" class="node" summary="attributes of display">
 <thead><tr><td class="first">id:</td><td class="second"><div class="id">display</div></td></tr></thead>
 <tbody>
                <tr><td class="first">description: </td><td class="second">VGA compatible controller</td></tr>
                <tr><td class="first">product: </td><td class="second">G84GLM [Quadro FX 1600M]</td></tr>
                <tr><td class="first">vendor: </td><td class="second">NVIDIA Corporation</td></tr>
                <tr><td class="first">physical id: </td><td class="second"><div class="id">0</div></td></tr>
                <tr><td class="first">bus info: </td><td class="second"><div class="id">pci@0000:01:00.0</div></td></tr>
                <tr><td class="first">version: </td><td class="second">a1</td></tr>
                <tr><td class="first">width: </td><td class="second">64 bits</td></tr>
                <tr><td class="first">clock: </td><td class="second">33MHz</td></tr>
                <tr><td class="first">capabilities: </td><td class="second"><dfn title="Power Management">pm</dfn> <dfn title="Message Signalled Interrupts">msi</dfn> <dfn title="PCI Express">pciexpress</dfn> <dfn title="">vga_controller</dfn> <dfn title="bus mastering">bus_master</dfn> <dfn title="PCI capabilities listing">cap_list</dfn> <dfn title="extension ROM">rom</dfn> </td></tr>
                <tr><td class="first">configuration:</td><td class="second"><table summary="configuration of display"><tr><td class="sub-first"> driver</td><td>=</td><td>nouveau</td></tr><tr><td class="sub-first"> latency</td><td>=</td><td>0</td></tr></table></td></tr>
                <tr><td class="first">resources:</td><td class="second"><table summary="resources of display"><tr><td class="sub-first"> irq</td><td>:</td><td>29</td></tr><tr><td class="sub-first"> memory</td><td>:</td><td>e5000000-e5ffffff</td></tr><tr><td class="sub-first"> memory</td><td>:</td><td>d0000000-dfffffff</td></tr><tr><td class="sub-first"> memory</td><td>:</td><td>e6000000-e7ffffff</td></tr><tr><td class="sub-first"> ioport</td><td>:</td><td>4000(size=128)</td></tr></table></td></tr>
 </tbody>             </table></div>
             </div>
          </div>
<div class="indented">
                    <div class="indented">
          <table width="100%" class="node-disabled" summary="attributes of network">
 <thead><tr><td class="first">id:</td><td class="second"><div class="id">network</div></td></tr></thead>
 <tbody>
             <tr><td class="first">description: </td><td class="second">Ethernet interface</td></tr>
             <tr><td class="first">product: </td><td class="second">82566MM Gigabit Network Connection</td></tr>
             <tr><td class="first">vendor: </td><td class="second">Intel Corporation</td></tr>
             <tr><td class="first">physical id: </td><td class="second"><div class="id">19</div></td></tr>
             <tr><td class="first">bus info: </td><td class="second"><div class="id">pci@0000:00:19.0</div></td></tr>
             <tr><td class="first">logical name: </td><td class="second"><div class="id">enp0s25</div></td></tr>
             <tr><td class="first">version: </td><td class="second">03</td></tr>
             <tr><td class="first">serial: </td><td class="second">00:1e:ec:ae:99:aa</td></tr>
             <tr><td class="first">capacity: </td><td class="second">1Gbit/s</td></tr>
             <tr><td class="first">width: </td><td class="second">32 bits</td></tr>
             <tr><td class="first">clock: </td><td class="second">33MHz</td></tr>
             <tr><td class="first">capabilities: </td><td class="second"><dfn title="Power Management">pm</dfn> <dfn title="Message Signalled Interrupts">msi</dfn> <dfn title="bus mastering">bus_master</dfn> <dfn title="PCI capabilities listing">cap_list</dfn> <dfn title="">ethernet</dfn> <dfn title="Physical interface">physical</dfn> <dfn title="twisted pair">tp</dfn> <dfn title="10Mbit/s">10bt</dfn> <dfn title="10Mbit/s (full duplex)">10bt-fd</dfn> <dfn title="100Mbit/s">100bt</dfn> <dfn title="100Mbit/s (full duplex)">100bt-fd</dfn> <dfn title="1Gbit/s (full duplex)">1000bt-fd</dfn> <dfn title="Auto-negotiation">autonegotiation</dfn> </td></tr>
             <tr><td class="first">configuration:</td><td class="second"><table summary="configuration of network"><tr><td class="sub-first"> autonegotiation</td><td>=</td><td>on</td></tr><tr><td class="sub-first"> broadcast</td><td>=</td><td>yes</td></tr><tr><td class="sub-first"> driver</td><td>=</td><td>e1000e</td></tr><tr><td class="sub-first"> driverversion</td><td>=</td><td>3.2.6-k</td></tr><tr><td class="sub-first"> firmware</td><td>=</td><td>0.3-0</td></tr><tr><td class="sub-first"> latency</td><td>=</td><td>0</td></tr><tr><td class="sub-first"> link</td><td>=</td><td>no</td></tr><tr><td class="sub-first"> multicast</td><td>=</td><td>yes</td></tr><tr><td class="sub-first"> port</td><td>=</td><td>twisted pair</td></tr></table></td></tr>
             <tr><td class="first">resources:</td><td class="second"><table summary="resources of network"><tr><td class="sub-first"> irq</td><td>:</td><td>28</td></tr><tr><td class="sub-first"> memory</td><td>:</td><td>e8000000-e801ffff</td></tr><tr><td class="sub-first"> memory</td><td>:</td><td>e8020000-e8020fff</td></tr><tr><td class="sub-first"> ioport</td><td>:</td><td>5000(size=32)</td></tr></table></td></tr>
 </tbody>          </table></div>
          </div>
<div class="indented">
                    <div class="indented">
          <table width="100%" class="node" summary="attributes of usb:0">
 <thead><tr><td class="first">id:</td><td class="second"><div class="id">usb:0</div></td></tr></thead>
 <tbody>
             <tr><td class="first">description: </td><td class="second">USB controller</td></tr>
             <tr><td class="first">product: </td><td class="second">82801H (ICH8 Family) USB UHCI Controller #4</td></tr>
             <tr><td class="first">vendor: </td><td class="second">Intel Corporation</td></tr>
             <tr><td class="first">physical id: </td><td class="second"><div class="id">1a</div></td></tr>
             <tr><td class="first">bus info: </td><td class="second"><div class="id">pci@0000:00:1a.0</div></td></tr>
             <tr><td class="first">version: </td><td class="second">03</td></tr>
             <tr><td class="first">width: </td><td class="second">32 bits</td></tr>
             <tr><td class="first">clock: </td><td class="second">33MHz</td></tr>
             <tr><td class="first">capabilities: </td><td class="second"><dfn title="Universal Host Controller Interface (USB1)">uhci</dfn> <dfn title="bus mastering">bus_master</dfn> </td></tr>
             <tr><td class="first">configuration:</td><td class="second"><table summary="configuration of usb:0"><tr><td class="sub-first"> driver</td><td>=</td><td>uhci_hcd</td></tr><tr><td class="sub-first"> latency</td><td>=</td><td>0</td></tr></table></td></tr>
             <tr><td class="first">resources:</td><td class="second"><table summary="resources of usb:0"><tr><td class="sub-first"> irq</td><td>:</td><td>16</td></tr><tr><td class="sub-first"> ioport</td><td>:</td><td>5020(size=32)</td></tr></table></td></tr>
 </tbody>          </table></div>
<div class="indented">
                          <div class="indented">
             <table width="100%" class="node" summary="attributes of usbhost">
 <thead><tr><td class="first">id:</td><td class="second"><div class="id">usbhost</div></td></tr></thead>
 <tbody>
                <tr><td class="first">product: </td><td class="second">UHCI Host Controller</td></tr>
                <tr><td class="first">vendor: </td><td class="second">Linux 4.4.0-31-generic uhci_hcd</td></tr>
                <tr><td class="first">physical id: </td><td class="second"><div class="id">1</div></td></tr>
                <tr><td class="first">bus info: </td><td class="second"><div class="id">usb@3</div></td></tr>
                <tr><td class="first">logical name: </td><td class="second"><div class="id">usb3</div></td></tr>
                <tr><td class="first">version: </td><td class="second">4.04</td></tr>
                <tr><td class="first">capabilities: </td><td class="second"><dfn title="USB 1.1">usb-1.10</dfn> </td></tr>
                <tr><td class="first">configuration:</td><td class="second"><table summary="configuration of usbhost"><tr><td class="sub-first"> driver</td><td>=</td><td>hub</td></tr><tr><td class="sub-first"> slots</td><td>=</td><td>2</td></tr><tr><td class="sub-first"> speed</td><td>=</td><td>12Mbit/s</td></tr></table></td></tr>
 </tbody>             </table></div>
             </div>
          </div>
<div class="indented">
                    <div class="indented">
          <table width="100%" class="node" summary="attributes of usb:1">
 <thead><tr><td class="first">id:</td><td class="second"><div class="id">usb:1</div></td></tr></thead>
 <tbody>
             <tr><td class="first">description: </td><td class="second">USB controller</td></tr>
             <tr><td class="first">product: </td><td class="second">82801H (ICH8 Family) USB UHCI Controller #5</td></tr>
             <tr><td class="first">vendor: </td><td class="second">Intel Corporation</td></tr>
             <tr><td class="first">physical id: </td><td class="second"><div class="id">1a.1</div></td></tr>
             <tr><td class="first">bus info: </td><td class="second"><div class="id">pci@0000:00:1a.1</div></td></tr>
             <tr><td class="first">version: </td><td class="second">03</td></tr>
             <tr><td class="first">width: </td><td class="second">32 bits</td></tr>
             <tr><td class="first">clock: </td><td class="second">33MHz</td></tr>
             <tr><td class="first">capabilities: </td><td class="second"><dfn title="Universal Host Controller Interface (USB1)">uhci</dfn> <dfn title="bus mastering">bus_master</dfn> </td></tr>
             <tr><td class="first">configuration:</td><td class="second"><table summary="configuration of usb:1"><tr><td class="sub-first"> driver</td><td>=</td><td>uhci_hcd</td></tr><tr><td class="sub-first"> latency</td><td>=</td><td>0</td></tr></table></td></tr>
             <tr><td class="first">resources:</td><td class="second"><table summary="resources of usb:1"><tr><td class="sub-first"> irq</td><td>:</td><td>17</td></tr><tr><td class="sub-first"> ioport</td><td>:</td><td>5040(size=32)</td></tr></table></td></tr>
 </tbody>          </table></div>
<div class="indented">
                          <div class="indented">
             <table width="100%" class="node" summary="attributes of usbhost">
 <thead><tr><td class="first">id:</td><td class="second"><div class="id">usbhost</div></td></tr></thead>
 <tbody>
                <tr><td class="first">product: </td><td class="second">UHCI Host Controller</td></tr>
                <tr><td class="first">vendor: </td><td class="second">Linux 4.4.0-31-generic uhci_hcd</td></tr>
                <tr><td class="first">physical id: </td><td class="second"><div class="id">1</div></td></tr>
                <tr><td class="first">bus info: </td><td class="second"><div class="id">usb@4</div></td></tr>
                <tr><td class="first">logical name: </td><td class="second"><div class="id">usb4</div></td></tr>
                <tr><td class="first">version: </td><td class="second">4.04</td></tr>
                <tr><td class="first">capabilities: </td><td class="second"><dfn title="USB 1.1">usb-1.10</dfn> </td></tr>
                <tr><td class="first">configuration:</td><td class="second"><table summary="configuration of usbhost"><tr><td class="sub-first"> driver</td><td>=</td><td>hub</td></tr><tr><td class="sub-first"> slots</td><td>=</td><td>2</td></tr><tr><td class="sub-first"> speed</td><td>=</td><td>12Mbit/s</td></tr></table></td></tr>
 </tbody>             </table></div>
             </div>
          </div>
<div class="indented">
                    <div class="indented">
          <table width="100%" class="node" summary="attributes of usb:2">
 <thead><tr><td class="first">id:</td><td class="second"><div class="id">usb:2</div></td></tr></thead>
 <tbody>
             <tr><td class="first">description: </td><td class="second">USB controller</td></tr>
             <tr><td class="first">product: </td><td class="second">82801H (ICH8 Family) USB2 EHCI Controller #2</td></tr>
             <tr><td class="first">vendor: </td><td class="second">Intel Corporation</td></tr>
             <tr><td class="first">physical id: </td><td class="second"><div class="id">1a.7</div></td></tr>
             <tr><td class="first">bus info: </td><td class="second"><div class="id">pci@0000:00:1a.7</div></td></tr>
             <tr><td class="first">version: </td><td class="second">03</td></tr>
             <tr><td class="first">width: </td><td class="second">32 bits</td></tr>
             <tr><td class="first">clock: </td><td class="second">33MHz</td></tr>
             <tr><td class="first">capabilities: </td><td class="second"><dfn title="Power Management">pm</dfn> <dfn title="Debug port">debug</dfn> <dfn title="Enhanced Host Controller Interface (USB2)">ehci</dfn> <dfn title="bus mastering">bus_master</dfn> <dfn title="PCI capabilities listing">cap_list</dfn> </td></tr>
             <tr><td class="first">configuration:</td><td class="second"><table summary="configuration of usb:2"><tr><td class="sub-first"> driver</td><td>=</td><td>ehci-pci</td></tr><tr><td class="sub-first"> latency</td><td>=</td><td>0</td></tr></table></td></tr>
             <tr><td class="first">resources:</td><td class="second"><table summary="resources of usb:2"><tr><td class="sub-first"> irq</td><td>:</td><td>18</td></tr><tr><td class="sub-first"> memory</td><td>:</td><td>e8021000-e80213ff</td></tr></table></td></tr>
 </tbody>          </table></div>
<div class="indented">
                          <div class="indented">
             <table width="100%" class="node" summary="attributes of usbhost">
 <thead><tr><td class="first">id:</td><td class="second"><div class="id">usbhost</div></td></tr></thead>
 <tbody>
                <tr><td class="first">product: </td><td class="second">EHCI Host Controller</td></tr>
                <tr><td class="first">vendor: </td><td class="second">Linux 4.4.0-31-generic ehci_hcd</td></tr>
                <tr><td class="first">physical id: </td><td class="second"><div class="id">1</div></td></tr>
                <tr><td class="first">bus info: </td><td class="second"><div class="id">usb@1</div></td></tr>
                <tr><td class="first">logical name: </td><td class="second"><div class="id">usb1</div></td></tr>
                <tr><td class="first">version: </td><td class="second">4.04</td></tr>
                <tr><td class="first">capabilities: </td><td class="second"><dfn title="USB 2.0">usb-2.00</dfn> </td></tr>
                <tr><td class="first">configuration:</td><td class="second"><table summary="configuration of usbhost"><tr><td class="sub-first"> driver</td><td>=</td><td>hub</td></tr><tr><td class="sub-first"> slots</td><td>=</td><td>4</td></tr><tr><td class="sub-first"> speed</td><td>=</td><td>480Mbit/s</td></tr></table></td></tr>
 </tbody>             </table></div>
<div class="indented">
                                <div class="indented">
                <table width="100%" class="node" summary="attributes of usb">
 <thead><tr><td class="first">id:</td><td class="second"><div class="id">usb</div></td></tr></thead>
 <tbody>
                   <tr><td class="first">description: </td><td class="second">USB hub</td></tr>
                   <tr><td class="first">product: </td><td class="second">CY7C65640 USB-2.0 "TetraHub"</td></tr>
                   <tr><td class="first">vendor: </td><td class="second">Cypress Semiconductor Corp.</td></tr>
                   <tr><td class="first">physical id: </td><td class="second"><div class="id">2</div></td></tr>
                   <tr><td class="first">bus info: </td><td class="second"><div class="id">usb@1:2</div></td></tr>
                   <tr><td class="first">version: </td><td class="second">0.0b</td></tr>
                   <tr><td class="first">capabilities: </td><td class="second"><dfn title="USB 2.0">usb-2.00</dfn> </td></tr>
                   <tr><td class="first">configuration:</td><td class="second"><table summary="configuration of usb"><tr><td class="sub-first"> driver</td><td>=</td><td>hub</td></tr><tr><td class="sub-first"> maxpower</td><td>=</td><td>100mA</td></tr><tr><td class="sub-first"> slots</td><td>=</td><td>4</td></tr><tr><td class="sub-first"> speed</td><td>=</td><td>480Mbit/s</td></tr></table></td></tr>
 </tbody>                </table></div>
<div class="indented">
                                      <div class="indented">
                   <table width="100%" class="node" summary="attributes of usb">
 <thead><tr><td class="first">id:</td><td class="second"><div class="id">usb</div></td></tr></thead>
 <tbody>
                      <tr><td class="first">description: </td><td class="second">Mass storage device</td></tr>
                      <tr><td class="first">product: </td><td class="second">STORE N GO</td></tr>
                      <tr><td class="first">vendor: </td><td class="second">Verbatim</td></tr>
                      <tr><td class="first">physical id: </td><td class="second"><div class="id">1</div></td></tr>
                      <tr><td class="first">bus info: </td><td class="second"><div class="id">usb@1:2.1</div></td></tr>
                      <tr><td class="first">logical name: </td><td class="second"><div class="id">scsi2</div></td></tr>
                      <tr><td class="first">version: </td><td class="second">1.00</td></tr>
                      <tr><td class="first">serial: </td><td class="second">90006662E2C44F91</td></tr>
                      <tr><td class="first">capabilities: </td><td class="second"><dfn title="USB 2.0">usb-2.00</dfn> <dfn title="SCSI">scsi</dfn> <dfn title="Emulated device">emulated</dfn> <dfn title="SCSI host adapter">scsi-host</dfn> </td></tr>
                      <tr><td class="first">configuration:</td><td class="second"><table summary="configuration of usb"><tr><td class="sub-first"> driver</td><td>=</td><td>usb-storage</td></tr><tr><td class="sub-first"> maxpower</td><td>=</td><td>200mA</td></tr><tr><td class="sub-first"> speed</td><td>=</td><td>480Mbit/s</td></tr></table></td></tr>
 </tbody>                   </table></div>
<div class="indented">
                                            <div class="indented">
                      <table width="100%" class="node" summary="attributes of disk">
 <thead><tr><td class="first">id:</td><td class="second"><div class="id">disk</div></td></tr></thead>
 <tbody>
                         <tr><td class="first">description: </td><td class="second">SCSI Disk</td></tr>
                         <tr><td class="first">physical id: </td><td class="second"><div class="id">0.0.0</div></td></tr>
                         <tr><td class="first">bus info: </td><td class="second"><div class="id">scsi@2:0.0.0</div></td></tr>
                         <tr><td class="first">logical name: </td><td class="second"><div class="id">/dev/sda</div></td></tr>
                         <tr><td class="first">size: </td><td class="second">7388MiB (7746MB)</td></tr>
                         <tr><td class="first">capabilities: </td><td class="second"><dfn title="Partitioned disk">partitioned</dfn> <dfn title="MS-DOS partition table">partitioned:dos</dfn> </td></tr>
                         <tr><td class="first">configuration:</td><td class="second"><table summary="configuration of disk"><tr><td class="sub-first"> logicalsectorsize</td><td>=</td><td>512</td></tr><tr><td class="sub-first"> sectorsize</td><td>=</td><td>512</td></tr><tr><td class="sub-first"> signature</td><td>=</td><td>b85ea2f1</td></tr></table></td></tr>
 </tbody>                      </table></div>
<div class="indented">
                                                  <div class="indented">
                         <table width="100%" class="node" summary="attributes of volume:0">
 <thead><tr><td class="first">id:</td><td class="second"><div class="id">volume:0</div></td></tr></thead>
 <tbody>
                            <tr><td class="first">description: </td><td class="second">EXT4 volume</td></tr>
                            <tr><td class="first">vendor: </td><td class="second">Linux</td></tr>
                            <tr><td class="first">physical id: </td><td class="second"><div class="id">1</div></td></tr>
                            <tr><td class="first">bus info: </td><td class="second"><div class="id">scsi@2:0.0.0,1</div></td></tr>
                            <tr><td class="first">logical name: </td><td class="second"><div class="id">/dev/sda1</div></td></tr>
                            <tr><td class="first">logical name: </td><td class="second"><div class="id">/</div></td></tr>
                            <tr><td class="first">version: </td><td class="second">1.0</td></tr>
                            <tr><td class="first">serial: </td><td class="second">c7aa6a46-9ecc-4aeb-9c6e-1554c62d8666</td></tr>
                            <tr><td class="first">size: </td><td class="second">6363MiB</td></tr>
                            <tr><td class="first">capacity: </td><td class="second">6363MiB</td></tr>
                            <tr><td class="first">capabilities: </td><td class="second"><dfn title="Primary partition">primary</dfn> <dfn title="Bootable partition (active)">bootable</dfn> <dfn title="">journaled</dfn> <dfn title="Extended Attributes">extended_attributes</dfn> <dfn title="4GB+ files">large_files</dfn> <dfn title="16TB+ files">huge_files</dfn> <dfn title="directories with 65000+ subdirs">dir_nlink</dfn> <dfn title="extent-based allocation">extents</dfn> <dfn title="">ext4</dfn> <dfn title="EXT2/EXT3">ext2</dfn> <dfn title="initialized volume">initialized</dfn> </td></tr>
                            <tr><td class="first">configuration:</td><td class="second"><table summary="configuration of volume:0"><tr><td class="sub-first"> created</td><td>=</td><td>2016-12-09 08:40:01</td></tr><tr><td class="sub-first"> filesystem</td><td>=</td><td>ext4</td></tr><tr><td class="sub-first"> lastmountpoint</td><td>=</td><td>/</td></tr><tr><td class="sub-first"> modified</td><td>=</td><td>2016-12-21 12:11:49</td></tr><tr><td class="sub-first"> mount.fstype</td><td>=</td><td>ext4</td></tr><tr><td class="sub-first"> mount.options</td><td>=</td><td>rw,relatime,errors=remount-ro,data=ordered</td></tr><tr><td class="sub-first"> mounted</td><td>=</td><td>2016-12-21 12:23:41</td></tr><tr><td class="sub-first"> state</td><td>=</td><td>mounted</td></tr></table></td></tr>
 </tbody>                         </table></div>
                         </div>
<div class="indented">
                                                  <div class="indented">
                         <table width="100%" class="node" summary="attributes of volume:1">
 <thead><tr><td class="first">id:</td><td class="second"><div class="id">volume:1</div></td></tr></thead>
 <tbody>
                            <tr><td class="first">description: </td><td class="second">Extended partition</td></tr>
                            <tr><td class="first">physical id: </td><td class="second"><div class="id">2</div></td></tr>
                            <tr><td class="first">bus info: </td><td class="second"><div class="id">scsi@2:0.0.0,2</div></td></tr>
                            <tr><td class="first">logical name: </td><td class="second"><div class="id">/dev/sda2</div></td></tr>
                            <tr><td class="first">size: </td><td class="second">1022MiB</td></tr>
                            <tr><td class="first">capacity: </td><td class="second">1022MiB</td></tr>
                            <tr><td class="first">capabilities: </td><td class="second"><dfn title="Primary partition">primary</dfn> <dfn title="Extended partition">extended</dfn> <dfn title="Partitioned disk">partitioned</dfn> <dfn title="Extended partition">partitioned:extended</dfn> </td></tr>
 </tbody>                         </table></div>
<div class="indented">
                                                        <div class="indented">
                            <table width="100%" class="node" summary="attributes of logicalvolume">
 <thead><tr><td class="first">id:</td><td class="second"><div class="id">logicalvolume</div></td></tr></thead>
 <tbody>
                               <tr><td class="first">description: </td><td class="second">W95 FAT32 partition</td></tr>
                               <tr><td class="first">physical id: </td><td class="second"><div class="id">5</div></td></tr>
                               <tr><td class="first">logical name: </td><td class="second"><div class="id">/dev/sda5</div></td></tr>
                               <tr><td class="first">logical name: </td><td class="second"><div class="id">/windows</div></td></tr>
                               <tr><td class="first">capacity: </td><td class="second">1022MiB</td></tr>
                               <tr><td class="first">configuration:</td><td class="second"><table summary="configuration of logicalvolume"><tr><td class="sub-first"> mount.fstype</td><td>=</td><td>vfat</td></tr><tr><td class="sub-first"> mount.options</td><td>=</td><td>rw,relatime,gid=46,fmask=0007,dmask=0007,allow_utime=0020,codepage=437,iocharset=iso8859-1,shortname=mixed,utf8,errors=remount-ro</td></tr><tr><td class="sub-first"> state</td><td>=</td><td>mounted</td></tr></table></td></tr>
 </tbody>                            </table></div>
                            </div>
                         </div>
                      </div>
                   </div>
                </div>
             </div>
          </div>
<div class="indented">
                    <div class="indented">
          <table width="100%" class="node" summary="attributes of multimedia">
 <thead><tr><td class="first">id:</td><td class="second"><div class="id">multimedia</div></td></tr></thead>
 <tbody>
             <tr><td class="first">description: </td><td class="second">Audio device</td></tr>
             <tr><td class="first">product: </td><td class="second">82801H (ICH8 Family) HD Audio Controller</td></tr>
             <tr><td class="first">vendor: </td><td class="second">Intel Corporation</td></tr>
             <tr><td class="first">physical id: </td><td class="second"><div class="id">1b</div></td></tr>
             <tr><td class="first">bus info: </td><td class="second"><div class="id">pci@0000:00:1b.0</div></td></tr>
             <tr><td class="first">version: </td><td class="second">03</td></tr>
             <tr><td class="first">width: </td><td class="second">64 bits</td></tr>
             <tr><td class="first">clock: </td><td class="second">33MHz</td></tr>
             <tr><td class="first">capabilities: </td><td class="second"><dfn title="Power Management">pm</dfn> <dfn title="Message Signalled Interrupts">msi</dfn> <dfn title="PCI Express">pciexpress</dfn> <dfn title="bus mastering">bus_master</dfn> <dfn title="PCI capabilities listing">cap_list</dfn> </td></tr>
             <tr><td class="first">configuration:</td><td class="second"><table summary="configuration of multimedia"><tr><td class="sub-first"> driver</td><td>=</td><td>snd_hda_intel</td></tr><tr><td class="sub-first"> latency</td><td>=</td><td>0</td></tr></table></td></tr>
             <tr><td class="first">resources:</td><td class="second"><table summary="resources of multimedia"><tr><td class="sub-first"> irq</td><td>:</td><td>30</td></tr><tr><td class="sub-first"> memory</td><td>:</td><td>e8024000-e8027fff</td></tr></table></td></tr>
 </tbody>          </table></div>
          </div>
<div class="indented">
                    <div class="indented">
          <table width="100%" class="node" summary="attributes of pci:1">
 <thead><tr><td class="first">id:</td><td class="second"><div class="id">pci:1</div></td></tr></thead>
 <tbody>
             <tr><td class="first">description: </td><td class="second">PCI bridge</td></tr>
             <tr><td class="first">product: </td><td class="second">82801H (ICH8 Family) PCI Express Port 1</td></tr>
             <tr><td class="first">vendor: </td><td class="second">Intel Corporation</td></tr>
             <tr><td class="first">physical id: </td><td class="second"><div class="id">1c</div></td></tr>
             <tr><td class="first">bus info: </td><td class="second"><div class="id">pci@0000:00:1c.0</div></td></tr>
             <tr><td class="first">version: </td><td class="second">03</td></tr>
             <tr><td class="first">width: </td><td class="second">32 bits</td></tr>
             <tr><td class="first">clock: </td><td class="second">33MHz</td></tr>
             <tr><td class="first">capabilities: </td><td class="second"><dfn title="">pci</dfn> <dfn title="PCI Express">pciexpress</dfn> <dfn title="Message Signalled Interrupts">msi</dfn> <dfn title="Power Management">pm</dfn> <dfn title="">normal_decode</dfn> <dfn title="bus mastering">bus_master</dfn> <dfn title="PCI capabilities listing">cap_list</dfn> </td></tr>
             <tr><td class="first">configuration:</td><td class="second"><table summary="configuration of pci:1"><tr><td class="sub-first"> driver</td><td>=</td><td>pcieport</td></tr></table></td></tr>
             <tr><td class="first">resources:</td><td class="second"><table summary="resources of pci:1"><tr><td class="sub-first"> irq</td><td>:</td><td>25</td></tr></table></td></tr>
 </tbody>          </table></div>
          </div>
<div class="indented">
                    <div class="indented">
          <table width="100%" class="node" summary="attributes of pci:2">
 <thead><tr><td class="first">id:</td><td class="second"><div class="id">pci:2</div></td></tr></thead>
 <tbody>
             <tr><td class="first">description: </td><td class="second">PCI bridge</td></tr>
             <tr><td class="first">product: </td><td class="second">82801H (ICH8 Family) PCI Express Port 2</td></tr>
             <tr><td class="first">vendor: </td><td class="second">Intel Corporation</td></tr>
             <tr><td class="first">physical id: </td><td class="second"><div class="id">1c.1</div></td></tr>
             <tr><td class="first">bus info: </td><td class="second"><div class="id">pci@0000:00:1c.1</div></td></tr>
             <tr><td class="first">version: </td><td class="second">03</td></tr>
             <tr><td class="first">width: </td><td class="second">32 bits</td></tr>
             <tr><td class="first">clock: </td><td class="second">33MHz</td></tr>
             <tr><td class="first">capabilities: </td><td class="second"><dfn title="">pci</dfn> <dfn title="PCI Express">pciexpress</dfn> <dfn title="Message Signalled Interrupts">msi</dfn> <dfn title="Power Management">pm</dfn> <dfn title="">normal_decode</dfn> <dfn title="bus mastering">bus_master</dfn> <dfn title="PCI capabilities listing">cap_list</dfn> </td></tr>
             <tr><td class="first">configuration:</td><td class="second"><table summary="configuration of pci:2"><tr><td class="sub-first"> driver</td><td>=</td><td>pcieport</td></tr></table></td></tr>
             <tr><td class="first">resources:</td><td class="second"><table summary="resources of pci:2"><tr><td class="sub-first"> irq</td><td>:</td><td>26</td></tr></table></td></tr>
 </tbody>          </table></div>
          </div>
<div class="indented">
                    <div class="indented">
          <table width="100%" class="node" summary="attributes of pci:3">
 <thead><tr><td class="first">id:</td><td class="second"><div class="id">pci:3</div></td></tr></thead>
 <tbody>
             <tr><td class="first">description: </td><td class="second">PCI bridge</td></tr>
             <tr><td class="first">product: </td><td class="second">82801H (ICH8 Family) PCI Express Port 5</td></tr>
             <tr><td class="first">vendor: </td><td class="second">Intel Corporation</td></tr>
             <tr><td class="first">physical id: </td><td class="second"><div class="id">1c.4</div></td></tr>
             <tr><td class="first">bus info: </td><td class="second"><div class="id">pci@0000:00:1c.4</div></td></tr>
             <tr><td class="first">version: </td><td class="second">03</td></tr>
             <tr><td class="first">width: </td><td class="second">32 bits</td></tr>
             <tr><td class="first">clock: </td><td class="second">33MHz</td></tr>
             <tr><td class="first">capabilities: </td><td class="second"><dfn title="">pci</dfn> <dfn title="PCI Express">pciexpress</dfn> <dfn title="Message Signalled Interrupts">msi</dfn> <dfn title="Power Management">pm</dfn> <dfn title="">normal_decode</dfn> <dfn title="bus mastering">bus_master</dfn> <dfn title="PCI capabilities listing">cap_list</dfn> </td></tr>
             <tr><td class="first">configuration:</td><td class="second"><table summary="configuration of pci:3"><tr><td class="sub-first"> driver</td><td>=</td><td>pcieport</td></tr></table></td></tr>
             <tr><td class="first">resources:</td><td class="second"><table summary="resources of pci:3"><tr><td class="sub-first"> irq</td><td>:</td><td>27</td></tr><tr><td class="sub-first"> ioport</td><td>:</td><td>2000(size=8192)</td></tr><tr><td class="sub-first"> memory</td><td>:</td><td>e0000000-e3ffffff</td></tr><tr><td class="sub-first"> ioport</td><td>:</td><td>c0000000(size=2097152)</td></tr></table></td></tr>
 </tbody>          </table></div>
          </div>
<div class="indented">
                    <div class="indented">
          <table width="100%" class="node" summary="attributes of usb:3">
 <thead><tr><td class="first">id:</td><td class="second"><div class="id">usb:3</div></td></tr></thead>
 <tbody>
             <tr><td class="first">description: </td><td class="second">USB controller</td></tr>
             <tr><td class="first">product: </td><td class="second">82801H (ICH8 Family) USB UHCI Controller #1</td></tr>
             <tr><td class="first">vendor: </td><td class="second">Intel Corporation</td></tr>
             <tr><td class="first">physical id: </td><td class="second"><div class="id">1d</div></td></tr>
             <tr><td class="first">bus info: </td><td class="second"><div class="id">pci@0000:00:1d.0</div></td></tr>
             <tr><td class="first">version: </td><td class="second">03</td></tr>
             <tr><td class="first">width: </td><td class="second">32 bits</td></tr>
             <tr><td class="first">clock: </td><td class="second">33MHz</td></tr>
             <tr><td class="first">capabilities: </td><td class="second"><dfn title="Universal Host Controller Interface (USB1)">uhci</dfn> <dfn title="bus mastering">bus_master</dfn> </td></tr>
             <tr><td class="first">configuration:</td><td class="second"><table summary="configuration of usb:3"><tr><td class="sub-first"> driver</td><td>=</td><td>uhci_hcd</td></tr><tr><td class="sub-first"> latency</td><td>=</td><td>0</td></tr></table></td></tr>
             <tr><td class="first">resources:</td><td class="second"><table summary="resources of usb:3"><tr><td class="sub-first"> irq</td><td>:</td><td>20</td></tr><tr><td class="sub-first"> ioport</td><td>:</td><td>5060(size=32)</td></tr></table></td></tr>
 </tbody>          </table></div>
<div class="indented">
                          <div class="indented">
             <table width="100%" class="node" summary="attributes of usbhost">
 <thead><tr><td class="first">id:</td><td class="second"><div class="id">usbhost</div></td></tr></thead>
 <tbody>
                <tr><td class="first">product: </td><td class="second">UHCI Host Controller</td></tr>
                <tr><td class="first">vendor: </td><td class="second">Linux 4.4.0-31-generic uhci_hcd</td></tr>
                <tr><td class="first">physical id: </td><td class="second"><div class="id">1</div></td></tr>
                <tr><td class="first">bus info: </td><td class="second"><div class="id">usb@5</div></td></tr>
                <tr><td class="first">logical name: </td><td class="second"><div class="id">usb5</div></td></tr>
                <tr><td class="first">version: </td><td class="second">4.04</td></tr>
                <tr><td class="first">capabilities: </td><td class="second"><dfn title="USB 1.1">usb-1.10</dfn> </td></tr>
                <tr><td class="first">configuration:</td><td class="second"><table summary="configuration of usbhost"><tr><td class="sub-first"> driver</td><td>=</td><td>hub</td></tr><tr><td class="sub-first"> slots</td><td>=</td><td>2</td></tr><tr><td class="sub-first"> speed</td><td>=</td><td>12Mbit/s</td></tr></table></td></tr>
 </tbody>             </table></div>
<div class="indented">
                                <div class="indented">
                <table width="100%" class="node-unclaimed" summary="attributes of usb">
 <thead><tr><td class="first">id:</td><td class="second"><div class="id">usb</div></td></tr></thead>
 <tbody>
                   <tr><td class="first">description: </td><td class="second">Generic USB device</td></tr>
                   <tr><td class="first">product: </td><td class="second">Fingerprint Sensor</td></tr>
                   <tr><td class="first">vendor: </td><td class="second">AuthenTec, Inc.</td></tr>
                   <tr><td class="first">physical id: </td><td class="second"><div class="id">2</div></td></tr>
                   <tr><td class="first">bus info: </td><td class="second"><div class="id">usb@5:2</div></td></tr>
                   <tr><td class="first">version: </td><td class="second">6.23</td></tr>
                   <tr><td class="first">capabilities: </td><td class="second"><dfn title="USB 1.1">usb-1.10</dfn> </td></tr>
                   <tr><td class="first">configuration:</td><td class="second"><table summary="configuration of usb"><tr><td class="sub-first"> maxpower</td><td>=</td><td>100mA</td></tr><tr><td class="sub-first"> speed</td><td>=</td><td>12Mbit/s</td></tr></table></td></tr>
 </tbody>                </table></div>
                </div>
             </div>
          </div>
<div class="indented">
                    <div class="indented">
          <table width="100%" class="node" summary="attributes of usb:4">
 <thead><tr><td class="first">id:</td><td class="second"><div class="id">usb:4</div></td></tr></thead>
 <tbody>
             <tr><td class="first">description: </td><td class="second">USB controller</td></tr>
             <tr><td class="first">product: </td><td class="second">82801H (ICH8 Family) USB UHCI Controller #2</td></tr>
             <tr><td class="first">vendor: </td><td class="second">Intel Corporation</td></tr>
             <tr><td class="first">physical id: </td><td class="second"><div class="id">1d.1</div></td></tr>
             <tr><td class="first">bus info: </td><td class="second"><div class="id">pci@0000:00:1d.1</div></td></tr>
             <tr><td class="first">version: </td><td class="second">03</td></tr>
             <tr><td class="first">width: </td><td class="second">32 bits</td></tr>
             <tr><td class="first">clock: </td><td class="second">33MHz</td></tr>
             <tr><td class="first">capabilities: </td><td class="second"><dfn title="Universal Host Controller Interface (USB1)">uhci</dfn> <dfn title="bus mastering">bus_master</dfn> </td></tr>
             <tr><td class="first">configuration:</td><td class="second"><table summary="configuration of usb:4"><tr><td class="sub-first"> driver</td><td>=</td><td>uhci_hcd</td></tr><tr><td class="sub-first"> latency</td><td>=</td><td>0</td></tr></table></td></tr>
             <tr><td class="first">resources:</td><td class="second"><table summary="resources of usb:4"><tr><td class="sub-first"> irq</td><td>:</td><td>22</td></tr><tr><td class="sub-first"> ioport</td><td>:</td><td>5080(size=32)</td></tr></table></td></tr>
 </tbody>          </table></div>
<div class="indented">
                          <div class="indented">
             <table width="100%" class="node" summary="attributes of usbhost">
 <thead><tr><td class="first">id:</td><td class="second"><div class="id">usbhost</div></td></tr></thead>
 <tbody>
                <tr><td class="first">product: </td><td class="second">UHCI Host Controller</td></tr>
                <tr><td class="first">vendor: </td><td class="second">Linux 4.4.0-31-generic uhci_hcd</td></tr>
                <tr><td class="first">physical id: </td><td class="second"><div class="id">1</div></td></tr>
                <tr><td class="first">bus info: </td><td class="second"><div class="id">usb@6</div></td></tr>
                <tr><td class="first">logical name: </td><td class="second"><div class="id">usb6</div></td></tr>
                <tr><td class="first">version: </td><td class="second">4.04</td></tr>
                <tr><td class="first">capabilities: </td><td class="second"><dfn title="USB 1.1">usb-1.10</dfn> </td></tr>
                <tr><td class="first">configuration:</td><td class="second"><table summary="configuration of usbhost"><tr><td class="sub-first"> driver</td><td>=</td><td>hub</td></tr><tr><td class="sub-first"> slots</td><td>=</td><td>2</td></tr><tr><td class="sub-first"> speed</td><td>=</td><td>12Mbit/s</td></tr></table></td></tr>
 </tbody>             </table></div>
             </div>
          </div>
<div class="indented">
                    <div class="indented">
          <table width="100%" class="node" summary="attributes of usb:5">
 <thead><tr><td class="first">id:</td><td class="second"><div class="id">usb:5</div></td></tr></thead>
 <tbody>
             <tr><td class="first">description: </td><td class="second">USB controller</td></tr>
             <tr><td class="first">product: </td><td class="second">82801H (ICH8 Family) USB UHCI Controller #3</td></tr>
             <tr><td class="first">vendor: </td><td class="second">Intel Corporation</td></tr>
             <tr><td class="first">physical id: </td><td class="second"><div class="id">1d.2</div></td></tr>
             <tr><td class="first">bus info: </td><td class="second"><div class="id">pci@0000:00:1d.2</div></td></tr>
             <tr><td class="first">version: </td><td class="second">03</td></tr>
             <tr><td class="first">width: </td><td class="second">32 bits</td></tr>
             <tr><td class="first">clock: </td><td class="second">33MHz</td></tr>
             <tr><td class="first">capabilities: </td><td class="second"><dfn title="Universal Host Controller Interface (USB1)">uhci</dfn> <dfn title="bus mastering">bus_master</dfn> </td></tr>
             <tr><td class="first">configuration:</td><td class="second"><table summary="configuration of usb:5"><tr><td class="sub-first"> driver</td><td>=</td><td>uhci_hcd</td></tr><tr><td class="sub-first"> latency</td><td>=</td><td>0</td></tr></table></td></tr>
             <tr><td class="first">resources:</td><td class="second"><table summary="resources of usb:5"><tr><td class="sub-first"> irq</td><td>:</td><td>18</td></tr><tr><td class="sub-first"> ioport</td><td>:</td><td>50a0(size=32)</td></tr></table></td></tr>
 </tbody>          </table></div>
<div class="indented">
                          <div class="indented">
             <table width="100%" class="node" summary="attributes of usbhost">
 <thead><tr><td class="first">id:</td><td class="second"><div class="id">usbhost</div></td></tr></thead>
 <tbody>
                <tr><td class="first">product: </td><td class="second">UHCI Host Controller</td></tr>
                <tr><td class="first">vendor: </td><td class="second">Linux 4.4.0-31-generic uhci_hcd</td></tr>
                <tr><td class="first">physical id: </td><td class="second"><div class="id">1</div></td></tr>
                <tr><td class="first">bus info: </td><td class="second"><div class="id">usb@7</div></td></tr>
                <tr><td class="first">logical name: </td><td class="second"><div class="id">usb7</div></td></tr>
                <tr><td class="first">version: </td><td class="second">4.04</td></tr>
                <tr><td class="first">capabilities: </td><td class="second"><dfn title="USB 1.1">usb-1.10</dfn> </td></tr>
                <tr><td class="first">configuration:</td><td class="second"><table summary="configuration of usbhost"><tr><td class="sub-first"> driver</td><td>=</td><td>hub</td></tr><tr><td class="sub-first"> slots</td><td>=</td><td>2</td></tr><tr><td class="sub-first"> speed</td><td>=</td><td>12Mbit/s</td></tr></table></td></tr>
 </tbody>             </table></div>
             </div>
          </div>
<div class="indented">
                    <div class="indented">
          <table width="100%" class="node" summary="attributes of usb:6">
 <thead><tr><td class="first">id:</td><td class="second"><div class="id">usb:6</div></td></tr></thead>
 <tbody>
             <tr><td class="first">description: </td><td class="second">USB controller</td></tr>
             <tr><td class="first">product: </td><td class="second">82801H (ICH8 Family) USB2 EHCI Controller #1</td></tr>
             <tr><td class="first">vendor: </td><td class="second">Intel Corporation</td></tr>
             <tr><td class="first">physical id: </td><td class="second"><div class="id">1d.7</div></td></tr>
             <tr><td class="first">bus info: </td><td class="second"><div class="id">pci@0000:00:1d.7</div></td></tr>
             <tr><td class="first">version: </td><td class="second">03</td></tr>
             <tr><td class="first">width: </td><td class="second">32 bits</td></tr>
             <tr><td class="first">clock: </td><td class="second">33MHz</td></tr>
             <tr><td class="first">capabilities: </td><td class="second"><dfn title="Power Management">pm</dfn> <dfn title="Debug port">debug</dfn> <dfn title="Enhanced Host Controller Interface (USB2)">ehci</dfn> <dfn title="bus mastering">bus_master</dfn> <dfn title="PCI capabilities listing">cap_list</dfn> </td></tr>
             <tr><td class="first">configuration:</td><td class="second"><table summary="configuration of usb:6"><tr><td class="sub-first"> driver</td><td>=</td><td>ehci-pci</td></tr><tr><td class="sub-first"> latency</td><td>=</td><td>0</td></tr></table></td></tr>
             <tr><td class="first">resources:</td><td class="second"><table summary="resources of usb:6"><tr><td class="sub-first"> irq</td><td>:</td><td>20</td></tr><tr><td class="sub-first"> memory</td><td>:</td><td>e8028000-e80283ff</td></tr></table></td></tr>
 </tbody>          </table></div>
<div class="indented">
                          <div class="indented">
             <table width="100%" class="node" summary="attributes of usbhost">
 <thead><tr><td class="first">id:</td><td class="second"><div class="id">usbhost</div></td></tr></thead>
 <tbody>
                <tr><td class="first">product: </td><td class="second">EHCI Host Controller</td></tr>
                <tr><td class="first">vendor: </td><td class="second">Linux 4.4.0-31-generic ehci_hcd</td></tr>
                <tr><td class="first">physical id: </td><td class="second"><div class="id">1</div></td></tr>
                <tr><td class="first">bus info: </td><td class="second"><div class="id">usb@2</div></td></tr>
                <tr><td class="first">logical name: </td><td class="second"><div class="id">usb2</div></td></tr>
                <tr><td class="first">version: </td><td class="second">4.04</td></tr>
                <tr><td class="first">capabilities: </td><td class="second"><dfn title="USB 2.0">usb-2.00</dfn> </td></tr>
                <tr><td class="first">configuration:</td><td class="second"><table summary="configuration of usbhost"><tr><td class="sub-first"> driver</td><td>=</td><td>hub</td></tr><tr><td class="sub-first"> slots</td><td>=</td><td>6</td></tr><tr><td class="sub-first"> speed</td><td>=</td><td>480Mbit/s</td></tr></table></td></tr>
 </tbody>             </table></div>
             </div>
          </div>
<div class="indented">
                    <div class="indented">
          <table width="100%" class="node" summary="attributes of pci:4">
 <thead><tr><td class="first">id:</td><td class="second"><div class="id">pci:4</div></td></tr></thead>
 <tbody>
             <tr><td class="first">description: </td><td class="second">PCI bridge</td></tr>
             <tr><td class="first">product: </td><td class="second">82801 Mobile PCI Bridge</td></tr>
             <tr><td class="first">vendor: </td><td class="second">Intel Corporation</td></tr>
             <tr><td class="first">physical id: </td><td class="second"><div class="id">1e</div></td></tr>
             <tr><td class="first">bus info: </td><td class="second"><div class="id">pci@0000:00:1e.0</div></td></tr>
             <tr><td class="first">version: </td><td class="second">f3</td></tr>
             <tr><td class="first">width: </td><td class="second">32 bits</td></tr>
             <tr><td class="first">clock: </td><td class="second">33MHz</td></tr>
             <tr><td class="first">capabilities: </td><td class="second"><dfn title="">pci</dfn> <dfn title="">subtractive_decode</dfn> <dfn title="bus mastering">bus_master</dfn> <dfn title="PCI capabilities listing">cap_list</dfn> </td></tr>
             <tr><td class="first">resources:</td><td class="second"><table summary="resources of pci:4"><tr><td class="sub-first"> ioport</td><td>:</td><td>6000(size=4096)</td></tr><tr><td class="sub-first"> memory</td><td>:</td><td>e4000000-e42fffff</td></tr></table></td></tr>
 </tbody>          </table></div>
<div class="indented">
                          <div class="indented">
             <table width="100%" class="node" summary="attributes of pcmcia:0">
 <thead><tr><td class="first">id:</td><td class="second"><div class="id">pcmcia:0</div></td></tr></thead>
 <tbody>
                <tr><td class="first">description: </td><td class="second">CardBus bridge</td></tr>
                <tr><td class="first">product: </td><td class="second">RL5c476 II</td></tr>
                <tr><td class="first">vendor: </td><td class="second">Ricoh Co Ltd</td></tr>
                <tr><td class="first">physical id: </td><td class="second"><div class="id">6</div></td></tr>
                <tr><td class="first">bus info: </td><td class="second"><div class="id">pci@0000:02:06.0</div></td></tr>
                <tr><td class="first">version: </td><td class="second">b9</td></tr>
                <tr><td class="first">width: </td><td class="second">64 bits</td></tr>
                <tr><td class="first">clock: </td><td class="second">33MHz</td></tr>
                <tr><td class="first">capabilities: </td><td class="second"><dfn title="PC-Card (PCMCIA)">pcmcia</dfn> <dfn title="bus mastering">bus_master</dfn> <dfn title="PCI capabilities listing">cap_list</dfn> </td></tr>
                <tr><td class="first">configuration:</td><td class="second"><table summary="configuration of pcmcia:0"><tr><td class="sub-first"> driver</td><td>=</td><td>yenta_cardbus</td></tr><tr><td class="sub-first"> latency</td><td>=</td><td>176</td></tr><tr><td class="sub-first"> maxlatency</td><td>=</td><td>5</td></tr><tr><td class="sub-first"> mingnt</td><td>=</td><td>128</td></tr></table></td></tr>
                <tr><td class="first">resources:</td><td class="second"><table summary="resources of pcmcia:0"><tr><td class="sub-first"> iomemory</td><td>:</td><td>b00303020-b0030301f</td></tr><tr><td class="sub-first"> irq</td><td>:</td><td>18</td></tr><tr><td class="sub-first"> memory</td><td>:</td><td>e4000000-e4000fff</td></tr><tr><td class="sub-first"> ioport</td><td>:</td><td>6000(size=256)</td></tr><tr><td class="sub-first"> ioport</td><td>:</td><td>6400(size=256)</td></tr><tr><td class="sub-first"> memory</td><td>:</td><td>c4000000-c7ffffff</td></tr><tr><td class="sub-first"> memory</td><td>:</td><td>c8000000-cbffffff</td></tr></table></td></tr>
 </tbody>             </table></div>
             </div>
<div class="indented">
                          <div class="indented">
             <table width="100%" class="node" summary="attributes of pcmcia:1">
 <thead><tr><td class="first">id:</td><td class="second"><div class="id">pcmcia:1</div></td></tr></thead>
 <tbody>
                <tr><td class="first">description: </td><td class="second">CardBus bridge</td></tr>
                <tr><td class="first">product: </td><td class="second">RL5c476 II</td></tr>
                <tr><td class="first">vendor: </td><td class="second">Ricoh Co Ltd</td></tr>
                <tr><td class="first">physical id: </td><td class="second"><div class="id">6.1</div></td></tr>
                <tr><td class="first">bus info: </td><td class="second"><div class="id">pci@0000:02:06.1</div></td></tr>
                <tr><td class="first">version: </td><td class="second">b9</td></tr>
                <tr><td class="first">width: </td><td class="second">64 bits</td></tr>
                <tr><td class="first">clock: </td><td class="second">33MHz</td></tr>
                <tr><td class="first">capabilities: </td><td class="second"><dfn title="PC-Card (PCMCIA)">pcmcia</dfn> <dfn title="bus mastering">bus_master</dfn> <dfn title="PCI capabilities listing">cap_list</dfn> </td></tr>
                <tr><td class="first">configuration:</td><td class="second"><table summary="configuration of pcmcia:1"><tr><td class="sub-first"> driver</td><td>=</td><td>yenta_cardbus</td></tr><tr><td class="sub-first"> latency</td><td>=</td><td>176</td></tr><tr><td class="sub-first"> maxlatency</td><td>=</td><td>5</td></tr></table></td></tr>
                <tr><td class="first">resources:</td><td class="second"><table summary="resources of pcmcia:1"><tr><td class="sub-first"> iomemory</td><td>:</td><td>b00704020-b0070401f</td></tr><tr><td class="sub-first"> irq</td><td>:</td><td>19</td></tr><tr><td class="sub-first"> memory</td><td>:</td><td>e4001000-e4001fff</td></tr><tr><td class="sub-first"> ioport</td><td>:</td><td>6800(size=256)</td></tr><tr><td class="sub-first"> ioport</td><td>:</td><td>6c00(size=256)</td></tr><tr><td class="sub-first"> memory</td><td>:</td><td>cc000000-cfffffff</td></tr><tr><td class="sub-first"> memory</td><td>:</td><td>ec000000-efffffff</td></tr></table></td></tr>
 </tbody>             </table></div>
             </div>
<div class="indented">
                          <div class="indented">
             <table width="100%" class="node" summary="attributes of firewire">
 <thead><tr><td class="first">id:</td><td class="second"><div class="id">firewire</div></td></tr></thead>
 <tbody>
                <tr><td class="first">description: </td><td class="second">FireWire (IEEE 1394)</td></tr>
                <tr><td class="first">product: </td><td class="second">R5C832 IEEE 1394 Controller</td></tr>
                <tr><td class="first">vendor: </td><td class="second">Ricoh Co Ltd</td></tr>
                <tr><td class="first">physical id: </td><td class="second"><div class="id">6.2</div></td></tr>
                <tr><td class="first">bus info: </td><td class="second"><div class="id">pci@0000:02:06.2</div></td></tr>
                <tr><td class="first">version: </td><td class="second">03</td></tr>
                <tr><td class="first">width: </td><td class="second">32 bits</td></tr>
                <tr><td class="first">clock: </td><td class="second">33MHz</td></tr>
                <tr><td class="first">capabilities: </td><td class="second"><dfn title="Power Management">pm</dfn> <dfn title="Open Host Controller Interface">ohci</dfn> <dfn title="bus mastering">bus_master</dfn> <dfn title="PCI capabilities listing">cap_list</dfn> </td></tr>
                <tr><td class="first">configuration:</td><td class="second"><table summary="configuration of firewire"><tr><td class="sub-first"> driver</td><td>=</td><td>firewire_ohci</td></tr><tr><td class="sub-first"> latency</td><td>=</td><td>64</td></tr><tr><td class="sub-first"> maxlatency</td><td>=</td><td>4</td></tr><tr><td class="sub-first"> mingnt</td><td>=</td><td>2</td></tr></table></td></tr>
                <tr><td class="first">resources:</td><td class="second"><table summary="resources of firewire"><tr><td class="sub-first"> irq</td><td>:</td><td>20</td></tr><tr><td class="sub-first"> memory</td><td>:</td><td>e4002000-e40027ff</td></tr></table></td></tr>
 </tbody>             </table></div>
             </div>
<div class="indented">
                          <div class="indented">
             <table width="100%" class="node" summary="attributes of generic:0">
 <thead><tr><td class="first">id:</td><td class="second"><div class="id">generic:0</div></td></tr></thead>
 <tbody>
                <tr><td class="first">description: </td><td class="second">SD Host controller</td></tr>
                <tr><td class="first">product: </td><td class="second">R5C822 SD/SDIO/MMC/MS/MSPro Host Adapter</td></tr>
                <tr><td class="first">vendor: </td><td class="second">Ricoh Co Ltd</td></tr>
                <tr><td class="first">physical id: </td><td class="second"><div class="id">6.3</div></td></tr>
                <tr><td class="first">bus info: </td><td class="second"><div class="id">pci@0000:02:06.3</div></td></tr>
                <tr><td class="first">version: </td><td class="second">20</td></tr>
                <tr><td class="first">width: </td><td class="second">32 bits</td></tr>
                <tr><td class="first">clock: </td><td class="second">33MHz</td></tr>
                <tr><td class="first">capabilities: </td><td class="second"><dfn title="Power Management">pm</dfn> <dfn title="bus mastering">bus_master</dfn> <dfn title="PCI capabilities listing">cap_list</dfn> </td></tr>
                <tr><td class="first">configuration:</td><td class="second"><table summary="configuration of generic:0"><tr><td class="sub-first"> driver</td><td>=</td><td>sdhci-pci</td></tr><tr><td class="sub-first"> latency</td><td>=</td><td>64</td></tr></table></td></tr>
                <tr><td class="first">resources:</td><td class="second"><table summary="resources of generic:0"><tr><td class="sub-first"> irq</td><td>:</td><td>19</td></tr><tr><td class="sub-first"> memory</td><td>:</td><td>e4003000-e40030ff</td></tr></table></td></tr>
 </tbody>             </table></div>
             </div>
<div class="indented">
                          <div class="indented">
             <table width="100%" class="node" summary="attributes of generic:1">
 <thead><tr><td class="first">id:</td><td class="second"><div class="id">generic:1</div></td></tr></thead>
 <tbody>
                <tr><td class="first">description: </td><td class="second">System peripheral</td></tr>
                <tr><td class="first">product: </td><td class="second">R5C592 Memory Stick Bus Host Adapter</td></tr>
                <tr><td class="first">vendor: </td><td class="second">Ricoh Co Ltd</td></tr>
                <tr><td class="first">physical id: </td><td class="second"><div class="id">6.5</div></td></tr>
                <tr><td class="first">bus info: </td><td class="second"><div class="id">pci@0000:02:06.5</div></td></tr>
                <tr><td class="first">version: </td><td class="second">10</td></tr>
                <tr><td class="first">width: </td><td class="second">32 bits</td></tr>
                <tr><td class="first">clock: </td><td class="second">33MHz</td></tr>
                <tr><td class="first">capabilities: </td><td class="second"><dfn title="Power Management">pm</dfn> <dfn title="bus mastering">bus_master</dfn> <dfn title="PCI capabilities listing">cap_list</dfn> </td></tr>
                <tr><td class="first">configuration:</td><td class="second"><table summary="configuration of generic:1"><tr><td class="sub-first"> driver</td><td>=</td><td>r592</td></tr><tr><td class="sub-first"> latency</td><td>=</td><td>64</td></tr></table></td></tr>
                <tr><td class="first">resources:</td><td class="second"><table summary="resources of generic:1"><tr><td class="sub-first"> irq</td><td>:</td><td>19</td></tr><tr><td class="sub-first"> memory</td><td>:</td><td>e4005000-e40050ff</td></tr></table></td></tr>
 </tbody>             </table></div>
             </div>
<div class="indented">
                          <div class="indented">
             <table width="100%" class="node" summary="attributes of generic:2">
 <thead><tr><td class="first">id:</td><td class="second"><div class="id">generic:2</div></td></tr></thead>
 <tbody>
                <tr><td class="first">description: </td><td class="second">System peripheral</td></tr>
                <tr><td class="first">product: </td><td class="second">xD-Picture Card Controller</td></tr>
                <tr><td class="first">vendor: </td><td class="second">Ricoh Co Ltd</td></tr>
                <tr><td class="first">physical id: </td><td class="second"><div class="id">6.6</div></td></tr>
                <tr><td class="first">bus info: </td><td class="second"><div class="id">pci@0000:02:06.6</div></td></tr>
                <tr><td class="first">version: </td><td class="second">10</td></tr>
                <tr><td class="first">width: </td><td class="second">32 bits</td></tr>
                <tr><td class="first">clock: </td><td class="second">33MHz</td></tr>
                <tr><td class="first">capabilities: </td><td class="second"><dfn title="Power Management">pm</dfn> <dfn title="bus mastering">bus_master</dfn> <dfn title="PCI capabilities listing">cap_list</dfn> </td></tr>
                <tr><td class="first">configuration:</td><td class="second"><table summary="configuration of generic:2"><tr><td class="sub-first"> driver</td><td>=</td><td>r852</td></tr><tr><td class="sub-first"> latency</td><td>=</td><td>64</td></tr></table></td></tr>
                <tr><td class="first">resources:</td><td class="second"><table summary="resources of generic:2"><tr><td class="sub-first"> irq</td><td>:</td><td>19</td></tr><tr><td class="sub-first"> memory</td><td>:</td><td>e4006000-e40060ff</td></tr></table></td></tr>
 </tbody>             </table></div>
             </div>
          </div>
<div class="indented">
                    <div class="indented">
          <table width="100%" class="node" summary="attributes of isa">
 <thead><tr><td class="first">id:</td><td class="second"><div class="id">isa</div></td></tr></thead>
 <tbody>
             <tr><td class="first">description: </td><td class="second">ISA bridge</td></tr>
             <tr><td class="first">product: </td><td class="second">82801HEM (ICH8M-E) LPC Interface Controller</td></tr>
             <tr><td class="first">vendor: </td><td class="second">Intel Corporation</td></tr>
             <tr><td class="first">physical id: </td><td class="second"><div class="id">1f</div></td></tr>
             <tr><td class="first">bus info: </td><td class="second"><div class="id">pci@0000:00:1f.0</div></td></tr>
             <tr><td class="first">version: </td><td class="second">03</td></tr>
             <tr><td class="first">width: </td><td class="second">32 bits</td></tr>
             <tr><td class="first">clock: </td><td class="second">33MHz</td></tr>
             <tr><td class="first">capabilities: </td><td class="second"><dfn title="">isa</dfn> <dfn title="bus mastering">bus_master</dfn> <dfn title="PCI capabilities listing">cap_list</dfn> </td></tr>
             <tr><td class="first">configuration:</td><td class="second"><table summary="configuration of isa"><tr><td class="sub-first"> driver</td><td>=</td><td>lpc_ich</td></tr><tr><td class="sub-first"> latency</td><td>=</td><td>0</td></tr></table></td></tr>
             <tr><td class="first">resources:</td><td class="second"><table summary="resources of isa"><tr><td class="sub-first"> irq</td><td>:</td><td>0</td></tr></table></td></tr>
 </tbody>          </table></div>
          </div>
<div class="indented">
                    <div class="indented">
          <table width="100%" class="node" summary="attributes of ide">
 <thead><tr><td class="first">id:</td><td class="second"><div class="id">ide</div></td></tr></thead>
 <tbody>
             <tr><td class="first">description: </td><td class="second">IDE interface</td></tr>
             <tr><td class="first">product: </td><td class="second">82801HM/HEM (ICH8M/ICH8M-E) SATA Controller [IDE mode]</td></tr>
             <tr><td class="first">vendor: </td><td class="second">Intel Corporation</td></tr>
             <tr><td class="first">physical id: </td><td class="second"><div class="id">1f.2</div></td></tr>
             <tr><td class="first">bus info: </td><td class="second"><div class="id">pci@0000:00:1f.2</div></td></tr>
             <tr><td class="first">version: </td><td class="second">03</td></tr>
             <tr><td class="first">width: </td><td class="second">32 bits</td></tr>
             <tr><td class="first">clock: </td><td class="second">66MHz</td></tr>
             <tr><td class="first">capabilities: </td><td class="second"><dfn title="">ide</dfn> <dfn title="Power Management">pm</dfn> <dfn title="bus mastering">bus_master</dfn> <dfn title="PCI capabilities listing">cap_list</dfn> </td></tr>
             <tr><td class="first">configuration:</td><td class="second"><table summary="configuration of ide"><tr><td class="sub-first"> driver</td><td>=</td><td>ata_piix</td></tr><tr><td class="sub-first"> latency</td><td>=</td><td>0</td></tr></table></td></tr>
             <tr><td class="first">resources:</td><td class="second"><table summary="resources of ide"><tr><td class="sub-first"> irq</td><td>:</td><td>21</td></tr><tr><td class="sub-first"> ioport</td><td>:</td><td>1f0(size=8)</td></tr><tr><td class="sub-first"> ioport</td><td>:</td><td>3f6</td></tr><tr><td class="sub-first"> ioport</td><td>:</td><td>170(size=8)</td></tr><tr><td class="sub-first"> ioport</td><td>:</td><td>376</td></tr><tr><td class="sub-first"> ioport</td><td>:</td><td>50c0(size=16)</td></tr><tr><td class="sub-first"> ioport</td><td>:</td><td>50d0(size=16)</td></tr></table></td></tr>
 </tbody>          </table></div>
          </div>
       </div>
<div class="indented">
              <div class="indented">
       <table width="100%" class="node" summary="attributes of scsi">
 <thead><tr><td class="first">id:</td><td class="second"><div class="id">scsi</div></td></tr></thead>
 <tbody>
          <tr><td class="first">physical id: </td><td class="second"><div class="id">1</div></td></tr>
          <tr><td class="first">logical name: </td><td class="second"><div class="id">scsi1</div></td></tr>
          <tr><td class="first">capabilities: </td><td class="second"><dfn title="Emulated device">emulated</dfn> </td></tr>
 </tbody>       </table></div>
<div class="indented">
                    <div class="indented">
          <table width="100%" class="node" summary="attributes of cdrom">
 <thead><tr><td class="first">id:</td><td class="second"><div class="id">cdrom</div></td></tr></thead>
 <tbody>
             <tr><td class="first">description: </td><td class="second">DVD writer</td></tr>
             <tr><td class="first">product: </td><td class="second">CD/DVDW SD-R6472</td></tr>
             <tr><td class="first">vendor: </td><td class="second">TOSHIBA</td></tr>
             <tr><td class="first">physical id: </td><td class="second"><div class="id">0.0.0</div></td></tr>
             <tr><td class="first">bus info: </td><td class="second"><div class="id">scsi@1:0.0.0</div></td></tr>
             <tr><td class="first">logical name: </td><td class="second"><div class="id">/dev/cdrom</div></td></tr>
             <tr><td class="first">logical name: </td><td class="second"><div class="id">/dev/cdrw</div></td></tr>
             <tr><td class="first">logical name: </td><td class="second"><div class="id">/dev/dvd</div></td></tr>
             <tr><td class="first">logical name: </td><td class="second"><div class="id">/dev/dvdrw</div></td></tr>
             <tr><td class="first">logical name: </td><td class="second"><div class="id">/dev/sr0</div></td></tr>
             <tr><td class="first">version: </td><td class="second">XU51</td></tr>
             <tr><td class="first">capabilities: </td><td class="second"><dfn title="support is removable">removable</dfn> <dfn title="Audio CD playback">audio</dfn> <dfn title="CD-R burning">cd-r</dfn> <dfn title="CD-RW burning">cd-rw</dfn> <dfn title="DVD playback">dvd</dfn> <dfn title="DVD-R burning">dvd-r</dfn> </td></tr>
             <tr><td class="first">configuration:</td><td class="second"><table summary="configuration of cdrom"><tr><td class="sub-first"> ansiversion</td><td>=</td><td>5</td></tr><tr><td class="sub-first"> status</td><td>=</td><td>nodisc</td></tr></table></td></tr>
 </tbody>          </table></div>
          </div>
       </div>
    </div>
<div class="indented">
        <div class="indented">
    <table width="100%" class="node" summary="attributes of battery">
 <thead><tr><td class="first">id:</td><td class="second"><div class="id">battery</div></td></tr></thead>
 <tbody>
       <tr><td class="first">description: </td><td class="second">Lithium Ion Battery</td></tr>
       <tr><td class="first">product: </td><td class="second">HP</td></tr>
       <tr><td class="first">vendor: </td><td class="second">Hewlett-Packard</td></tr>
       <tr><td class="first">physical id: </td><td class="second"><div class="id">1</div></td></tr>
       <tr><td class="first">version: </td><td class="second">08/06/2008</td></tr>
       <tr><td class="first">serial: </td><td class="second">10513</td></tr>
       <tr><td class="first">slot: </td><td class="second">Primary</td></tr>
       <tr><td class="first">capacity: </td><td class="second">51000mWh</td></tr>
       <tr><td class="first">configuration:</td><td class="second"><table summary="configuration of battery"><tr><td class="sub-first"> voltage</td><td>=</td><td>14.4V</td></tr></table></td></tr>
 </tbody>    </table></div>
    </div>
</body>
</html>
