# dmidecode 3.0
Getting SMBIOS data from sysfs.
SMBIOS 2.4 present.

Handle 0x0000, DMI type 0, 24 bytes
BIOS Information
	Vendor: LENOVO
	Version: 6DET60WW (3.10 )
	Release Date: 09/17/2009
	Address: 0xE0000
	Runtime Size: 128 kB
	ROM Size: 8192 kB
	Characteristics:
		PCI is supported
		PC Card (PCMCIA) is supported
		PNP is supported
		BIOS is upgradeable
		BIOS shadowing is allowed
		ESCD support is available
		Boot from CD is supported
		Selectable boot is supported
		BIOS ROM is socketed
		EDD is supported
		ACPI is supported
		USB legacy is supported
		BIOS boot specification is supported
		Targeted content distribution is supported
	BIOS Revision: 3.16
	Firmware Revision: 1.4

Handle 0x0001, DMI type 1, 27 bytes
System Information
	Manufacturer: LENOVO
	Product Name: 7470WPZ
	Version: ThinkPad X200s
	Serial Number: R8NVTNF
	UUID: 02817681-4AEB-11CB-BACF-A044868BA0C3
	Wake-up Type: Power Switch
	SKU Number: Not Specified
	Family: ThinkPad X200s

