  *-firmware
       description: BIOS
       vendor: LENOVO
       physical id: 0
       version: 6DET60WW (3.10 )
       date: 09/17/2009
       size: 128KiB
       capacity: 8128KiB
       capabilities: pci pcmcia pnp upgrade shadowing escd cdboot bootselect socketedrom edd acpi usb biosbootspecification
  *-cache:0
       description: L1 cache
       physical id: a
       slot: Internal L1 Cache
       size: 64KiB
       capacity: 64KiB
       capabilities: synchronous internal write-back instruction
       configuration: level=1
  *-cache:1
       description: L2 cache
       physical id: c
       slot: Internal L2 Cache
       size: 6MiB
       capacity: 6MiB
       capabilities: burst internal write-back unified
       configuration: level=2
  *-cache
       description: L1 cache
       physical id: b
       slot: Internal L1 Cache
       size: 64KiB
       capacity: 64KiB
       capabilities: synchronous internal write-back data
       configuration: level=1
  *-memory
       description: System Memory
       physical id: 20
       slot: System board or motherboard
       size: 2GiB
     *-bank:0
          description: SODIMM DDR3 Synchronous 1066 MHz (0.9 ns)
          product: NT2GC64B8HA1NS-BE
          vendor: Nanya Technology
          physical id: 0
          serial: 6B1B3372
          slot: DIMM 1
          size: 2GiB
          width: 64 bits
          clock: 1066MHz (0.9ns)
     *-bank:1
          description: SODIMM DDR2 Synchronous 1066 MHz (0.9 ns) [empty]
          physical id: 1
          slot: DIMM 2
          clock: 1066MHz (0.9ns)
