<?xml version="1.0" encoding="utf-8"?>
<!DOCTYPE html PUBLIC "-//W3C//DTD XHTML 1.0 Strict//EN"
    "http://www.w3.org/TR/xhtml1/DTD/xhtml1-strict.dtd">
<html xmlns="http://www.w3.org/1999/xhtml">
<head>
<meta name="generator"  content="lshw-B.02.17" />
<style type="text/css">
  .first {font-weight: bold; margin-left: none; padding-right: 1em;vertical-align: top; }
  .second {padding-left: 1em; width: 100%; vertical-align: center; }
  .id {font-family: monospace;}
  .indented {margin-left: 2em; border-left: dotted thin #dde; padding-bottom: 1em; }
  .node {border: solid thin #ffcc66; padding: 1em; background: #ffffcc; }
  .node-unclaimed {border: dotted thin #c3c3c3; padding: 1em; background: #fafafa; color: red; }
  .node-disabled {border: solid thin #f55; padding: 1em; background: #fee; color: gray; }
</style>
<title>inventarisierung</title>
</head>
<body>
<div class="indented">
<table width="100%" class="node" summary="attributes of inventarisierung">
 <thead><tr><td class="first">id:</td><td class="second"><div class="id">inventarisierung</div></td></tr></thead>
 <tbody>
    <tr><td class="first">description: </td><td class="second">Portable Computer</td></tr>
    <tr><td class="first">product: </td><td class="second">Latitude D530</td></tr>
    <tr><td class="first">vendor: </td><td class="second">Dell Inc.</td></tr>
    <tr><td class="first">serial: </td><td class="second">HHVJS3J</td></tr>
    <tr><td class="first">width: </td><td class="second">64 bits</td></tr>
    <tr><td class="first">capabilities: </td><td class="second"><dfn title="SMBIOS version 2.4">smbios-2.4</dfn> <dfn title="DMI version 2.4">dmi-2.4</dfn> <dfn title="32-bit processes">vsyscall32</dfn> </td></tr>
    <tr><td class="first">configuration:</td><td class="second"><table summary="configuration of inventarisierung"><tr><td class="sub-first"> boot</td><td>=</td><td>normal</td></tr><tr><td class="sub-first"> chassis</td><td>=</td><td>docking</td></tr><tr><td class="sub-first"> uuid</td><td>=</td><td>44454C4C-4800-1056-804A-C8C04F53334A</td></tr></table></td></tr>
 </tbody></table></div>
<div class="indented">
        <div class="indented">
    <table width="100%" class="node" summary="attributes of core">
 <thead><tr><td class="first">id:</td><td class="second"><div class="id">core</div></td></tr></thead>
 <tbody>
       <tr><td class="first">description: </td><td class="second">Motherboard</td></tr>
       <tr><td class="first">product: </td><td class="second">0HP728</td></tr>
       <tr><td class="first">vendor: </td><td class="second">Dell Inc.</td></tr>
       <tr><td class="first">physical id: </td><td class="second"><div class="id">0</div></td></tr>
       <tr><td class="first">serial: </td><td class="second">.HHVJS3J.CN486438481392.</td></tr>
 </tbody>    </table></div>
<div class="indented">
              <div class="indented">
       <table width="100%" class="node" summary="attributes of firmware">
 <thead><tr><td class="first">id:</td><td class="second"><div class="id">firmware</div></td></tr></thead>
 <tbody>
          <tr><td class="first">description: </td><td class="second">BIOS</td></tr>
          <tr><td class="first">vendor: </td><td class="second">Dell Inc.</td></tr>
          <tr><td class="first">physical id: </td><td class="second"><div class="id">0</div></td></tr>
          <tr><td class="first">version: </td><td class="second">A04</td></tr>
          <tr><td class="first">date: </td><td class="second">03/04/2008</td></tr>
          <tr><td class="first">size: </td><td class="second">64KiB</td></tr>
          <tr><td class="first">capacity: </td><td class="second">1984KiB</td></tr>
          <tr><td class="first">capabilities: </td><td class="second"><dfn title="ISA bus">isa</dfn> <dfn title="PCI bus">pci</dfn> <dfn title="PCMCIA/PCCard">pcmcia</dfn> <dfn title="Plug-and-Play">pnp</dfn> <dfn title="BIOS EEPROM can be upgraded">upgrade</dfn> <dfn title="BIOS shadowing">shadowing</dfn> <dfn title="Booting from CD-ROM/DVD">cdboot</dfn> <dfn title="Selectable boot path">bootselect</dfn> <dfn title="3.5&quot; 720KB floppy">int13floppy720</dfn> <dfn title="Print Screen key">int5printscreen</dfn> <dfn title="i8042 keyboard controller">int9keyboard</dfn> <dfn title="INT14 serial line control">int14serial</dfn> <dfn title="INT17 printer control">int17printer</dfn> <dfn title="INT10 CGA/Mono video">int10video</dfn> <dfn title="ACPI">acpi</dfn> <dfn title="USB legacy emulation">usb</dfn> <dfn title="AGP">agp</dfn> <dfn title="Smart battery">smartbattery</dfn> <dfn title="BIOS boot specification">biosbootspecification</dfn> <dfn title="Function-key initiated network service boot">netboot</dfn> </td></tr>
 </tbody>       </table></div>
       </div>
<div class="indented">
              <div class="indented">
       <table width="100%" class="node" summary="attributes of cpu">
 <thead><tr><td class="first">id:</td><td class="second"><div class="id">cpu</div></td></tr></thead>
 <tbody>
          <tr><td class="first">description: </td><td class="second">CPU</td></tr>
          <tr><td class="first">product: </td><td class="second">Intel(R) Core(TM)2 Duo CPU     T7500  @ 2.20GHz</td></tr>
          <tr><td class="first">vendor: </td><td class="second">Intel Corp.</td></tr>
          <tr><td class="first">physical id: </td><td class="second"><div class="id">400</div></td></tr>
          <tr><td class="first">bus info: </td><td class="second"><div class="id">cpu@0</div></td></tr>
          <tr><td class="first">slot: </td><td class="second">Microprocessor</td></tr>
          <tr><td class="first">size: </td><td class="second">2201MHz</td></tr>
          <tr><td class="first">capacity: </td><td class="second">2201MHz</td></tr>
          <tr><td class="first">width: </td><td class="second">64 bits</td></tr>
          <tr><td class="first">clock: </td><td class="second">200MHz</td></tr>
          <tr><td class="first">capabilities: </td><td class="second"><dfn title="64bits extensions (x86-64)">x86-64</dfn> <dfn title="mathematical co-processor">fpu</dfn> <dfn title="FPU exceptions reporting">fpu_exception</dfn> <dfn title="">wp</dfn> <dfn title="virtual mode extensions">vme</dfn> <dfn title="debugging extensions">de</dfn> <dfn title="page size extensions">pse</dfn> <dfn title="time stamp counter">tsc</dfn> <dfn title="model-specific registers">msr</dfn> <dfn title="4GB+ memory addressing (Physical Address Extension)">pae</dfn> <dfn title="machine check exceptions">mce</dfn> <dfn title="compare and exchange 8-byte">cx8</dfn> <dfn title="on-chip advanced programmable interrupt controller (APIC)">apic</dfn> <dfn title="fast system calls">sep</dfn> <dfn title="memory type range registers">mtrr</dfn> <dfn title="page global enable">pge</dfn> <dfn title="machine check architecture">mca</dfn> <dfn title="conditional move instruction">cmov</dfn> <dfn title="page attribute table">pat</dfn> <dfn title="36-bit page size extensions">pse36</dfn> <dfn title="">clflush</dfn> <dfn title="debug trace and EMON store MSRs">dts</dfn> <dfn title="thermal control (ACPI)">acpi</dfn> <dfn title="multimedia extensions (MMX)">mmx</dfn> <dfn title="fast floating point save/restore">fxsr</dfn> <dfn title="streaming SIMD extensions (SSE)">sse</dfn> <dfn title="streaming SIMD extensions (SSE2)">sse2</dfn> <dfn title="self-snoop">ss</dfn> <dfn title="HyperThreading">ht</dfn> <dfn title="thermal interrupt and status">tm</dfn> <dfn title="pending break event">pbe</dfn> <dfn title="fast system calls">syscall</dfn> <dfn title="no-execute bit (NX)">nx</dfn> <dfn title="">constant_tsc</dfn> <dfn title="">arch_perfmon</dfn> <dfn title="">pebs</dfn> <dfn title="">bts</dfn> <dfn title="">rep_good</dfn> <dfn title="">nopl</dfn> <dfn title="">aperfmperf</dfn> <dfn title="">pni</dfn> <dfn title="">dtes64</dfn> <dfn title="">monitor</dfn> <dfn title="">ds_cpl</dfn> <dfn title="">vmx</dfn> <dfn title="">est</dfn> <dfn title="">tm2</dfn> <dfn title="">ssse3</dfn> <dfn title="">cx16</dfn> <dfn title="">xtpr</dfn> <dfn title="">pdcm</dfn> <dfn title="">lahf_lm</dfn> <dfn title="">tpr_shadow</dfn> <dfn title="">vnmi</dfn> <dfn title="">flexpriority</dfn> <dfn title="">dtherm</dfn> <dfn title="">ida</dfn> <dfn title="CPU Frequency scaling">cpufreq</dfn> </td></tr>
          <tr><td class="first">configuration:</td><td class="second"><table summary="configuration of cpu"><tr><td class="sub-first"> cores</td><td>=</td><td>2</td></tr><tr><td class="sub-first"> enabledcores</td><td>=</td><td>2</td></tr><tr><td class="sub-first"> threads</td><td>=</td><td>2</td></tr></table></td></tr>
 </tbody>       </table></div>
<div class="indented">
                    <div class="indented">
          <table width="100%" class="node" summary="attributes of cache:0">
 <thead><tr><td class="first">id:</td><td class="second"><div class="id">cache:0</div></td></tr></thead>
 <tbody>
             <tr><td class="first">description: </td><td class="second">L1 cache</td></tr>
             <tr><td class="first">physical id: </td><td class="second"><div class="id">700</div></td></tr>
             <tr><td class="first">size: </td><td class="second">32KiB</td></tr>
             <tr><td class="first">capacity: </td><td class="second">32KiB</td></tr>
             <tr><td class="first">capabilities: </td><td class="second"><dfn title="Internal">internal</dfn> <dfn title="Write-back">write-back</dfn> <dfn title="Data cache">data</dfn> </td></tr>
             <tr><td class="first">configuration:</td><td class="second"><table summary="configuration of cache:0"><tr><td class="sub-first"> level</td><td>=</td><td>1</td></tr></table></td></tr>
 </tbody>          </table></div>
          </div>
<div class="indented">
                    <div class="indented">
          <table width="100%" class="node" summary="attributes of cache:1">
 <thead><tr><td class="first">id:</td><td class="second"><div class="id">cache:1</div></td></tr></thead>
 <tbody>
             <tr><td class="first">description: </td><td class="second">L2 cache</td></tr>
             <tr><td class="first">physical id: </td><td class="second"><div class="id">701</div></td></tr>
             <tr><td class="first">size: </td><td class="second">4MiB</td></tr>
             <tr><td class="first">capacity: </td><td class="second">4MiB</td></tr>
             <tr><td class="first">clock: </td><td class="second">66MHz (15.0ns)</td></tr>
             <tr><td class="first">capabilities: </td><td class="second"><dfn title="Pipeline burst">pipeline-burst</dfn> <dfn title="Internal">internal</dfn> <dfn title="Varies With Memory Address">varies</dfn> <dfn title="Unified cache">unified</dfn> </td></tr>
             <tr><td class="first">configuration:</td><td class="second"><table summary="configuration of cache:1"><tr><td class="sub-first"> level</td><td>=</td><td>2</td></tr></table></td></tr>
 </tbody>          </table></div>
          </div>
       </div>
<div class="indented">
              <div class="indented">
       <table width="100%" class="node" summary="attributes of memory">
 <thead><tr><td class="first">id:</td><td class="second"><div class="id">memory</div></td></tr></thead>
 <tbody>
          <tr><td class="first">description: </td><td class="second">System Memory</td></tr>
          <tr><td class="first">physical id: </td><td class="second"><div class="id">1000</div></td></tr>
          <tr><td class="first">slot: </td><td class="second">System board or motherboard</td></tr>
          <tr><td class="first">size: </td><td class="second">4GiB</td></tr>
 </tbody>       </table></div>
<div class="indented">
                    <div class="indented">
          <table width="100%" class="node" summary="attributes of bank:0">
 <thead><tr><td class="first">id:</td><td class="second"><div class="id">bank:0</div></td></tr></thead>
 <tbody>
             <tr><td class="first">description: </td><td class="second">DIMM DDR Synchronous 667 MHz (1.5 ns)</td></tr>
             <tr><td class="first">product: </td><td class="second">HYMP125S64CP8-Y5</td></tr>
             <tr><td class="first">vendor: </td><td class="second">Hynix Semiconductor (Hyundai Electronics)</td></tr>
             <tr><td class="first">physical id: </td><td class="second"><div class="id">0</div></td></tr>
             <tr><td class="first">serial: </td><td class="second">00002052</td></tr>
             <tr><td class="first">slot: </td><td class="second">DIMM_A</td></tr>
             <tr><td class="first">size: </td><td class="second">2GiB</td></tr>
             <tr><td class="first">width: </td><td class="second">64 bits</td></tr>
             <tr><td class="first">clock: </td><td class="second">667MHz (1.5ns)</td></tr>
 </tbody>          </table></div>
          </div>
<div class="indented">
                    <div class="indented">
          <table width="100%" class="node" summary="attributes of bank:1">
 <thead><tr><td class="first">id:</td><td class="second"><div class="id">bank:1</div></td></tr></thead>
 <tbody>
             <tr><td class="first">description: </td><td class="second">DIMM DDR Synchronous 667 MHz (1.5 ns)</td></tr>
             <tr><td class="first">product: </td><td class="second">HYMP125S64CP8-Y5</td></tr>
             <tr><td class="first">vendor: </td><td class="second">Hynix Semiconductor (Hyundai Electronics)</td></tr>
             <tr><td class="first">physical id: </td><td class="second"><div class="id">1</div></td></tr>
             <tr><td class="first">serial: </td><td class="second">04008052</td></tr>
             <tr><td class="first">slot: </td><td class="second">DIMM_B</td></tr>
             <tr><td class="first">size: </td><td class="second">2GiB</td></tr>
             <tr><td class="first">width: </td><td class="second">64 bits</td></tr>
             <tr><td class="first">clock: </td><td class="second">667MHz (1.5ns)</td></tr>
 </tbody>          </table></div>
          </div>
       </div>
<div class="indented">
              <div class="indented">
       <table width="100%" class="node" summary="attributes of pci">
 <thead><tr><td class="first">id:</td><td class="second"><div class="id">pci</div></td></tr></thead>
 <tbody>
          <tr><td class="first">description: </td><td class="second">Host bridge</td></tr>
          <tr><td class="first">product: </td><td class="second">Mobile PM965/GM965/GL960 Memory Controller Hub</td></tr>
          <tr><td class="first">vendor: </td><td class="second">Intel Corporation</td></tr>
          <tr><td class="first">physical id: </td><td class="second"><div class="id">100</div></td></tr>
          <tr><td class="first">bus info: </td><td class="second"><div class="id">pci@0000:00:00.0</div></td></tr>
          <tr><td class="first">version: </td><td class="second">0c</td></tr>
          <tr><td class="first">width: </td><td class="second">32 bits</td></tr>
          <tr><td class="first">clock: </td><td class="second">33MHz</td></tr>
          <tr><td class="first">configuration:</td><td class="second"><table summary="configuration of pci"><tr><td class="sub-first"> driver</td><td>=</td><td>agpgart-intel</td></tr></table></td></tr>
          <tr><td class="first">resources:</td><td class="second"><table summary="resources of pci"><tr><td class="sub-first"> irq</td><td>:</td><td>0</td></tr></table></td></tr>
 </tbody>       </table></div>
<div class="indented">
                    <div class="indented">
          <table width="100%" class="node" summary="attributes of display:0">
 <thead><tr><td class="first">id:</td><td class="second"><div class="id">display:0</div></td></tr></thead>
 <tbody>
             <tr><td class="first">description: </td><td class="second">VGA compatible controller</td></tr>
             <tr><td class="first">product: </td><td class="second">Mobile GM965/GL960 Integrated Graphics Controller (primary)</td></tr>
             <tr><td class="first">vendor: </td><td class="second">Intel Corporation</td></tr>
             <tr><td class="first">physical id: </td><td class="second"><div class="id">2</div></td></tr>
             <tr><td class="first">bus info: </td><td class="second"><div class="id">pci@0000:00:02.0</div></td></tr>
             <tr><td class="first">version: </td><td class="second">0c</td></tr>
             <tr><td class="first">width: </td><td class="second">64 bits</td></tr>
             <tr><td class="first">clock: </td><td class="second">33MHz</td></tr>
             <tr><td class="first">capabilities: </td><td class="second"><dfn title="Message Signalled Interrupts">msi</dfn> <dfn title="Power Management">pm</dfn> <dfn title="">vga_controller</dfn> <dfn title="bus mastering">bus_master</dfn> <dfn title="PCI capabilities listing">cap_list</dfn> <dfn title="extension ROM">rom</dfn> </td></tr>
             <tr><td class="first">configuration:</td><td class="second"><table summary="configuration of display:0"><tr><td class="sub-first"> driver</td><td>=</td><td>i915</td></tr><tr><td class="sub-first"> latency</td><td>=</td><td>0</td></tr></table></td></tr>
             <tr><td class="first">resources:</td><td class="second"><table summary="resources of display:0"><tr><td class="sub-first"> irq</td><td>:</td><td>27</td></tr><tr><td class="sub-first"> memory</td><td>:</td><td>fea00000-feafffff</td></tr><tr><td class="sub-first"> memory</td><td>:</td><td>e0000000-efffffff</td></tr><tr><td class="sub-first"> ioport</td><td>:</td><td>efe8(size=8)</td></tr></table></td></tr>
 </tbody>          </table></div>
          </div>
<div class="indented">
                    <div class="indented">
          <table width="100%" class="node-unclaimed" summary="attributes of display:1">
 <thead><tr><td class="first">id:</td><td class="second"><div class="id">display:1</div></td></tr></thead>
 <tbody>
             <tr><td class="first">description: </td><td class="second">Display controller</td></tr>
             <tr><td class="first">product: </td><td class="second">Mobile GM965/GL960 Integrated Graphics Controller (secondary)</td></tr>
             <tr><td class="first">vendor: </td><td class="second">Intel Corporation</td></tr>
             <tr><td class="first">physical id: </td><td class="second"><div class="id">2.1</div></td></tr>
             <tr><td class="first">bus info: </td><td class="second"><div class="id">pci@0000:00:02.1</div></td></tr>
             <tr><td class="first">version: </td><td class="second">0c</td></tr>
             <tr><td class="first">width: </td><td class="second">64 bits</td></tr>
             <tr><td class="first">clock: </td><td class="second">33MHz</td></tr>
             <tr><td class="first">capabilities: </td><td class="second"><dfn title="Power Management">pm</dfn> <dfn title="bus mastering">bus_master</dfn> <dfn title="PCI capabilities listing">cap_list</dfn> </td></tr>
             <tr><td class="first">configuration:</td><td class="second"><table summary="configuration of display:1"><tr><td class="sub-first"> latency</td><td>=</td><td>0</td></tr></table></td></tr>
             <tr><td class="first">resources:</td><td class="second"><table summary="resources of display:1"><tr><td class="sub-first"> memory</td><td>:</td><td>feb00000-febfffff</td></tr></table></td></tr>
 </tbody>          </table></div>
          </div>
<div class="indented">
                    <div class="indented">
          <table width="100%" class="node" summary="attributes of usb:0">
 <thead><tr><td class="first">id:</td><td class="second"><div class="id">usb:0</div></td></tr></thead>
 <tbody>
             <tr><td class="first">description: </td><td class="second">USB controller</td></tr>
             <tr><td class="first">product: </td><td class="second">82801H (ICH8 Family) USB UHCI Controller #4</td></tr>
             <tr><td class="first">vendor: </td><td class="second">Intel Corporation</td></tr>
             <tr><td class="first">physical id: </td><td class="second"><div class="id">1a</div></td></tr>
             <tr><td class="first">bus info: </td><td class="second"><div class="id">pci@0000:00:1a.0</div></td></tr>
             <tr><td class="first">version: </td><td class="second">02</td></tr>
             <tr><td class="first">width: </td><td class="second">32 bits</td></tr>
             <tr><td class="first">clock: </td><td class="second">33MHz</td></tr>
             <tr><td class="first">capabilities: </td><td class="second"><dfn title="Universal Host Controller Interface (USB1)">uhci</dfn> <dfn title="bus mastering">bus_master</dfn> </td></tr>
             <tr><td class="first">configuration:</td><td class="second"><table summary="configuration of usb:0"><tr><td class="sub-first"> driver</td><td>=</td><td>uhci_hcd</td></tr><tr><td class="sub-first"> latency</td><td>=</td><td>0</td></tr></table></td></tr>
             <tr><td class="first">resources:</td><td class="second"><table summary="resources of usb:0"><tr><td class="sub-first"> irq</td><td>:</td><td>20</td></tr><tr><td class="sub-first"> ioport</td><td>:</td><td>6f20(size=32)</td></tr></table></td></tr>
 </tbody>          </table></div>
<div class="indented">
                          <div class="indented">
             <table width="100%" class="node" summary="attributes of usbhost">
 <thead><tr><td class="first">id:</td><td class="second"><div class="id">usbhost</div></td></tr></thead>
 <tbody>
                <tr><td class="first">product: </td><td class="second">UHCI Host Controller</td></tr>
                <tr><td class="first">vendor: </td><td class="second">Linux 4.4.0-31-generic uhci_hcd</td></tr>
                <tr><td class="first">physical id: </td><td class="second"><div class="id">1</div></td></tr>
                <tr><td class="first">bus info: </td><td class="second"><div class="id">usb@3</div></td></tr>
                <tr><td class="first">logical name: </td><td class="second"><div class="id">usb3</div></td></tr>
                <tr><td class="first">version: </td><td class="second">4.04</td></tr>
                <tr><td class="first">capabilities: </td><td class="second"><dfn title="USB 1.1">usb-1.10</dfn> </td></tr>
                <tr><td class="first">configuration:</td><td class="second"><table summary="configuration of usbhost"><tr><td class="sub-first"> driver</td><td>=</td><td>hub</td></tr><tr><td class="sub-first"> slots</td><td>=</td><td>2</td></tr><tr><td class="sub-first"> speed</td><td>=</td><td>12Mbit/s</td></tr></table></td></tr>
 </tbody>             </table></div>
             </div>
          </div>
<div class="indented">
                    <div class="indented">
          <table width="100%" class="node" summary="attributes of usb:1">
 <thead><tr><td class="first">id:</td><td class="second"><div class="id">usb:1</div></td></tr></thead>
 <tbody>
             <tr><td class="first">description: </td><td class="second">USB controller</td></tr>
             <tr><td class="first">product: </td><td class="second">82801H (ICH8 Family) USB UHCI Controller #5</td></tr>
             <tr><td class="first">vendor: </td><td class="second">Intel Corporation</td></tr>
             <tr><td class="first">physical id: </td><td class="second"><div class="id">1a.1</div></td></tr>
             <tr><td class="first">bus info: </td><td class="second"><div class="id">pci@0000:00:1a.1</div></td></tr>
             <tr><td class="first">version: </td><td class="second">02</td></tr>
             <tr><td class="first">width: </td><td class="second">32 bits</td></tr>
             <tr><td class="first">clock: </td><td class="second">33MHz</td></tr>
             <tr><td class="first">capabilities: </td><td class="second"><dfn title="Universal Host Controller Interface (USB1)">uhci</dfn> <dfn title="bus mastering">bus_master</dfn> </td></tr>
             <tr><td class="first">configuration:</td><td class="second"><table summary="configuration of usb:1"><tr><td class="sub-first"> driver</td><td>=</td><td>uhci_hcd</td></tr><tr><td class="sub-first"> latency</td><td>=</td><td>0</td></tr></table></td></tr>
             <tr><td class="first">resources:</td><td class="second"><table summary="resources of usb:1"><tr><td class="sub-first"> irq</td><td>:</td><td>21</td></tr><tr><td class="sub-first"> ioport</td><td>:</td><td>6f00(size=32)</td></tr></table></td></tr>
 </tbody>          </table></div>
<div class="indented">
                          <div class="indented">
             <table width="100%" class="node" summary="attributes of usbhost">
 <thead><tr><td class="first">id:</td><td class="second"><div class="id">usbhost</div></td></tr></thead>
 <tbody>
                <tr><td class="first">product: </td><td class="second">UHCI Host Controller</td></tr>
                <tr><td class="first">vendor: </td><td class="second">Linux 4.4.0-31-generic uhci_hcd</td></tr>
                <tr><td class="first">physical id: </td><td class="second"><div class="id">1</div></td></tr>
                <tr><td class="first">bus info: </td><td class="second"><div class="id">usb@4</div></td></tr>
                <tr><td class="first">logical name: </td><td class="second"><div class="id">usb4</div></td></tr>
                <tr><td class="first">version: </td><td class="second">4.04</td></tr>
                <tr><td class="first">capabilities: </td><td class="second"><dfn title="USB 1.1">usb-1.10</dfn> </td></tr>
                <tr><td class="first">configuration:</td><td class="second"><table summary="configuration of usbhost"><tr><td class="sub-first"> driver</td><td>=</td><td>hub</td></tr><tr><td class="sub-first"> slots</td><td>=</td><td>2</td></tr><tr><td class="sub-first"> speed</td><td>=</td><td>12Mbit/s</td></tr></table></td></tr>
 </tbody>             </table></div>
             </div>
          </div>
<div class="indented">
                    <div class="indented">
          <table width="100%" class="node" summary="attributes of usb:2">
 <thead><tr><td class="first">id:</td><td class="second"><div class="id">usb:2</div></td></tr></thead>
 <tbody>
             <tr><td class="first">description: </td><td class="second">USB controller</td></tr>
             <tr><td class="first">product: </td><td class="second">82801H (ICH8 Family) USB2 EHCI Controller #2</td></tr>
             <tr><td class="first">vendor: </td><td class="second">Intel Corporation</td></tr>
             <tr><td class="first">physical id: </td><td class="second"><div class="id">1a.7</div></td></tr>
             <tr><td class="first">bus info: </td><td class="second"><div class="id">pci@0000:00:1a.7</div></td></tr>
             <tr><td class="first">version: </td><td class="second">02</td></tr>
             <tr><td class="first">width: </td><td class="second">32 bits</td></tr>
             <tr><td class="first">clock: </td><td class="second">33MHz</td></tr>
             <tr><td class="first">capabilities: </td><td class="second"><dfn title="Power Management">pm</dfn> <dfn title="Debug port">debug</dfn> <dfn title="Enhanced Host Controller Interface (USB2)">ehci</dfn> <dfn title="bus mastering">bus_master</dfn> <dfn title="PCI capabilities listing">cap_list</dfn> </td></tr>
             <tr><td class="first">configuration:</td><td class="second"><table summary="configuration of usb:2"><tr><td class="sub-first"> driver</td><td>=</td><td>ehci-pci</td></tr><tr><td class="sub-first"> latency</td><td>=</td><td>0</td></tr></table></td></tr>
             <tr><td class="first">resources:</td><td class="second"><table summary="resources of usb:2"><tr><td class="sub-first"> irq</td><td>:</td><td>22</td></tr><tr><td class="sub-first"> memory</td><td>:</td><td>fed1c400-fed1c7ff</td></tr></table></td></tr>
 </tbody>          </table></div>
<div class="indented">
                          <div class="indented">
             <table width="100%" class="node" summary="attributes of usbhost">
 <thead><tr><td class="first">id:</td><td class="second"><div class="id">usbhost</div></td></tr></thead>
 <tbody>
                <tr><td class="first">product: </td><td class="second">EHCI Host Controller</td></tr>
                <tr><td class="first">vendor: </td><td class="second">Linux 4.4.0-31-generic ehci_hcd</td></tr>
                <tr><td class="first">physical id: </td><td class="second"><div class="id">1</div></td></tr>
                <tr><td class="first">bus info: </td><td class="second"><div class="id">usb@1</div></td></tr>
                <tr><td class="first">logical name: </td><td class="second"><div class="id">usb1</div></td></tr>
                <tr><td class="first">version: </td><td class="second">4.04</td></tr>
                <tr><td class="first">capabilities: </td><td class="second"><dfn title="USB 2.0">usb-2.00</dfn> </td></tr>
                <tr><td class="first">configuration:</td><td class="second"><table summary="configuration of usbhost"><tr><td class="sub-first"> driver</td><td>=</td><td>hub</td></tr><tr><td class="sub-first"> slots</td><td>=</td><td>4</td></tr><tr><td class="sub-first"> speed</td><td>=</td><td>480Mbit/s</td></tr></table></td></tr>
 </tbody>             </table></div>
<div class="indented">
                                <div class="indented">
                <table width="100%" class="node" summary="attributes of usb">
 <thead><tr><td class="first">id:</td><td class="second"><div class="id">usb</div></td></tr></thead>
 <tbody>
                   <tr><td class="first">description: </td><td class="second">USB hub</td></tr>
                   <tr><td class="first">product: </td><td class="second">Port Replicator</td></tr>
                   <tr><td class="first">vendor: </td><td class="second">Dell Computer Corp.</td></tr>
                   <tr><td class="first">physical id: </td><td class="second"><div class="id">3</div></td></tr>
                   <tr><td class="first">bus info: </td><td class="second"><div class="id">usb@1:3</div></td></tr>
                   <tr><td class="first">version: </td><td class="second">0.00</td></tr>
                   <tr><td class="first">capabilities: </td><td class="second"><dfn title="USB 2.0">usb-2.00</dfn> </td></tr>
                   <tr><td class="first">configuration:</td><td class="second"><table summary="configuration of usb"><tr><td class="sub-first"> driver</td><td>=</td><td>hub</td></tr><tr><td class="sub-first"> maxpower</td><td>=</td><td>100mA</td></tr><tr><td class="sub-first"> slots</td><td>=</td><td>4</td></tr><tr><td class="sub-first"> speed</td><td>=</td><td>480Mbit/s</td></tr></table></td></tr>
 </tbody>                </table></div>
<div class="indented">
                                      <div class="indented">
                   <table width="100%" class="node" summary="attributes of usb">
 <thead><tr><td class="first">id:</td><td class="second"><div class="id">usb</div></td></tr></thead>
 <tbody>
                      <tr><td class="first">description: </td><td class="second">Mass storage device</td></tr>
                      <tr><td class="first">product: </td><td class="second">STORE N GO</td></tr>
                      <tr><td class="first">vendor: </td><td class="second">Verbatim</td></tr>
                      <tr><td class="first">physical id: </td><td class="second"><div class="id">4</div></td></tr>
                      <tr><td class="first">bus info: </td><td class="second"><div class="id">usb@1:3.4</div></td></tr>
                      <tr><td class="first">logical name: </td><td class="second"><div class="id">scsi4</div></td></tr>
                      <tr><td class="first">version: </td><td class="second">1.00</td></tr>
                      <tr><td class="first">serial: </td><td class="second">900066899678BF36</td></tr>
                      <tr><td class="first">capabilities: </td><td class="second"><dfn title="USB 2.0">usb-2.00</dfn> <dfn title="SCSI">scsi</dfn> <dfn title="Emulated device">emulated</dfn> <dfn title="SCSI host adapter">scsi-host</dfn> </td></tr>
                      <tr><td class="first">configuration:</td><td class="second"><table summary="configuration of usb"><tr><td class="sub-first"> driver</td><td>=</td><td>usb-storage</td></tr><tr><td class="sub-first"> maxpower</td><td>=</td><td>200mA</td></tr><tr><td class="sub-first"> speed</td><td>=</td><td>480Mbit/s</td></tr></table></td></tr>
 </tbody>                   </table></div>
<div class="indented">
                                            <div class="indented">
                      <table width="100%" class="node" summary="attributes of disk">
 <thead><tr><td class="first">id:</td><td class="second"><div class="id">disk</div></td></tr></thead>
 <tbody>
                         <tr><td class="first">description: </td><td class="second">SCSI Disk</td></tr>
                         <tr><td class="first">physical id: </td><td class="second"><div class="id">0.0.0</div></td></tr>
                         <tr><td class="first">bus info: </td><td class="second"><div class="id">scsi@4:0.0.0</div></td></tr>
                         <tr><td class="first">logical name: </td><td class="second"><div class="id">/dev/sda</div></td></tr>
                         <tr><td class="first">size: </td><td class="second">7388MiB (7746MB)</td></tr>
                         <tr><td class="first">capabilities: </td><td class="second"><dfn title="Partitioned disk">partitioned</dfn> <dfn title="MS-DOS partition table">partitioned:dos</dfn> </td></tr>
                         <tr><td class="first">configuration:</td><td class="second"><table summary="configuration of disk"><tr><td class="sub-first"> logicalsectorsize</td><td>=</td><td>512</td></tr><tr><td class="sub-first"> sectorsize</td><td>=</td><td>512</td></tr><tr><td class="sub-first"> signature</td><td>=</td><td>b85ea2f1</td></tr></table></td></tr>
 </tbody>                      </table></div>
<div class="indented">
                                                  <div class="indented">
                         <table width="100%" class="node" summary="attributes of volume:0">
 <thead><tr><td class="first">id:</td><td class="second"><div class="id">volume:0</div></td></tr></thead>
 <tbody>
                            <tr><td class="first">description: </td><td class="second">EXT4 volume</td></tr>
                            <tr><td class="first">vendor: </td><td class="second">Linux</td></tr>
                            <tr><td class="first">physical id: </td><td class="second"><div class="id">1</div></td></tr>
                            <tr><td class="first">bus info: </td><td class="second"><div class="id">scsi@4:0.0.0,1</div></td></tr>
                            <tr><td class="first">logical name: </td><td class="second"><div class="id">/dev/sda1</div></td></tr>
                            <tr><td class="first">logical name: </td><td class="second"><div class="id">/</div></td></tr>
                            <tr><td class="first">version: </td><td class="second">1.0</td></tr>
                            <tr><td class="first">serial: </td><td class="second">c7aa6a46-9ecc-4aeb-9c6e-1554c62d8666</td></tr>
                            <tr><td class="first">size: </td><td class="second">6363MiB</td></tr>
                            <tr><td class="first">capacity: </td><td class="second">6363MiB</td></tr>
                            <tr><td class="first">capabilities: </td><td class="second"><dfn title="Primary partition">primary</dfn> <dfn title="Bootable partition (active)">bootable</dfn> <dfn title="">journaled</dfn> <dfn title="Extended Attributes">extended_attributes</dfn> <dfn title="4GB+ files">large_files</dfn> <dfn title="16TB+ files">huge_files</dfn> <dfn title="directories with 65000+ subdirs">dir_nlink</dfn> <dfn title="extent-based allocation">extents</dfn> <dfn title="">ext4</dfn> <dfn title="EXT2/EXT3">ext2</dfn> <dfn title="initialized volume">initialized</dfn> </td></tr>
                            <tr><td class="first">configuration:</td><td class="second"><table summary="configuration of volume:0"><tr><td class="sub-first"> created</td><td>=</td><td>2016-12-09 08:40:01</td></tr><tr><td class="sub-first"> filesystem</td><td>=</td><td>ext4</td></tr><tr><td class="sub-first"> lastmountpoint</td><td>=</td><td>/</td></tr><tr><td class="sub-first"> modified</td><td>=</td><td>2016-12-21 11:05:41</td></tr><tr><td class="sub-first"> mount.fstype</td><td>=</td><td>ext4</td></tr><tr><td class="sub-first"> mount.options</td><td>=</td><td>rw,relatime,errors=remount-ro,data=ordered</td></tr><tr><td class="sub-first"> mounted</td><td>=</td><td>2016-12-21 11:59:00</td></tr><tr><td class="sub-first"> state</td><td>=</td><td>mounted</td></tr></table></td></tr>
 </tbody>                         </table></div>
                         </div>
<div class="indented">
                                                  <div class="indented">
                         <table width="100%" class="node" summary="attributes of volume:1">
 <thead><tr><td class="first">id:</td><td class="second"><div class="id">volume:1</div></td></tr></thead>
 <tbody>
                            <tr><td class="first">description: </td><td class="second">Extended partition</td></tr>
                            <tr><td class="first">physical id: </td><td class="second"><div class="id">2</div></td></tr>
                            <tr><td class="first">bus info: </td><td class="second"><div class="id">scsi@4:0.0.0,2</div></td></tr>
                            <tr><td class="first">logical name: </td><td class="second"><div class="id">/dev/sda2</div></td></tr>
                            <tr><td class="first">size: </td><td class="second">1022MiB</td></tr>
                            <tr><td class="first">capacity: </td><td class="second">1022MiB</td></tr>
                            <tr><td class="first">capabilities: </td><td class="second"><dfn title="Primary partition">primary</dfn> <dfn title="Extended partition">extended</dfn> <dfn title="Partitioned disk">partitioned</dfn> <dfn title="Extended partition">partitioned:extended</dfn> </td></tr>
 </tbody>                         </table></div>
<div class="indented">
                                                        <div class="indented">
                            <table width="100%" class="node" summary="attributes of logicalvolume">
 <thead><tr><td class="first">id:</td><td class="second"><div class="id">logicalvolume</div></td></tr></thead>
 <tbody>
                               <tr><td class="first">description: </td><td class="second">W95 FAT32 partition</td></tr>
                               <tr><td class="first">physical id: </td><td class="second"><div class="id">5</div></td></tr>
                               <tr><td class="first">logical name: </td><td class="second"><div class="id">/dev/sda5</div></td></tr>
                               <tr><td class="first">logical name: </td><td class="second"><div class="id">/windows</div></td></tr>
                               <tr><td class="first">capacity: </td><td class="second">1022MiB</td></tr>
                               <tr><td class="first">configuration:</td><td class="second"><table summary="configuration of logicalvolume"><tr><td class="sub-first"> mount.fstype</td><td>=</td><td>vfat</td></tr><tr><td class="sub-first"> mount.options</td><td>=</td><td>rw,relatime,gid=46,fmask=0007,dmask=0007,allow_utime=0020,codepage=437,iocharset=iso8859-1,shortname=mixed,utf8,errors=remount-ro</td></tr><tr><td class="sub-first"> state</td><td>=</td><td>mounted</td></tr></table></td></tr>
 </tbody>                            </table></div>
                            </div>
                         </div>
                      </div>
                   </div>
                </div>
             </div>
          </div>
<div class="indented">
                    <div class="indented">
          <table width="100%" class="node" summary="attributes of multimedia">
 <thead><tr><td class="first">id:</td><td class="second"><div class="id">multimedia</div></td></tr></thead>
 <tbody>
             <tr><td class="first">description: </td><td class="second">Audio device</td></tr>
             <tr><td class="first">product: </td><td class="second">82801H (ICH8 Family) HD Audio Controller</td></tr>
             <tr><td class="first">vendor: </td><td class="second">Intel Corporation</td></tr>
             <tr><td class="first">physical id: </td><td class="second"><div class="id">1b</div></td></tr>
             <tr><td class="first">bus info: </td><td class="second"><div class="id">pci@0000:00:1b.0</div></td></tr>
             <tr><td class="first">version: </td><td class="second">02</td></tr>
             <tr><td class="first">width: </td><td class="second">64 bits</td></tr>
             <tr><td class="first">clock: </td><td class="second">33MHz</td></tr>
             <tr><td class="first">capabilities: </td><td class="second"><dfn title="Power Management">pm</dfn> <dfn title="Message Signalled Interrupts">msi</dfn> <dfn title="PCI Express">pciexpress</dfn> <dfn title="bus mastering">bus_master</dfn> <dfn title="PCI capabilities listing">cap_list</dfn> </td></tr>
             <tr><td class="first">configuration:</td><td class="second"><table summary="configuration of multimedia"><tr><td class="sub-first"> driver</td><td>=</td><td>snd_hda_intel</td></tr><tr><td class="sub-first"> latency</td><td>=</td><td>0</td></tr></table></td></tr>
             <tr><td class="first">resources:</td><td class="second"><table summary="resources of multimedia"><tr><td class="sub-first"> irq</td><td>:</td><td>28</td></tr><tr><td class="sub-first"> memory</td><td>:</td><td>fe9fc000-fe9fffff</td></tr></table></td></tr>
 </tbody>          </table></div>
          </div>
<div class="indented">
                    <div class="indented">
          <table width="100%" class="node" summary="attributes of pci:0">
 <thead><tr><td class="first">id:</td><td class="second"><div class="id">pci:0</div></td></tr></thead>
 <tbody>
             <tr><td class="first">description: </td><td class="second">PCI bridge</td></tr>
             <tr><td class="first">product: </td><td class="second">82801H (ICH8 Family) PCI Express Port 1</td></tr>
             <tr><td class="first">vendor: </td><td class="second">Intel Corporation</td></tr>
             <tr><td class="first">physical id: </td><td class="second"><div class="id">1c</div></td></tr>
             <tr><td class="first">bus info: </td><td class="second"><div class="id">pci@0000:00:1c.0</div></td></tr>
             <tr><td class="first">version: </td><td class="second">02</td></tr>
             <tr><td class="first">width: </td><td class="second">32 bits</td></tr>
             <tr><td class="first">clock: </td><td class="second">33MHz</td></tr>
             <tr><td class="first">capabilities: </td><td class="second"><dfn title="">pci</dfn> <dfn title="PCI Express">pciexpress</dfn> <dfn title="Message Signalled Interrupts">msi</dfn> <dfn title="Power Management">pm</dfn> <dfn title="">normal_decode</dfn> <dfn title="bus mastering">bus_master</dfn> <dfn title="PCI capabilities listing">cap_list</dfn> </td></tr>
             <tr><td class="first">configuration:</td><td class="second"><table summary="configuration of pci:0"><tr><td class="sub-first"> driver</td><td>=</td><td>pcieport</td></tr></table></td></tr>
             <tr><td class="first">resources:</td><td class="second"><table summary="resources of pci:0"><tr><td class="sub-first"> irq</td><td>:</td><td>24</td></tr><tr><td class="sub-first"> ioport</td><td>:</td><td>2000(size=4096)</td></tr><tr><td class="sub-first"> memory</td><td>:</td><td>f0000000-f01fffff</td></tr><tr><td class="sub-first"> ioport</td><td>:</td><td>120000000(size=2097152)</td></tr></table></td></tr>
 </tbody>          </table></div>
          </div>
<div class="indented">
                    <div class="indented">
          <table width="100%" class="node" summary="attributes of pci:1">
 <thead><tr><td class="first">id:</td><td class="second"><div class="id">pci:1</div></td></tr></thead>
 <tbody>
             <tr><td class="first">description: </td><td class="second">PCI bridge</td></tr>
             <tr><td class="first">product: </td><td class="second">82801H (ICH8 Family) PCI Express Port 2</td></tr>
             <tr><td class="first">vendor: </td><td class="second">Intel Corporation</td></tr>
             <tr><td class="first">physical id: </td><td class="second"><div class="id">1c.1</div></td></tr>
             <tr><td class="first">bus info: </td><td class="second"><div class="id">pci@0000:00:1c.1</div></td></tr>
             <tr><td class="first">version: </td><td class="second">02</td></tr>
             <tr><td class="first">width: </td><td class="second">32 bits</td></tr>
             <tr><td class="first">clock: </td><td class="second">33MHz</td></tr>
             <tr><td class="first">capabilities: </td><td class="second"><dfn title="">pci</dfn> <dfn title="PCI Express">pciexpress</dfn> <dfn title="Message Signalled Interrupts">msi</dfn> <dfn title="Power Management">pm</dfn> <dfn title="">normal_decode</dfn> <dfn title="bus mastering">bus_master</dfn> <dfn title="PCI capabilities listing">cap_list</dfn> </td></tr>
             <tr><td class="first">configuration:</td><td class="second"><table summary="configuration of pci:1"><tr><td class="sub-first"> driver</td><td>=</td><td>pcieport</td></tr></table></td></tr>
             <tr><td class="first">resources:</td><td class="second"><table summary="resources of pci:1"><tr><td class="sub-first"> irq</td><td>:</td><td>25</td></tr><tr><td class="sub-first"> ioport</td><td>:</td><td>3000(size=4096)</td></tr><tr><td class="sub-first"> memory</td><td>:</td><td>fe800000-fe8fffff</td></tr><tr><td class="sub-first"> ioport</td><td>:</td><td>120200000(size=2097152)</td></tr></table></td></tr>
 </tbody>          </table></div>
<div class="indented">
                          <div class="indented">
             <table width="100%" class="node-disabled" summary="attributes of network">
 <thead><tr><td class="first">id:</td><td class="second"><div class="id">network</div></td></tr></thead>
 <tbody>
                <tr><td class="first">description: </td><td class="second">Wireless interface</td></tr>
                <tr><td class="first">product: </td><td class="second">PRO/Wireless 3945ABG [Golan] Network Connection</td></tr>
                <tr><td class="first">vendor: </td><td class="second">Intel Corporation</td></tr>
                <tr><td class="first">physical id: </td><td class="second"><div class="id">0</div></td></tr>
                <tr><td class="first">bus info: </td><td class="second"><div class="id">pci@0000:0c:00.0</div></td></tr>
                <tr><td class="first">logical name: </td><td class="second"><div class="id">wlp12s0</div></td></tr>
                <tr><td class="first">version: </td><td class="second">02</td></tr>
                <tr><td class="first">serial: </td><td class="second">00:1f:3c:75:87:99</td></tr>
                <tr><td class="first">width: </td><td class="second">32 bits</td></tr>
                <tr><td class="first">clock: </td><td class="second">33MHz</td></tr>
                <tr><td class="first">capabilities: </td><td class="second"><dfn title="Power Management">pm</dfn> <dfn title="Message Signalled Interrupts">msi</dfn> <dfn title="PCI Express">pciexpress</dfn> <dfn title="bus mastering">bus_master</dfn> <dfn title="PCI capabilities listing">cap_list</dfn> <dfn title="">ethernet</dfn> <dfn title="Physical interface">physical</dfn> <dfn title="Wireless-LAN">wireless</dfn> </td></tr>
                <tr><td class="first">configuration:</td><td class="second"><table summary="configuration of network"><tr><td class="sub-first"> broadcast</td><td>=</td><td>yes</td></tr><tr><td class="sub-first"> driver</td><td>=</td><td>iwl3945</td></tr><tr><td class="sub-first"> driverversion</td><td>=</td><td>4.4.0-31-generic</td></tr><tr><td class="sub-first"> firmware</td><td>=</td><td>N/A</td></tr><tr><td class="sub-first"> latency</td><td>=</td><td>0</td></tr><tr><td class="sub-first"> link</td><td>=</td><td>no</td></tr><tr><td class="sub-first"> multicast</td><td>=</td><td>yes</td></tr><tr><td class="sub-first"> wireless</td><td>=</td><td>IEEE 802.11abg</td></tr></table></td></tr>
                <tr><td class="first">resources:</td><td class="second"><table summary="resources of network"><tr><td class="sub-first"> irq</td><td>:</td><td>29</td></tr><tr><td class="sub-first"> memory</td><td>:</td><td>fe8ff000-fe8fffff</td></tr></table></td></tr>
 </tbody>             </table></div>
             </div>
          </div>
<div class="indented">
                    <div class="indented">
          <table width="100%" class="node" summary="attributes of pci:2">
 <thead><tr><td class="first">id:</td><td class="second"><div class="id">pci:2</div></td></tr></thead>
 <tbody>
             <tr><td class="first">description: </td><td class="second">PCI bridge</td></tr>
             <tr><td class="first">product: </td><td class="second">82801H (ICH8 Family) PCI Express Port 6</td></tr>
             <tr><td class="first">vendor: </td><td class="second">Intel Corporation</td></tr>
             <tr><td class="first">physical id: </td><td class="second"><div class="id">1c.5</div></td></tr>
             <tr><td class="first">bus info: </td><td class="second"><div class="id">pci@0000:00:1c.5</div></td></tr>
             <tr><td class="first">version: </td><td class="second">02</td></tr>
             <tr><td class="first">width: </td><td class="second">32 bits</td></tr>
             <tr><td class="first">clock: </td><td class="second">33MHz</td></tr>
             <tr><td class="first">capabilities: </td><td class="second"><dfn title="">pci</dfn> <dfn title="PCI Express">pciexpress</dfn> <dfn title="Message Signalled Interrupts">msi</dfn> <dfn title="Power Management">pm</dfn> <dfn title="">normal_decode</dfn> <dfn title="bus mastering">bus_master</dfn> <dfn title="PCI capabilities listing">cap_list</dfn> </td></tr>
             <tr><td class="first">configuration:</td><td class="second"><table summary="configuration of pci:2"><tr><td class="sub-first"> driver</td><td>=</td><td>pcieport</td></tr></table></td></tr>
             <tr><td class="first">resources:</td><td class="second"><table summary="resources of pci:2"><tr><td class="sub-first"> irq</td><td>:</td><td>26</td></tr><tr><td class="sub-first"> ioport</td><td>:</td><td>4000(size=4096)</td></tr><tr><td class="sub-first"> memory</td><td>:</td><td>fe700000-fe7fffff</td></tr><tr><td class="sub-first"> ioport</td><td>:</td><td>120400000(size=2097152)</td></tr></table></td></tr>
 </tbody>          </table></div>
<div class="indented">
                          <div class="indented">
             <table width="100%" class="node-disabled" summary="attributes of network">
 <thead><tr><td class="first">id:</td><td class="second"><div class="id">network</div></td></tr></thead>
 <tbody>
                <tr><td class="first">description: </td><td class="second">Ethernet interface</td></tr>
                <tr><td class="first">product: </td><td class="second">NetXtreme BCM5755M Gigabit Ethernet PCI Express</td></tr>
                <tr><td class="first">vendor: </td><td class="second">Broadcom Corporation</td></tr>
                <tr><td class="first">physical id: </td><td class="second"><div class="id">0</div></td></tr>
                <tr><td class="first">bus info: </td><td class="second"><div class="id">pci@0000:09:00.0</div></td></tr>
                <tr><td class="first">logical name: </td><td class="second"><div class="id">enp9s0</div></td></tr>
                <tr><td class="first">version: </td><td class="second">02</td></tr>
                <tr><td class="first">serial: </td><td class="second">00:1d:09:d7:97:ce</td></tr>
                <tr><td class="first">capacity: </td><td class="second">1Gbit/s</td></tr>
                <tr><td class="first">width: </td><td class="second">64 bits</td></tr>
                <tr><td class="first">clock: </td><td class="second">33MHz</td></tr>
                <tr><td class="first">capabilities: </td><td class="second"><dfn title="Power Management">pm</dfn> <dfn title="Vital Product Data">vpd</dfn> <dfn title="Message Signalled Interrupts">msi</dfn> <dfn title="PCI Express">pciexpress</dfn> <dfn title="bus mastering">bus_master</dfn> <dfn title="PCI capabilities listing">cap_list</dfn> <dfn title="">ethernet</dfn> <dfn title="Physical interface">physical</dfn> <dfn title="twisted pair">tp</dfn> <dfn title="10Mbit/s">10bt</dfn> <dfn title="10Mbit/s (full duplex)">10bt-fd</dfn> <dfn title="100Mbit/s">100bt</dfn> <dfn title="100Mbit/s (full duplex)">100bt-fd</dfn> <dfn title="1Gbit/s">1000bt</dfn> <dfn title="1Gbit/s (full duplex)">1000bt-fd</dfn> <dfn title="Auto-negotiation">autonegotiation</dfn> </td></tr>
                <tr><td class="first">configuration:</td><td class="second"><table summary="configuration of network"><tr><td class="sub-first"> autonegotiation</td><td>=</td><td>on</td></tr><tr><td class="sub-first"> broadcast</td><td>=</td><td>yes</td></tr><tr><td class="sub-first"> driver</td><td>=</td><td>tg3</td></tr><tr><td class="sub-first"> driverversion</td><td>=</td><td>3.137</td></tr><tr><td class="sub-first"> firmware</td><td>=</td><td>5755m-v3.32</td></tr><tr><td class="sub-first"> latency</td><td>=</td><td>0</td></tr><tr><td class="sub-first"> link</td><td>=</td><td>no</td></tr><tr><td class="sub-first"> multicast</td><td>=</td><td>yes</td></tr><tr><td class="sub-first"> port</td><td>=</td><td>twisted pair</td></tr></table></td></tr>
                <tr><td class="first">resources:</td><td class="second"><table summary="resources of network"><tr><td class="sub-first"> irq</td><td>:</td><td>17</td></tr><tr><td class="sub-first"> memory</td><td>:</td><td>fe7f0000-fe7fffff</td></tr></table></td></tr>
 </tbody>             </table></div>
             </div>
          </div>
<div class="indented">
                    <div class="indented">
          <table width="100%" class="node" summary="attributes of usb:3">
 <thead><tr><td class="first">id:</td><td class="second"><div class="id">usb:3</div></td></tr></thead>
 <tbody>
             <tr><td class="first">description: </td><td class="second">USB controller</td></tr>
             <tr><td class="first">product: </td><td class="second">82801H (ICH8 Family) USB UHCI Controller #1</td></tr>
             <tr><td class="first">vendor: </td><td class="second">Intel Corporation</td></tr>
             <tr><td class="first">physical id: </td><td class="second"><div class="id">1d</div></td></tr>
             <tr><td class="first">bus info: </td><td class="second"><div class="id">pci@0000:00:1d.0</div></td></tr>
             <tr><td class="first">version: </td><td class="second">02</td></tr>
             <tr><td class="first">width: </td><td class="second">32 bits</td></tr>
             <tr><td class="first">clock: </td><td class="second">33MHz</td></tr>
             <tr><td class="first">capabilities: </td><td class="second"><dfn title="Universal Host Controller Interface (USB1)">uhci</dfn> <dfn title="bus mastering">bus_master</dfn> </td></tr>
             <tr><td class="first">configuration:</td><td class="second"><table summary="configuration of usb:3"><tr><td class="sub-first"> driver</td><td>=</td><td>uhci_hcd</td></tr><tr><td class="sub-first"> latency</td><td>=</td><td>0</td></tr></table></td></tr>
             <tr><td class="first">resources:</td><td class="second"><table summary="resources of usb:3"><tr><td class="sub-first"> irq</td><td>:</td><td>20</td></tr><tr><td class="sub-first"> ioport</td><td>:</td><td>6f80(size=32)</td></tr></table></td></tr>
 </tbody>          </table></div>
<div class="indented">
                          <div class="indented">
             <table width="100%" class="node" summary="attributes of usbhost">
 <thead><tr><td class="first">id:</td><td class="second"><div class="id">usbhost</div></td></tr></thead>
 <tbody>
                <tr><td class="first">product: </td><td class="second">UHCI Host Controller</td></tr>
                <tr><td class="first">vendor: </td><td class="second">Linux 4.4.0-31-generic uhci_hcd</td></tr>
                <tr><td class="first">physical id: </td><td class="second"><div class="id">1</div></td></tr>
                <tr><td class="first">bus info: </td><td class="second"><div class="id">usb@5</div></td></tr>
                <tr><td class="first">logical name: </td><td class="second"><div class="id">usb5</div></td></tr>
                <tr><td class="first">version: </td><td class="second">4.04</td></tr>
                <tr><td class="first">capabilities: </td><td class="second"><dfn title="USB 1.1">usb-1.10</dfn> </td></tr>
                <tr><td class="first">configuration:</td><td class="second"><table summary="configuration of usbhost"><tr><td class="sub-first"> driver</td><td>=</td><td>hub</td></tr><tr><td class="sub-first"> slots</td><td>=</td><td>2</td></tr><tr><td class="sub-first"> speed</td><td>=</td><td>12Mbit/s</td></tr></table></td></tr>
 </tbody>             </table></div>
             </div>
          </div>
<div class="indented">
                    <div class="indented">
          <table width="100%" class="node" summary="attributes of usb:4">
 <thead><tr><td class="first">id:</td><td class="second"><div class="id">usb:4</div></td></tr></thead>
 <tbody>
             <tr><td class="first">description: </td><td class="second">USB controller</td></tr>
             <tr><td class="first">product: </td><td class="second">82801H (ICH8 Family) USB UHCI Controller #2</td></tr>
             <tr><td class="first">vendor: </td><td class="second">Intel Corporation</td></tr>
             <tr><td class="first">physical id: </td><td class="second"><div class="id">1d.1</div></td></tr>
             <tr><td class="first">bus info: </td><td class="second"><div class="id">pci@0000:00:1d.1</div></td></tr>
             <tr><td class="first">version: </td><td class="second">02</td></tr>
             <tr><td class="first">width: </td><td class="second">32 bits</td></tr>
             <tr><td class="first">clock: </td><td class="second">33MHz</td></tr>
             <tr><td class="first">capabilities: </td><td class="second"><dfn title="Universal Host Controller Interface (USB1)">uhci</dfn> <dfn title="bus mastering">bus_master</dfn> </td></tr>
             <tr><td class="first">configuration:</td><td class="second"><table summary="configuration of usb:4"><tr><td class="sub-first"> driver</td><td>=</td><td>uhci_hcd</td></tr><tr><td class="sub-first"> latency</td><td>=</td><td>0</td></tr></table></td></tr>
             <tr><td class="first">resources:</td><td class="second"><table summary="resources of usb:4"><tr><td class="sub-first"> irq</td><td>:</td><td>21</td></tr><tr><td class="sub-first"> ioport</td><td>:</td><td>6f60(size=32)</td></tr></table></td></tr>
 </tbody>          </table></div>
<div class="indented">
                          <div class="indented">
             <table width="100%" class="node" summary="attributes of usbhost">
 <thead><tr><td class="first">id:</td><td class="second"><div class="id">usbhost</div></td></tr></thead>
 <tbody>
                <tr><td class="first">product: </td><td class="second">UHCI Host Controller</td></tr>
                <tr><td class="first">vendor: </td><td class="second">Linux 4.4.0-31-generic uhci_hcd</td></tr>
                <tr><td class="first">physical id: </td><td class="second"><div class="id">1</div></td></tr>
                <tr><td class="first">bus info: </td><td class="second"><div class="id">usb@6</div></td></tr>
                <tr><td class="first">logical name: </td><td class="second"><div class="id">usb6</div></td></tr>
                <tr><td class="first">version: </td><td class="second">4.04</td></tr>
                <tr><td class="first">capabilities: </td><td class="second"><dfn title="USB 1.1">usb-1.10</dfn> </td></tr>
                <tr><td class="first">configuration:</td><td class="second"><table summary="configuration of usbhost"><tr><td class="sub-first"> driver</td><td>=</td><td>hub</td></tr><tr><td class="sub-first"> slots</td><td>=</td><td>2</td></tr><tr><td class="sub-first"> speed</td><td>=</td><td>12Mbit/s</td></tr></table></td></tr>
 </tbody>             </table></div>
             </div>
          </div>
<div class="indented">
                    <div class="indented">
          <table width="100%" class="node" summary="attributes of usb:5">
 <thead><tr><td class="first">id:</td><td class="second"><div class="id">usb:5</div></td></tr></thead>
 <tbody>
             <tr><td class="first">description: </td><td class="second">USB controller</td></tr>
             <tr><td class="first">product: </td><td class="second">82801H (ICH8 Family) USB UHCI Controller #3</td></tr>
             <tr><td class="first">vendor: </td><td class="second">Intel Corporation</td></tr>
             <tr><td class="first">physical id: </td><td class="second"><div class="id">1d.2</div></td></tr>
             <tr><td class="first">bus info: </td><td class="second"><div class="id">pci@0000:00:1d.2</div></td></tr>
             <tr><td class="first">version: </td><td class="second">02</td></tr>
             <tr><td class="first">width: </td><td class="second">32 bits</td></tr>
             <tr><td class="first">clock: </td><td class="second">33MHz</td></tr>
             <tr><td class="first">capabilities: </td><td class="second"><dfn title="Universal Host Controller Interface (USB1)">uhci</dfn> <dfn title="bus mastering">bus_master</dfn> </td></tr>
             <tr><td class="first">configuration:</td><td class="second"><table summary="configuration of usb:5"><tr><td class="sub-first"> driver</td><td>=</td><td>uhci_hcd</td></tr><tr><td class="sub-first"> latency</td><td>=</td><td>0</td></tr></table></td></tr>
             <tr><td class="first">resources:</td><td class="second"><table summary="resources of usb:5"><tr><td class="sub-first"> irq</td><td>:</td><td>22</td></tr><tr><td class="sub-first"> ioport</td><td>:</td><td>6f40(size=32)</td></tr></table></td></tr>
 </tbody>          </table></div>
<div class="indented">
                          <div class="indented">
             <table width="100%" class="node" summary="attributes of usbhost">
 <thead><tr><td class="first">id:</td><td class="second"><div class="id">usbhost</div></td></tr></thead>
 <tbody>
                <tr><td class="first">product: </td><td class="second">UHCI Host Controller</td></tr>
                <tr><td class="first">vendor: </td><td class="second">Linux 4.4.0-31-generic uhci_hcd</td></tr>
                <tr><td class="first">physical id: </td><td class="second"><div class="id">1</div></td></tr>
                <tr><td class="first">bus info: </td><td class="second"><div class="id">usb@7</div></td></tr>
                <tr><td class="first">logical name: </td><td class="second"><div class="id">usb7</div></td></tr>
                <tr><td class="first">version: </td><td class="second">4.04</td></tr>
                <tr><td class="first">capabilities: </td><td class="second"><dfn title="USB 1.1">usb-1.10</dfn> </td></tr>
                <tr><td class="first">configuration:</td><td class="second"><table summary="configuration of usbhost"><tr><td class="sub-first"> driver</td><td>=</td><td>hub</td></tr><tr><td class="sub-first"> slots</td><td>=</td><td>2</td></tr><tr><td class="sub-first"> speed</td><td>=</td><td>12Mbit/s</td></tr></table></td></tr>
 </tbody>             </table></div>
             </div>
          </div>
<div class="indented">
                    <div class="indented">
          <table width="100%" class="node" summary="attributes of usb:6">
 <thead><tr><td class="first">id:</td><td class="second"><div class="id">usb:6</div></td></tr></thead>
 <tbody>
             <tr><td class="first">description: </td><td class="second">USB controller</td></tr>
             <tr><td class="first">product: </td><td class="second">82801H (ICH8 Family) USB2 EHCI Controller #1</td></tr>
             <tr><td class="first">vendor: </td><td class="second">Intel Corporation</td></tr>
             <tr><td class="first">physical id: </td><td class="second"><div class="id">1d.7</div></td></tr>
             <tr><td class="first">bus info: </td><td class="second"><div class="id">pci@0000:00:1d.7</div></td></tr>
             <tr><td class="first">version: </td><td class="second">02</td></tr>
             <tr><td class="first">width: </td><td class="second">32 bits</td></tr>
             <tr><td class="first">clock: </td><td class="second">33MHz</td></tr>
             <tr><td class="first">capabilities: </td><td class="second"><dfn title="Power Management">pm</dfn> <dfn title="Debug port">debug</dfn> <dfn title="Enhanced Host Controller Interface (USB2)">ehci</dfn> <dfn title="bus mastering">bus_master</dfn> <dfn title="PCI capabilities listing">cap_list</dfn> </td></tr>
             <tr><td class="first">configuration:</td><td class="second"><table summary="configuration of usb:6"><tr><td class="sub-first"> driver</td><td>=</td><td>ehci-pci</td></tr><tr><td class="sub-first"> latency</td><td>=</td><td>0</td></tr></table></td></tr>
             <tr><td class="first">resources:</td><td class="second"><table summary="resources of usb:6"><tr><td class="sub-first"> irq</td><td>:</td><td>20</td></tr><tr><td class="sub-first"> memory</td><td>:</td><td>fed1c000-fed1c3ff</td></tr></table></td></tr>
 </tbody>          </table></div>
<div class="indented">
                          <div class="indented">
             <table width="100%" class="node" summary="attributes of usbhost">
 <thead><tr><td class="first">id:</td><td class="second"><div class="id">usbhost</div></td></tr></thead>
 <tbody>
                <tr><td class="first">product: </td><td class="second">EHCI Host Controller</td></tr>
                <tr><td class="first">vendor: </td><td class="second">Linux 4.4.0-31-generic ehci_hcd</td></tr>
                <tr><td class="first">physical id: </td><td class="second"><div class="id">1</div></td></tr>
                <tr><td class="first">bus info: </td><td class="second"><div class="id">usb@2</div></td></tr>
                <tr><td class="first">logical name: </td><td class="second"><div class="id">usb2</div></td></tr>
                <tr><td class="first">version: </td><td class="second">4.04</td></tr>
                <tr><td class="first">capabilities: </td><td class="second"><dfn title="USB 2.0">usb-2.00</dfn> </td></tr>
                <tr><td class="first">configuration:</td><td class="second"><table summary="configuration of usbhost"><tr><td class="sub-first"> driver</td><td>=</td><td>hub</td></tr><tr><td class="sub-first"> slots</td><td>=</td><td>6</td></tr><tr><td class="sub-first"> speed</td><td>=</td><td>480Mbit/s</td></tr></table></td></tr>
 </tbody>             </table></div>
             </div>
          </div>
<div class="indented">
                    <div class="indented">
          <table width="100%" class="node" summary="attributes of pci:3">
 <thead><tr><td class="first">id:</td><td class="second"><div class="id">pci:3</div></td></tr></thead>
 <tbody>
             <tr><td class="first">description: </td><td class="second">PCI bridge</td></tr>
             <tr><td class="first">product: </td><td class="second">82801 Mobile PCI Bridge</td></tr>
             <tr><td class="first">vendor: </td><td class="second">Intel Corporation</td></tr>
             <tr><td class="first">physical id: </td><td class="second"><div class="id">1e</div></td></tr>
             <tr><td class="first">bus info: </td><td class="second"><div class="id">pci@0000:00:1e.0</div></td></tr>
             <tr><td class="first">version: </td><td class="second">f2</td></tr>
             <tr><td class="first">width: </td><td class="second">32 bits</td></tr>
             <tr><td class="first">clock: </td><td class="second">33MHz</td></tr>
             <tr><td class="first">capabilities: </td><td class="second"><dfn title="">pci</dfn> <dfn title="">subtractive_decode</dfn> <dfn title="bus mastering">bus_master</dfn> <dfn title="PCI capabilities listing">cap_list</dfn> </td></tr>
             <tr><td class="first">resources:</td><td class="second"><table summary="resources of pci:3"><tr><td class="sub-first"> ioport</td><td>:</td><td>5000(size=4096)</td></tr><tr><td class="sub-first"> memory</td><td>:</td><td>fe600000-fe6fffff</td></tr></table></td></tr>
 </tbody>          </table></div>
<div class="indented">
                          <div class="indented">
             <table width="100%" class="node" summary="attributes of pcmcia">
 <thead><tr><td class="first">id:</td><td class="second"><div class="id">pcmcia</div></td></tr></thead>
 <tbody>
                <tr><td class="first">description: </td><td class="second">CardBus bridge</td></tr>
                <tr><td class="first">product: </td><td class="second">Cardbus bridge</td></tr>
                <tr><td class="first">vendor: </td><td class="second">O2 Micro, Inc.</td></tr>
                <tr><td class="first">physical id: </td><td class="second"><div class="id">1</div></td></tr>
                <tr><td class="first">bus info: </td><td class="second"><div class="id">pci@0000:03:01.0</div></td></tr>
                <tr><td class="first">version: </td><td class="second">21</td></tr>
                <tr><td class="first">width: </td><td class="second">32 bits</td></tr>
                <tr><td class="first">clock: </td><td class="second">33MHz</td></tr>
                <tr><td class="first">capabilities: </td><td class="second"><dfn title="PC-Card (PCMCIA)">pcmcia</dfn> <dfn title="bus mastering">bus_master</dfn> <dfn title="PCI capabilities listing">cap_list</dfn> </td></tr>
                <tr><td class="first">configuration:</td><td class="second"><table summary="configuration of pcmcia"><tr><td class="sub-first"> driver</td><td>=</td><td>yenta_cardbus</td></tr><tr><td class="sub-first"> latency</td><td>=</td><td>176</td></tr><tr><td class="sub-first"> maxlatency</td><td>=</td><td>5</td></tr><tr><td class="sub-first"> mingnt</td><td>=</td><td>192</td></tr></table></td></tr>
                <tr><td class="first">resources:</td><td class="second"><table summary="resources of pcmcia"><tr><td class="sub-first"> irq</td><td>:</td><td>19</td></tr><tr><td class="sub-first"> memory</td><td>:</td><td>f4000000-f4000fff</td></tr><tr><td class="sub-first"> ioport</td><td>:</td><td>5000(size=256)</td></tr><tr><td class="sub-first"> ioport</td><td>:</td><td>5400(size=256)</td></tr><tr><td class="sub-first"> memory</td><td>:</td><td>f0400000-f07fffff</td></tr><tr><td class="sub-first"> memory</td><td>:</td><td>f0800000-f0bfffff</td></tr></table></td></tr>
 </tbody>             </table></div>
             </div>
<div class="indented">
                          <div class="indented">
             <table width="100%" class="node" summary="attributes of firewire">
 <thead><tr><td class="first">id:</td><td class="second"><div class="id">firewire</div></td></tr></thead>
 <tbody>
                <tr><td class="first">description: </td><td class="second">FireWire (IEEE 1394)</td></tr>
                <tr><td class="first">product: </td><td class="second">Firewire (IEEE 1394)</td></tr>
                <tr><td class="first">vendor: </td><td class="second">O2 Micro, Inc.</td></tr>
                <tr><td class="first">physical id: </td><td class="second"><div class="id">1.4</div></td></tr>
                <tr><td class="first">bus info: </td><td class="second"><div class="id">pci@0000:03:01.4</div></td></tr>
                <tr><td class="first">version: </td><td class="second">02</td></tr>
                <tr><td class="first">width: </td><td class="second">32 bits</td></tr>
                <tr><td class="first">clock: </td><td class="second">33MHz</td></tr>
                <tr><td class="first">capabilities: </td><td class="second"><dfn title="Power Management">pm</dfn> <dfn title="Open Host Controller Interface">ohci</dfn> <dfn title="bus mastering">bus_master</dfn> <dfn title="PCI capabilities listing">cap_list</dfn> </td></tr>
                <tr><td class="first">configuration:</td><td class="second"><table summary="configuration of firewire"><tr><td class="sub-first"> driver</td><td>=</td><td>firewire_ohci</td></tr><tr><td class="sub-first"> latency</td><td>=</td><td>64</td></tr></table></td></tr>
                <tr><td class="first">resources:</td><td class="second"><table summary="resources of firewire"><tr><td class="sub-first"> irq</td><td>:</td><td>19</td></tr><tr><td class="sub-first"> memory</td><td>:</td><td>fe6ff000-fe6fffff</td></tr><tr><td class="sub-first"> memory</td><td>:</td><td>fe6fe800-fe6fefff</td></tr></table></td></tr>
 </tbody>             </table></div>
             </div>
          </div>
<div class="indented">
                    <div class="indented">
          <table width="100%" class="node" summary="attributes of isa">
 <thead><tr><td class="first">id:</td><td class="second"><div class="id">isa</div></td></tr></thead>
 <tbody>
             <tr><td class="first">description: </td><td class="second">ISA bridge</td></tr>
             <tr><td class="first">product: </td><td class="second">82801HM (ICH8M) LPC Interface Controller</td></tr>
             <tr><td class="first">vendor: </td><td class="second">Intel Corporation</td></tr>
             <tr><td class="first">physical id: </td><td class="second"><div class="id">1f</div></td></tr>
             <tr><td class="first">bus info: </td><td class="second"><div class="id">pci@0000:00:1f.0</div></td></tr>
             <tr><td class="first">version: </td><td class="second">02</td></tr>
             <tr><td class="first">width: </td><td class="second">32 bits</td></tr>
             <tr><td class="first">clock: </td><td class="second">33MHz</td></tr>
             <tr><td class="first">capabilities: </td><td class="second"><dfn title="">isa</dfn> <dfn title="bus mastering">bus_master</dfn> <dfn title="PCI capabilities listing">cap_list</dfn> </td></tr>
             <tr><td class="first">configuration:</td><td class="second"><table summary="configuration of isa"><tr><td class="sub-first"> driver</td><td>=</td><td>lpc_ich</td></tr><tr><td class="sub-first"> latency</td><td>=</td><td>0</td></tr></table></td></tr>
             <tr><td class="first">resources:</td><td class="second"><table summary="resources of isa"><tr><td class="sub-first"> irq</td><td>:</td><td>0</td></tr></table></td></tr>
 </tbody>          </table></div>
          </div>
<div class="indented">
                    <div class="indented">
          <table width="100%" class="node" summary="attributes of ide:0">
 <thead><tr><td class="first">id:</td><td class="second"><div class="id">ide:0</div></td></tr></thead>
 <tbody>
             <tr><td class="first">description: </td><td class="second">IDE interface</td></tr>
             <tr><td class="first">product: </td><td class="second">82801HM/HEM (ICH8M/ICH8M-E) IDE Controller</td></tr>
             <tr><td class="first">vendor: </td><td class="second">Intel Corporation</td></tr>
             <tr><td class="first">physical id: </td><td class="second"><div class="id">1f.1</div></td></tr>
             <tr><td class="first">bus info: </td><td class="second"><div class="id">pci@0000:00:1f.1</div></td></tr>
             <tr><td class="first">version: </td><td class="second">02</td></tr>
             <tr><td class="first">width: </td><td class="second">32 bits</td></tr>
             <tr><td class="first">clock: </td><td class="second">33MHz</td></tr>
             <tr><td class="first">capabilities: </td><td class="second"><dfn title="">ide</dfn> <dfn title="bus mastering">bus_master</dfn> </td></tr>
             <tr><td class="first">configuration:</td><td class="second"><table summary="configuration of ide:0"><tr><td class="sub-first"> driver</td><td>=</td><td>ata_piix</td></tr><tr><td class="sub-first"> latency</td><td>=</td><td>0</td></tr></table></td></tr>
             <tr><td class="first">resources:</td><td class="second"><table summary="resources of ide:0"><tr><td class="sub-first"> irq</td><td>:</td><td>16</td></tr><tr><td class="sub-first"> ioport</td><td>:</td><td>1f0(size=8)</td></tr><tr><td class="sub-first"> ioport</td><td>:</td><td>3f6</td></tr><tr><td class="sub-first"> ioport</td><td>:</td><td>170(size=8)</td></tr><tr><td class="sub-first"> ioport</td><td>:</td><td>376</td></tr><tr><td class="sub-first"> ioport</td><td>:</td><td>6fa0(size=16)</td></tr></table></td></tr>
 </tbody>          </table></div>
          </div>
<div class="indented">
                    <div class="indented">
          <table width="100%" class="node" summary="attributes of ide:1">
 <thead><tr><td class="first">id:</td><td class="second"><div class="id">ide:1</div></td></tr></thead>
 <tbody>
             <tr><td class="first">description: </td><td class="second">IDE interface</td></tr>
             <tr><td class="first">product: </td><td class="second">82801HM/HEM (ICH8M/ICH8M-E) SATA Controller [IDE mode]</td></tr>
             <tr><td class="first">vendor: </td><td class="second">Intel Corporation</td></tr>
             <tr><td class="first">physical id: </td><td class="second"><div class="id">1f.2</div></td></tr>
             <tr><td class="first">bus info: </td><td class="second"><div class="id">pci@0000:00:1f.2</div></td></tr>
             <tr><td class="first">version: </td><td class="second">02</td></tr>
             <tr><td class="first">width: </td><td class="second">32 bits</td></tr>
             <tr><td class="first">clock: </td><td class="second">66MHz</td></tr>
             <tr><td class="first">capabilities: </td><td class="second"><dfn title="">ide</dfn> <dfn title="Power Management">pm</dfn> <dfn title="bus mastering">bus_master</dfn> <dfn title="PCI capabilities listing">cap_list</dfn> </td></tr>
             <tr><td class="first">configuration:</td><td class="second"><table summary="configuration of ide:1"><tr><td class="sub-first"> driver</td><td>=</td><td>ata_piix</td></tr><tr><td class="sub-first"> latency</td><td>=</td><td>0</td></tr></table></td></tr>
             <tr><td class="first">resources:</td><td class="second"><table summary="resources of ide:1"><tr><td class="sub-first"> irq</td><td>:</td><td>17</td></tr><tr><td class="sub-first"> ioport</td><td>:</td><td>6eb0(size=8)</td></tr><tr><td class="sub-first"> ioport</td><td>:</td><td>6eb8(size=4)</td></tr><tr><td class="sub-first"> ioport</td><td>:</td><td>6ec0(size=8)</td></tr><tr><td class="sub-first"> ioport</td><td>:</td><td>6ec8(size=4)</td></tr><tr><td class="sub-first"> ioport</td><td>:</td><td>6ee0(size=16)</td></tr><tr><td class="sub-first"> ioport</td><td>:</td><td>eff0(size=16)</td></tr></table></td></tr>
 </tbody>          </table></div>
          </div>
<div class="indented">
                    <div class="indented">
          <table width="100%" class="node-unclaimed" summary="attributes of serial">
 <thead><tr><td class="first">id:</td><td class="second"><div class="id">serial</div></td></tr></thead>
 <tbody>
             <tr><td class="first">description: </td><td class="second">SMBus</td></tr>
             <tr><td class="first">product: </td><td class="second">82801H (ICH8 Family) SMBus Controller</td></tr>
             <tr><td class="first">vendor: </td><td class="second">Intel Corporation</td></tr>
             <tr><td class="first">physical id: </td><td class="second"><div class="id">1f.3</div></td></tr>
             <tr><td class="first">bus info: </td><td class="second"><div class="id">pci@0000:00:1f.3</div></td></tr>
             <tr><td class="first">version: </td><td class="second">02</td></tr>
             <tr><td class="first">width: </td><td class="second">32 bits</td></tr>
             <tr><td class="first">clock: </td><td class="second">33MHz</td></tr>
             <tr><td class="first">configuration:</td><td class="second"><table summary="configuration of serial"><tr><td class="sub-first"> latency</td><td>=</td><td>0</td></tr></table></td></tr>
             <tr><td class="first">resources:</td><td class="second"><table summary="resources of serial"><tr><td class="sub-first"> memory</td><td>:</td><td>fe9fbf00-fe9fbfff</td></tr><tr><td class="sub-first"> ioport</td><td>:</td><td>10c0(size=32)</td></tr></table></td></tr>
 </tbody>          </table></div>
          </div>
       </div>
<div class="indented">
              <div class="indented">
       <table width="100%" class="node" summary="attributes of scsi">
 <thead><tr><td class="first">id:</td><td class="second"><div class="id">scsi</div></td></tr></thead>
 <tbody>
          <tr><td class="first">physical id: </td><td class="second"><div class="id">1</div></td></tr>
          <tr><td class="first">logical name: </td><td class="second"><div class="id">scsi0</div></td></tr>
          <tr><td class="first">capabilities: </td><td class="second"><dfn title="Emulated device">emulated</dfn> </td></tr>
 </tbody>       </table></div>
<div class="indented">
                    <div class="indented">
          <table width="100%" class="node" summary="attributes of cdrom">
 <thead><tr><td class="first">id:</td><td class="second"><div class="id">cdrom</div></td></tr></thead>
 <tbody>
             <tr><td class="first">description: </td><td class="second">DVD writer</td></tr>
             <tr><td class="first">product: </td><td class="second">DVD+-RW GSA-T21N</td></tr>
             <tr><td class="first">vendor: </td><td class="second">HL-DT-ST</td></tr>
             <tr><td class="first">physical id: </td><td class="second"><div class="id">0.0.0</div></td></tr>
             <tr><td class="first">bus info: </td><td class="second"><div class="id">scsi@0:0.0.0</div></td></tr>
             <tr><td class="first">logical name: </td><td class="second"><div class="id">/dev/cdrom</div></td></tr>
             <tr><td class="first">logical name: </td><td class="second"><div class="id">/dev/cdrw</div></td></tr>
             <tr><td class="first">logical name: </td><td class="second"><div class="id">/dev/dvd</div></td></tr>
             <tr><td class="first">logical name: </td><td class="second"><div class="id">/dev/dvdrw</div></td></tr>
             <tr><td class="first">logical name: </td><td class="second"><div class="id">/dev/sr0</div></td></tr>
             <tr><td class="first">version: </td><td class="second">A102</td></tr>
             <tr><td class="first">capabilities: </td><td class="second"><dfn title="support is removable">removable</dfn> <dfn title="Audio CD playback">audio</dfn> <dfn title="CD-R burning">cd-r</dfn> <dfn title="CD-RW burning">cd-rw</dfn> <dfn title="DVD playback">dvd</dfn> <dfn title="DVD-R burning">dvd-r</dfn> </td></tr>
             <tr><td class="first">configuration:</td><td class="second"><table summary="configuration of cdrom"><tr><td class="sub-first"> ansiversion</td><td>=</td><td>5</td></tr><tr><td class="sub-first"> status</td><td>=</td><td>nodisc</td></tr></table></td></tr>
 </tbody>          </table></div>
          </div>
       </div>
    </div>
<div class="indented">
        <div class="indented">
    <table width="100%" class="node" summary="attributes of battery">
 <thead><tr><td class="first">id:</td><td class="second"><div class="id">battery</div></td></tr></thead>
 <tbody>
       <tr><td class="first">product: </td><td class="second">DELL TT7100C</td></tr>
       <tr><td class="first">vendor: </td><td class="second">Sanyo</td></tr>
       <tr><td class="first">physical id: </td><td class="second"><div class="id">1</div></td></tr>
       <tr><td class="first">slot: </td><td class="second">Sys. Battery Bay</td></tr>
       <tr><td class="first">capacity: </td><td class="second">52000mWh</td></tr>
       <tr><td class="first">configuration:</td><td class="second"><table summary="configuration of battery"><tr><td class="sub-first"> voltage</td><td>=</td><td>11.1V</td></tr></table></td></tr>
 </tbody>    </table></div>
    </div>
</body>
</html>
