# dmidecode 3.0
Getting SMBIOS data from sysfs.
SMBIOS 2.6 present.

Handle 0x0005, DMI type 16, 15 bytes
Physical Memory Array
	Location: System Board Or Motherboard
	Use: System Memory
	Error Correction Type: None
	Maximum Capacity: 16 GB
	Error Information Handle: Not Provided
	Number Of Devices: 2

Handle 0x0006, DMI type 17, 28 bytes
Memory Device
	Array Handle: 0x0005
	Error Information Handle: Not Provided
	Total Width: 64 bits
	Data Width: 64 bits
	Size: 4096 MB
	Form Factor: SODIMM
	Set: None
	Locator: ChannelA-DIMM0
	Bank Locator: BANK 0
	Type: DDR3
	Type Detail: Synchronous
	Speed: 1333 MHz
	Manufacturer: Samsung
	Serial Number: 001A0F66
	Asset Tag: 9876543210
	Part Number: M471B5273CH0-CH9  
	Rank: Unknown

Handle 0x0008, DMI type 17, 28 bytes
Memory Device
	Array Handle: 0x0005
	Error Information Handle: Not Provided
	Total Width: Unknown
	Data Width: Unknown
	Size: No Module Installed
	Form Factor: DIMM
	Set: None
	Locator: ChannelB-DIMM0
	Bank Locator: BANK 2
	Type: Unknown
	Type Detail: None
	Speed: Unknown
	Manufacturer: Not Specified
	Serial Number: Not Specified
	Asset Tag: 9876543210
	Part Number: Not Specified
	Rank: Unknown

