  *-firmware
       description: BIOS
       vendor: Dell Inc.
       physical id: 0
       version: A06
       date: 05/28/2007
       size: 64KiB
       capacity: 512KiB
       capabilities: isa pci pcmcia pnp upgrade shadowing cdboot bootselect int13floppy720 int5printscreen int9keyboard int14serial int17printer int10video acpi usb agp smartbattery biosbootspecification netboot
  *-cache:0
       description: L1 cache
       physical id: 700
       size: 32KiB
       capacity: 32KiB
       capabilities: internal write-back data
       configuration: level=1
  *-cache:1
       description: L2 cache
       physical id: 701
       size: 4MiB
       capacity: 4MiB
       clock: 66MHz (15.0ns)
       capabilities: pipeline-burst internal varies unified
       configuration: level=2
  *-memory
       description: System Memory
       physical id: 1000
       slot: System board or motherboard
       size: 3GiB
     *-bank:0
          description: DIMM DDR Synchronous 667 MHz (1.5 ns)
          product: KINGSTON
          vendor: Kingston
          physical id: 0
          serial: CE19E745
          slot: DIMM_B
          size: 2GiB
          width: 64 bits
          clock: 667MHz (1.5ns)
     *-bank:1
          description: DIMM DDR Synchronous 533 MHz (1.9 ns)
          product: 64T128021HDL3.7B
          vendor: Infineon (Siemens)
          physical id: 1
          serial: 011C4527
          slot: DIMM_A
          size: 1GiB
          width: 64 bits
          clock: 533MHz (1.9ns)
