Device type    : Removable CD-ROM
Version        : 5
Response Format: 2
Capabilities   : 
Vendor_info    : 'HL-DT-ST'
Identification : 'DVD-ROM GDR-D10N'
Revision       : '1.00'
Device seems to be: Generic mmc2 DVD-ROM.

Drive capabilities, per MMC-2 page 2A:

  Does read CD-R media
  Does not write CD-R media
  Does read CD-RW media
  Does not write CD-RW media
  Does read DVD-ROM media
  Does read DVD-R media
  Does not write DVD-R media
  Does read DVD-RAM media
  Does not write DVD-RAM media
  Does not support test writing

  Does read Mode 2 Form 1 blocks
  Does read Mode 2 Form 2 blocks
  Does read digital audio blocks
  Does restart non-streamed digital audio reads accurately
  Does not support Buffer-Underrun-Free recording
  Does read multi-session CDs
  Does read fixed-packet CD media using Method 2
  Does not read CD bar code
  Does not read R-W subcode information
  Does read raw P-W subcode data from lead in
  Does return CD media catalog number
  Does return CD ISRC information
  Does support C2 error pointers
  Does not deliver composite A/V data

  Does play audio CDs
  Number of volume control levels: 256
  Does support individual volume control setting for each channel
  Does support independent mute setting for each channel
  Does not support digital output on port 1
  Does not support digital output on port 2

  Loading mechanism type: tray
  Does support ejection of CD via START/STOP command
  Does not lock media on power up via prevent jumper
  Does allow media to be locked in the drive via PREVENT/ALLOW command
  Is not currently in a media-locked state
  Does not support changing side of disk
  Does not have load-empty-slot-in-changer feature
  Does not support Individual Disk Present feature

  Maximum read  speed:  4234 kB/s (CD  24x, DVD  3x)
  Current read  speed:  4234 kB/s (CD  24x, DVD  3x)
  Maximum write speed:     0 kB/s (CD   0x, DVD  0x)
  Current write speed:     0 kB/s (CD   0x, DVD  0x)
  Buffer size in KB: 2048
  Copy management revision supported: 1
