  *-cpu
       description: CPU
<<<<<<< HEAD
       product: Intel(R) Core(TM)2 CPU         U7600  @ 1.20GHz
=======
       product: Intel(R) Core(TM)2 Duo CPU     T7500  @ 2.20GHz
>>>>>>> 744a6bdc87eb17efbf071e4a9355748385ada99c
       vendor: Intel Corp.
       physical id: 400
       bus info: cpu@0
       slot: Microprocessor
<<<<<<< HEAD
       size: 800MHz
       capacity: 1200MHz
       width: 64 bits
       clock: 133MHz
       capabilities: x86-64 fpu fpu_exception wp vme de pse tsc msr pae mce cx8 apic sep mtrr pge mca cmov pat pse36 clflush dts acpi mmx fxsr sse sse2 ss ht tm pbe syscall nx constant_tsc arch_perfmon pebs bts rep_good nopl aperfmperf pni dtes64 monitor ds_cpl vmx est tm2 ssse3 cx16 xtpr pdcm lahf_lm tpr_shadow dtherm cpufreq
=======
       size: 2201MHz
       capacity: 2201MHz
       width: 64 bits
       clock: 200MHz
       capabilities: x86-64 fpu fpu_exception wp vme de pse tsc msr pae mce cx8 apic sep mtrr pge mca cmov pat pse36 clflush dts acpi mmx fxsr sse sse2 ss ht tm pbe syscall nx constant_tsc arch_perfmon pebs bts rep_good nopl aperfmperf pni dtes64 monitor ds_cpl vmx est tm2 ssse3 cx16 xtpr pdcm lahf_lm tpr_shadow vnmi flexpriority dtherm ida cpufreq
>>>>>>> 744a6bdc87eb17efbf071e4a9355748385ada99c
       configuration: cores=2 enabledcores=2 threads=2
