# dmidecode 3.0
Getting SMBIOS data from sysfs.
SMBIOS 2.4 present.

Handle 0x1000, DMI type 16, 15 bytes
Physical Memory Array
	Location: System Board Or Motherboard
	Use: System Memory
	Error Correction Type: None
	Maximum Capacity: 4 GB
	Error Information Handle: Not Provided
	Number Of Devices: 2

Handle 0x1100, DMI type 17, 27 bytes
Memory Device
	Array Handle: 0x1000
	Error Information Handle: Not Provided
	Total Width: 64 bits
	Data Width: 64 bits
<<<<<<< HEAD
	Size: 1024 MB
	Form Factor: Chip
	Set: None
	Locator: System Board Memory
	Bank Locator: Not Specified
	Type: DDR
	Type Detail: Synchronous
	Speed: 533 MHz
	Manufacturer: Not Specified
	Serial Number: Not Specified
	Asset Tag: Not Specified
	Part Number: Not Specified
=======
	Size: 2048 MB
	Form Factor: DIMM
	Set: None
	Locator: DIMM_A
	Bank Locator: Not Specified
	Type: DDR
	Type Detail: Synchronous
	Speed: 667 MHz
	Manufacturer: CE00000000000000
	Serial Number: 7831D18D
	Asset Tag: 510816
	Part Number: M4 70T5663QZ3-CE6 
>>>>>>> 744a6bdc87eb17efbf071e4a9355748385ada99c

Handle 0x1101, DMI type 17, 27 bytes
Memory Device
	Array Handle: 0x1000
	Error Information Handle: Not Provided
	Total Width: 64 bits
	Data Width: 64 bits
<<<<<<< HEAD
	Size: 1024 MB
=======
	Size: 2048 MB
>>>>>>> 744a6bdc87eb17efbf071e4a9355748385ada99c
	Form Factor: DIMM
	Set: None
	Locator: DIMM_B
	Bank Locator: Not Specified
	Type: DDR
	Type Detail: Synchronous
	Speed: 667 MHz
<<<<<<< HEAD
	Manufacturer: AD00000000000000
	Serial Number: 04008208
	Asset Tag: 420723
	Part Number: HYMP512S64CP8-Y5  
=======
	Manufacturer: CE00000000000000
	Serial Number: 7831CCD5
	Asset Tag: 510816
	Part Number: M4 70T5663QZ3-CE6 
>>>>>>> 744a6bdc87eb17efbf071e4a9355748385ada99c

