  *-cache:0
       description: L1 cache
       physical id: 2
       slot: L1-Cache
       size: 64KiB
       capacity: 64KiB
       capabilities: synchronous internal write-through data
       configuration: level=1
  *-cache:1
       description: L2 cache
       physical id: 3
       slot: L2-Cache
       size: 256KiB
       capacity: 256KiB
       capabilities: synchronous internal write-through data
       configuration: level=2
  *-cache:2
       description: L3 cache
       physical id: 4
       slot: L3-Cache
       size: 3MiB
       capacity: 3MiB
       capabilities: synchronous internal write-back unified
       configuration: level=3
  *-memory
       description: System Memory
       physical id: 5
       slot: System board or motherboard
       size: 4GiB
     *-bank:0
          description: SODIMM DDR3 Synchronous 1333 MHz (0.8 ns)
          product: M471B5273CH0-CH9
          vendor: Samsung
          physical id: 0
          serial: 001A1106
          slot: ChannelA-DIMM0
          size: 4GiB
          width: 64 bits
          clock: 1333MHz (0.8ns)
     *-bank:1
          description: DIMM [empty]
          physical id: 1
          slot: ChannelB-DIMM0
  *-firmware
       description: BIOS
       vendor: LENOVO
       physical id: e
       version: 8AET46WW (1.26 )
       date: 05/18/2011
       size: 128KiB
       capacity: 8128KiB
       capabilities: pci pnp upgrade shadowing cdboot bootselect edd int13floppy720 int5printscreen int9keyboard int14serial int17printer int10video acpi usb biosbootspecification
